Building DAG of jobs...
Using shell: /bin/bash
Provided cores: 8
Rules claiming more threads will be scaled down.
Job stats:
job                  count
-----------------  -------
convert_index            2
prepare_stripping        1
total                    3

Select jobs to execute...

[Thu Sep 28 12:01:06 2023]
rule convert_index:
    input: /Users/mindaugassarpis/Work/OpenData/release/stripping_pages/processed/stripping21_html/index_clean.html
    output: /Users/mindaugassarpis/Work/OpenData/release/stripping_pages/processed/stripping21/stripping21_index.md
    jobid: 7
    reason: Missing output files: /Users/mindaugassarpis/Work/OpenData/release/stripping_pages/processed/stripping21/stripping21_index.md
    wildcards: version=stripping21
    resources: tmpdir=/var/folders/45/mg69sv5j77930c4g6fztkg5w0000gn/T


[Thu Sep 28 12:01:06 2023]
rule convert_index:
    input: /Users/mindaugassarpis/Work/OpenData/release/stripping_pages/processed/stripping21r1_html/index_clean.html
    output: /Users/mindaugassarpis/Work/OpenData/release/stripping_pages/processed/stripping21r1/stripping21r1_index.md
    jobid: 8
    reason: Missing output files: /Users/mindaugassarpis/Work/OpenData/release/stripping_pages/processed/stripping21r1/stripping21r1_index.md
    wildcards: version=stripping21r1
    resources: tmpdir=/var/folders/45/mg69sv5j77930c4g6fztkg5w0000gn/T

[Thu Sep 28 12:01:06 2023]
Finished job 8.
1 of 3 steps (33%) done
[Thu Sep 28 12:01:06 2023]
Finished job 7.
2 of 3 steps (67%) done
Select jobs to execute...

[Thu Sep 28 12:01:06 2023]
localrule prepare_stripping:
    input: /Users/mindaugassarpis/Work/OpenData/release/stripping_pages/raw/stripping21/index.html, /Users/mindaugassarpis/Work/OpenData/release/stripping_pages/raw/stripping21r1/index.html, /Users/mindaugassarpis/Work/OpenData/release/stripping_pages/processed/stripping21_html/index.html, /Users/mindaugassarpis/Work/OpenData/release/stripping_pages/processed/stripping21r1_html/index.html, /Users/mindaugassarpis/Work/OpenData/release/stripping_pages/processed/stripping21_html/index_clean.html, /Users/mindaugassarpis/Work/OpenData/release/stripping_pages/processed/stripping21r1_html/index_clean.html, /Users/mindaugassarpis/Work/OpenData/release/stripping_pages/processed/stripping21/stripping21_index.md, /Users/mindaugassarpis/Work/OpenData/release/stripping_pages/processed/stripping21r1/stripping21r1_index.md
    jobid: 0
    reason: Input files updated by another job: /Users/mindaugassarpis/Work/OpenData/release/stripping_pages/processed/stripping21r1/stripping21r1_index.md, /Users/mindaugassarpis/Work/OpenData/release/stripping_pages/processed/stripping21/stripping21_index.md
    resources: tmpdir=/var/folders/45/mg69sv5j77930c4g6fztkg5w0000gn/T

[Thu Sep 28 12:01:06 2023]
Finished job 0.
3 of 3 steps (100%) done
Complete log: .snakemake/log/2023-09-28T120106.307252.snakemake.log
