Building DAG of jobs...
Using shell: /bin/bash
Provided cores: 8
Rules claiming more threads will be scaled down.
Job stats:
job                  count
-----------------  -------
convert_index            1
create_json_files        2
prepare_stripping        1
total                    4

Select jobs to execute...

[Mon Oct 23 12:22:22 2023]
rule create_json_files:
    input: ../../release/stripping_pages/processed, create_json_files.py, ../../release/stripping_pages/temp/stripping21/commonparticles/success.txt
    output: ../../release/stripping_pages/temp/json_success_stripping21_commonparticles.txt
    jobid: 6
    reason: Missing output files: ../../release/stripping_pages/temp/json_success_stripping21_commonparticles.txt
    wildcards: version=stripping21, stream=commonparticles
    resources: tmpdir=/var/folders/45/mg69sv5j77930c4g6fztkg5w0000gn/T


[Mon Oct 23 12:22:22 2023]
rule convert_index:
    input: ../../release/stripping_pages/temp/stripping21/clean_index.html
    output: ../../release/stripping_pages/processed/stripping21/stripping21-index.md
    jobid: 2
    reason: Missing output files: ../../release/stripping_pages/processed/stripping21/stripping21-index.md
    wildcards: version=stripping21
    resources: tmpdir=/var/folders/45/mg69sv5j77930c4g6fztkg5w0000gn/T


[Mon Oct 23 12:22:22 2023]
rule create_json_files:
    input: ../../release/stripping_pages/processed, create_json_files.py, ../../release/stripping_pages/temp/stripping21/ew/success.txt
    output: ../../release/stripping_pages/temp/json_success_stripping21_ew.txt
    jobid: 5
    reason: Missing output files: ../../release/stripping_pages/temp/json_success_stripping21_ew.txt
    wildcards: version=stripping21, stream=ew
    resources: tmpdir=/var/folders/45/mg69sv5j77930c4g6fztkg5w0000gn/T

[Mon Oct 23 12:22:22 2023]
Error in rule create_json_files:
    jobid: 6
    input: ../../release/stripping_pages/processed, create_json_files.py, ../../release/stripping_pages/temp/stripping21/commonparticles/success.txt
    output: ../../release/stripping_pages/temp/json_success_stripping21_commonparticles.txt
    shell:
        
        python3 create_json_files.py                     --input_path ../../release/stripping_pages/processed            --version stripping21              --stream commonparticles                && touch ../../release/stripping_pages/temp/json_success_stripping21_commonparticles.txt
        
        (one of the commands exited with non-zero exit code; note that snakemake uses bash strict mode!)

[Mon Oct 23 12:22:22 2023]
Error in rule create_json_files:
    jobid: 5
    input: ../../release/stripping_pages/processed, create_json_files.py, ../../release/stripping_pages/temp/stripping21/ew/success.txt
    output: ../../release/stripping_pages/temp/json_success_stripping21_ew.txt
    shell:
        
        python3 create_json_files.py                     --input_path ../../release/stripping_pages/processed            --version stripping21              --stream ew                && touch ../../release/stripping_pages/temp/json_success_stripping21_ew.txt
        
        (one of the commands exited with non-zero exit code; note that snakemake uses bash strict mode!)

[Mon Oct 23 12:22:22 2023]
Finished job 2.
1 of 4 steps (25%) done
Shutting down, this might take some time.
Exiting because a job execution failed. Look above for error message
Complete log: .snakemake/log/2023-10-23T122221.730858.snakemake.log
