Building DAG of jobs...
Using shell: /bin/bash
Provided cores: 8
Rules claiming more threads will be scaled down.
Job stats:
job                   count
------------------  -------
list_raw_stripping        1
prepare_stripping         1
total                     2

Select jobs to execute...

[Thu Oct  5 17:44:05 2023]
rule list_raw_stripping:
    output: /Users/mindaugassarpis/Work/OpenData/release/stripping_pages/raw/lists/line_list_stripping21_radiative.txt
    jobid: 2
    reason: Missing output files: /Users/mindaugassarpis/Work/OpenData/release/stripping_pages/raw/lists/line_list_stripping21_radiative.txt
    wildcards: version=stripping21, stream=radiative
    resources: tmpdir=/var/folders/45/mg69sv5j77930c4g6fztkg5w0000gn/T

[Thu Oct  5 17:44:06 2023]
Finished job 2.
1 of 2 steps (50%) done
Select jobs to execute...

[Thu Oct  5 17:44:06 2023]
localrule prepare_stripping:
    input: /Users/mindaugassarpis/Work/OpenData/release/stripping_pages/raw/lists/line_list_stripping21_leptonic.txt, /Users/mindaugassarpis/Work/OpenData/release/stripping_pages/raw/lists/line_list_stripping21_radiative.txt, /Users/mindaugassarpis/Work/OpenData/release/stripping_pages/raw/lists/line_list_stripping21_commonparticles.txt, /Users/mindaugassarpis/Work/OpenData/release/stripping_pages/raw/lists/line_list_stripping21r0p1_leptonic.txt, /Users/mindaugassarpis/Work/OpenData/release/stripping_pages/raw/lists/line_list_stripping21r0p1_commonparticles.txt
    jobid: 0
    reason: Input files updated by another job: /Users/mindaugassarpis/Work/OpenData/release/stripping_pages/raw/lists/line_list_stripping21_radiative.txt
    resources: tmpdir=/var/folders/45/mg69sv5j77930c4g6fztkg5w0000gn/T

[Thu Oct  5 17:44:06 2023]
Finished job 0.
2 of 2 steps (100%) done
Complete log: .snakemake/log/2023-10-05T174405.502470.snakemake.log
