Building DAG of jobs...
Using shell: /bin/bash
Provided cores: 8
Rules claiming more threads will be scaled down.
Job stats:
job                  count
-----------------  -------
clean_index              6
convert_index            6
prepare_stripping        1
total                   13

Select jobs to execute...

[Fri Oct 20 13:34:06 2023]
rule clean_index:
    input: ../../config.yaml, clean_index.py, /Users/mindaugassarpis/Work/StrippingPages/stripping21/index.html
    output: ../../release/stripping_pages/temp/stripping21/clean_index.html
    jobid: 1
    reason: Updated input files: ../../config.yaml
    wildcards: version=stripping21
    resources: tmpdir=/var/folders/45/mg69sv5j77930c4g6fztkg5w0000gn/T


[Fri Oct 20 13:34:06 2023]
rule clean_index:
    input: ../../config.yaml, clean_index.py, /Users/mindaugassarpis/Work/StrippingPages/stripping21r1/index.html
    output: ../../release/stripping_pages/temp/stripping21r1/clean_index.html
    jobid: 4
    reason: Missing output files: ../../release/stripping_pages/temp/stripping21r1/clean_index.html
    wildcards: version=stripping21r1
    resources: tmpdir=/var/folders/45/mg69sv5j77930c4g6fztkg5w0000gn/T


[Fri Oct 20 13:34:06 2023]
rule clean_index:
    input: ../../config.yaml, clean_index.py, /Users/mindaugassarpis/Work/StrippingPages/stripping21r1p2/index.html
    output: ../../release/stripping_pages/temp/stripping21r1p2/clean_index.html
    jobid: 6
    reason: Missing output files: ../../release/stripping_pages/temp/stripping21r1p2/clean_index.html
    wildcards: version=stripping21r1p2
    resources: tmpdir=/var/folders/45/mg69sv5j77930c4g6fztkg5w0000gn/T


[Fri Oct 20 13:34:06 2023]
rule clean_index:
    input: ../../config.yaml, clean_index.py, /Users/mindaugassarpis/Work/StrippingPages/stripping21r0p1/index.html
    output: ../../release/stripping_pages/temp/stripping21r0p1/clean_index.html
    jobid: 2
    reason: Missing output files: ../../release/stripping_pages/temp/stripping21r0p1/clean_index.html
    wildcards: version=stripping21r0p1
    resources: tmpdir=/var/folders/45/mg69sv5j77930c4g6fztkg5w0000gn/T


[Fri Oct 20 13:34:06 2023]
rule clean_index:
    input: ../../config.yaml, clean_index.py, /Users/mindaugassarpis/Work/StrippingPages/stripping21r0p2/index.html
    output: ../../release/stripping_pages/temp/stripping21r0p2/clean_index.html
    jobid: 3
    reason: Missing output files: ../../release/stripping_pages/temp/stripping21r0p2/clean_index.html
    wildcards: version=stripping21r0p2
    resources: tmpdir=/var/folders/45/mg69sv5j77930c4g6fztkg5w0000gn/T


[Fri Oct 20 13:34:06 2023]
rule clean_index:
    input: ../../config.yaml, clean_index.py, /Users/mindaugassarpis/Work/StrippingPages/stripping21r1p1/index.html
    output: ../../release/stripping_pages/temp/stripping21r1p1/clean_index.html
    jobid: 5
    reason: Missing output files: ../../release/stripping_pages/temp/stripping21r1p1/clean_index.html
    wildcards: version=stripping21r1p1
    resources: tmpdir=/var/folders/45/mg69sv5j77930c4g6fztkg5w0000gn/T

[Fri Oct 20 13:34:06 2023]
Finished job 5.
1 of 13 steps (8%) done
Select jobs to execute...

[Fri Oct 20 13:34:06 2023]
rule convert_index:
    input: ../../release/stripping_pages/temp/stripping21r1p1/clean_index.html
    output: ../../release/stripping_pages/processed/stripping21r1p1/stripping21r1p1-index.md
    jobid: 11
    reason: Input files updated by another job: ../../release/stripping_pages/temp/stripping21r1p1/clean_index.html
    wildcards: version=stripping21r1p1
    resources: tmpdir=/var/folders/45/mg69sv5j77930c4g6fztkg5w0000gn/T

[Fri Oct 20 13:34:06 2023]
Finished job 2.
2 of 13 steps (15%) done
Select jobs to execute...

[Fri Oct 20 13:34:06 2023]
rule convert_index:
    input: ../../release/stripping_pages/temp/stripping21r0p1/clean_index.html
    output: ../../release/stripping_pages/processed/stripping21r0p1/stripping21r0p1-index.md
    jobid: 8
    reason: Input files updated by another job: ../../release/stripping_pages/temp/stripping21r0p1/clean_index.html
    wildcards: version=stripping21r0p1
    resources: tmpdir=/var/folders/45/mg69sv5j77930c4g6fztkg5w0000gn/T

[Fri Oct 20 13:34:06 2023]
Finished job 6.
3 of 13 steps (23%) done
Select jobs to execute...

[Fri Oct 20 13:34:06 2023]
rule convert_index:
    input: ../../release/stripping_pages/temp/stripping21r1p2/clean_index.html
    output: ../../release/stripping_pages/processed/stripping21r1p2/stripping21r1p2-index.md
    jobid: 12
    reason: Input files updated by another job: ../../release/stripping_pages/temp/stripping21r1p2/clean_index.html
    wildcards: version=stripping21r1p2
    resources: tmpdir=/var/folders/45/mg69sv5j77930c4g6fztkg5w0000gn/T

[Fri Oct 20 13:34:07 2023]
Finished job 3.
4 of 13 steps (31%) done
Select jobs to execute...

[Fri Oct 20 13:34:07 2023]
rule convert_index:
    input: ../../release/stripping_pages/temp/stripping21r0p2/clean_index.html
    output: ../../release/stripping_pages/processed/stripping21r0p2/stripping21r0p2-index.md
    jobid: 9
    reason: Input files updated by another job: ../../release/stripping_pages/temp/stripping21r0p2/clean_index.html
    wildcards: version=stripping21r0p2
    resources: tmpdir=/var/folders/45/mg69sv5j77930c4g6fztkg5w0000gn/T

[Fri Oct 20 13:34:07 2023]
Finished job 1.
5 of 13 steps (38%) done
Select jobs to execute...

[Fri Oct 20 13:34:07 2023]
rule convert_index:
    input: ../../release/stripping_pages/temp/stripping21/clean_index.html
    output: ../../release/stripping_pages/processed/stripping21/stripping21-index.md
    jobid: 7
    reason: Input files updated by another job: ../../release/stripping_pages/temp/stripping21/clean_index.html
    wildcards: version=stripping21
    resources: tmpdir=/var/folders/45/mg69sv5j77930c4g6fztkg5w0000gn/T

[Fri Oct 20 13:34:07 2023]
Finished job 4.
6 of 13 steps (46%) done
Select jobs to execute...

[Fri Oct 20 13:34:07 2023]
rule convert_index:
    input: ../../release/stripping_pages/temp/stripping21r1/clean_index.html
    output: ../../release/stripping_pages/processed/stripping21r1/stripping21r1-index.md
    jobid: 10
    reason: Input files updated by another job: ../../release/stripping_pages/temp/stripping21r1/clean_index.html
    wildcards: version=stripping21r1
    resources: tmpdir=/var/folders/45/mg69sv5j77930c4g6fztkg5w0000gn/T

[Fri Oct 20 13:34:07 2023]
Finished job 8.
7 of 13 steps (54%) done
[Fri Oct 20 13:34:07 2023]
Finished job 11.
8 of 13 steps (62%) done
[Fri Oct 20 13:34:07 2023]
Finished job 12.
9 of 13 steps (69%) done
[Fri Oct 20 13:34:07 2023]
Finished job 9.
10 of 13 steps (77%) done
[Fri Oct 20 13:34:07 2023]
Finished job 7.
11 of 13 steps (85%) done
[Fri Oct 20 13:34:07 2023]
Finished job 10.
12 of 13 steps (92%) done
Select jobs to execute...

[Fri Oct 20 13:34:07 2023]
localrule prepare_stripping:
    input: ../../release/stripping_pages/temp/stripping21/clean_index.html, ../../release/stripping_pages/temp/stripping21r0p1/clean_index.html, ../../release/stripping_pages/temp/stripping21r0p2/clean_index.html, ../../release/stripping_pages/temp/stripping21r1/clean_index.html, ../../release/stripping_pages/temp/stripping21r1p1/clean_index.html, ../../release/stripping_pages/temp/stripping21r1p2/clean_index.html, ../../release/stripping_pages/processed/stripping21/stripping21-index.md, ../../release/stripping_pages/processed/stripping21r0p1/stripping21r0p1-index.md, ../../release/stripping_pages/processed/stripping21r0p2/stripping21r0p2-index.md, ../../release/stripping_pages/processed/stripping21r1/stripping21r1-index.md, ../../release/stripping_pages/processed/stripping21r1p1/stripping21r1p1-index.md, ../../release/stripping_pages/processed/stripping21r1p2/stripping21r1p2-index.md
    jobid: 0
    reason: Input files updated by another job: ../../release/stripping_pages/processed/stripping21r1p2/stripping21r1p2-index.md, ../../release/stripping_pages/temp/stripping21r1p1/clean_index.html, ../../release/stripping_pages/processed/stripping21r0p2/stripping21r0p2-index.md, ../../release/stripping_pages/temp/stripping21r0p1/clean_index.html, ../../release/stripping_pages/processed/stripping21r1p1/stripping21r1p1-index.md, ../../release/stripping_pages/processed/stripping21r0p1/stripping21r0p1-index.md, ../../release/stripping_pages/temp/stripping21r1/clean_index.html, ../../release/stripping_pages/temp/stripping21/clean_index.html, ../../release/stripping_pages/processed/stripping21r1/stripping21r1-index.md, ../../release/stripping_pages/processed/stripping21/stripping21-index.md, ../../release/stripping_pages/temp/stripping21r1p2/clean_index.html, ../../release/stripping_pages/temp/stripping21r0p2/clean_index.html
    resources: tmpdir=/var/folders/45/mg69sv5j77930c4g6fztkg5w0000gn/T

[Fri Oct 20 13:34:07 2023]
Finished job 0.
13 of 13 steps (100%) done
Complete log: .snakemake/log/2023-10-20T133405.727299.snakemake.log
