Building DAG of jobs...
Using shell: /bin/bash
Provided cores: 8
Rules claiming more threads will be scaled down.
Job stats:
job                      count
---------------------  -------
clean_index                  6
clean_stripping_pages       51
convert_index                6
create_json_files           51
prepare_stripping            1
total                      115

Select jobs to execute...

[Sat Oct 21 00:08:47 2023]
rule clean_stripping_pages:
    input: /Users/mindaugassarpis/Work/StrippingPages/stripping21r1/bhadron, single_clean_stripping_page.py
    output: ../../release/stripping_pages/processed/stripping21r1/bhadron, ../../release/stripping_pages/temp/stripping21r1/bhadron, ../../release/stripping_pages/temp/stripping21r1/bhadron/success.txt
    jobid: 44
    reason: Missing output files: ../../release/stripping_pages/temp/stripping21r1/bhadron/success.txt
    wildcards: version=stripping21r1, stream=bhadron
    resources: tmpdir=/var/folders/45/mg69sv5j77930c4g6fztkg5w0000gn/T


[Sat Oct 21 00:08:47 2023]
rule clean_stripping_pages:
    input: /Users/mindaugassarpis/Work/StrippingPages/stripping21/bhadron, single_clean_stripping_page.py
    output: ../../release/stripping_pages/processed/stripping21/bhadron, ../../release/stripping_pages/temp/stripping21/bhadron, ../../release/stripping_pages/temp/stripping21/bhadron/success.txt
    jobid: 16
    reason: Missing output files: ../../release/stripping_pages/temp/stripping21/bhadron/success.txt
    wildcards: version=stripping21, stream=bhadron
    resources: tmpdir=/var/folders/45/mg69sv5j77930c4g6fztkg5w0000gn/T


[Sat Oct 21 00:08:47 2023]
rule clean_index:
    input: ../../config.yaml, clean_index.py, /Users/mindaugassarpis/Work/StrippingPages/stripping21r0p1/index.html
    output: ../../release/stripping_pages/temp/stripping21r0p1/clean_index.html
    jobid: 2
    reason: Updated input files: ../../config.yaml
    wildcards: version=stripping21r0p1
    resources: tmpdir=/var/folders/45/mg69sv5j77930c4g6fztkg5w0000gn/T


[Sat Oct 21 00:08:47 2023]
rule clean_index:
    input: ../../config.yaml, clean_index.py, /Users/mindaugassarpis/Work/StrippingPages/stripping21r0p2/index.html
    output: ../../release/stripping_pages/temp/stripping21r0p2/clean_index.html
    jobid: 3
    reason: Missing output files: ../../release/stripping_pages/temp/stripping21r0p2/clean_index.html
    wildcards: version=stripping21r0p2
    resources: tmpdir=/var/folders/45/mg69sv5j77930c4g6fztkg5w0000gn/T


[Sat Oct 21 00:08:47 2023]
rule clean_index:
    input: ../../config.yaml, clean_index.py, /Users/mindaugassarpis/Work/StrippingPages/stripping21r1/index.html
    output: ../../release/stripping_pages/temp/stripping21r1/clean_index.html
    jobid: 4
    reason: Missing output files: ../../release/stripping_pages/temp/stripping21r1/clean_index.html
    wildcards: version=stripping21r1
    resources: tmpdir=/var/folders/45/mg69sv5j77930c4g6fztkg5w0000gn/T


[Sat Oct 21 00:08:47 2023]
rule clean_index:
    input: ../../config.yaml, clean_index.py, /Users/mindaugassarpis/Work/StrippingPages/stripping21r1p1/index.html
    output: ../../release/stripping_pages/temp/stripping21r1p1/clean_index.html
    jobid: 5
    reason: Missing output files: ../../release/stripping_pages/temp/stripping21r1p1/clean_index.html
    wildcards: version=stripping21r1p1
    resources: tmpdir=/var/folders/45/mg69sv5j77930c4g6fztkg5w0000gn/T


[Sat Oct 21 00:08:47 2023]
rule clean_index:
    input: ../../config.yaml, clean_index.py, /Users/mindaugassarpis/Work/StrippingPages/stripping21r1p2/index.html
    output: ../../release/stripping_pages/temp/stripping21r1p2/clean_index.html
    jobid: 6
    reason: Missing output files: ../../release/stripping_pages/temp/stripping21r1p2/clean_index.html
    wildcards: version=stripping21r1p2
    resources: tmpdir=/var/folders/45/mg69sv5j77930c4g6fztkg5w0000gn/T


[Sat Oct 21 00:08:47 2023]
rule clean_index:
    input: ../../config.yaml, clean_index.py, /Users/mindaugassarpis/Work/StrippingPages/stripping21/index.html
    output: ../../release/stripping_pages/temp/stripping21/clean_index.html
    jobid: 1
    reason: Updated input files: ../../config.yaml
    wildcards: version=stripping21
    resources: tmpdir=/var/folders/45/mg69sv5j77930c4g6fztkg5w0000gn/T

[Sat Oct 21 00:08:48 2023]
Finished job 2.
1 of 115 steps (1%) done
Select jobs to execute...

[Sat Oct 21 00:08:48 2023]
rule convert_index:
    input: ../../release/stripping_pages/temp/stripping21r0p1/clean_index.html
    output: ../../release/stripping_pages/processed/stripping21r0p1/stripping21r0p1-index.md
    jobid: 8
    reason: Input files updated by another job: ../../release/stripping_pages/temp/stripping21r0p1/clean_index.html
    wildcards: version=stripping21r0p1
    resources: tmpdir=/var/folders/45/mg69sv5j77930c4g6fztkg5w0000gn/T

[Sat Oct 21 00:08:48 2023]
Finished job 5.
2 of 115 steps (2%) done
Select jobs to execute...

[Sat Oct 21 00:08:48 2023]
rule convert_index:
    input: ../../release/stripping_pages/temp/stripping21r1p1/clean_index.html
    output: ../../release/stripping_pages/processed/stripping21r1p1/stripping21r1p1-index.md
    jobid: 11
    reason: Missing output files: ../../release/stripping_pages/processed/stripping21r1p1/stripping21r1p1-index.md; Input files updated by another job: ../../release/stripping_pages/temp/stripping21r1p1/clean_index.html
    wildcards: version=stripping21r1p1
    resources: tmpdir=/var/folders/45/mg69sv5j77930c4g6fztkg5w0000gn/T

[Sat Oct 21 00:08:48 2023]
Finished job 3.
3 of 115 steps (3%) done
Select jobs to execute...

[Sat Oct 21 00:08:48 2023]
rule convert_index:
    input: ../../release/stripping_pages/temp/stripping21r0p2/clean_index.html
    output: ../../release/stripping_pages/processed/stripping21r0p2/stripping21r0p2-index.md
    jobid: 9
    reason: Missing output files: ../../release/stripping_pages/processed/stripping21r0p2/stripping21r0p2-index.md; Input files updated by another job: ../../release/stripping_pages/temp/stripping21r0p2/clean_index.html
    wildcards: version=stripping21r0p2
    resources: tmpdir=/var/folders/45/mg69sv5j77930c4g6fztkg5w0000gn/T

[Sat Oct 21 00:08:48 2023]
Finished job 6.
4 of 115 steps (3%) done
Select jobs to execute...

[Sat Oct 21 00:08:48 2023]
rule convert_index:
    input: ../../release/stripping_pages/temp/stripping21r1p2/clean_index.html
    output: ../../release/stripping_pages/processed/stripping21r1p2/stripping21r1p2-index.md
    jobid: 12
    reason: Missing output files: ../../release/stripping_pages/processed/stripping21r1p2/stripping21r1p2-index.md; Input files updated by another job: ../../release/stripping_pages/temp/stripping21r1p2/clean_index.html
    wildcards: version=stripping21r1p2
    resources: tmpdir=/var/folders/45/mg69sv5j77930c4g6fztkg5w0000gn/T

[Sat Oct 21 00:08:48 2023]
Finished job 8.
5 of 115 steps (4%) done
Select jobs to execute...

[Sat Oct 21 00:08:48 2023]
rule clean_stripping_pages:
    input: /Users/mindaugassarpis/Work/StrippingPages/stripping21r1p2/bhadron, single_clean_stripping_page.py
    output: ../../release/stripping_pages/processed/stripping21r1p2/bhadron, ../../release/stripping_pages/temp/stripping21r1p2/bhadron, ../../release/stripping_pages/temp/stripping21r1p2/bhadron/success.txt
    jobid: 62
    reason: Missing output files: ../../release/stripping_pages/temp/stripping21r1p2/bhadron/success.txt
    wildcards: version=stripping21r1p2, stream=bhadron
    resources: tmpdir=/var/folders/45/mg69sv5j77930c4g6fztkg5w0000gn/T

[Sat Oct 21 00:08:48 2023]
Finished job 11.
6 of 115 steps (5%) done
Select jobs to execute...

[Sat Oct 21 00:08:48 2023]
rule clean_stripping_pages:
    input: /Users/mindaugassarpis/Work/StrippingPages/stripping21r0p2/bhadron, single_clean_stripping_page.py
    output: ../../release/stripping_pages/processed/stripping21r0p2/bhadron, ../../release/stripping_pages/temp/stripping21r0p2/bhadron, ../../release/stripping_pages/temp/stripping21r0p2/bhadron/success.txt
    jobid: 34
    reason: Missing output files: ../../release/stripping_pages/temp/stripping21r0p2/bhadron/success.txt
    wildcards: version=stripping21r0p2, stream=bhadron
    resources: tmpdir=/var/folders/45/mg69sv5j77930c4g6fztkg5w0000gn/T

[Sat Oct 21 00:08:49 2023]
Finished job 4.
7 of 115 steps (6%) done
Select jobs to execute...

[Sat Oct 21 00:08:49 2023]
rule convert_index:
    input: ../../release/stripping_pages/temp/stripping21r1/clean_index.html
    output: ../../release/stripping_pages/processed/stripping21r1/stripping21r1-index.md
    jobid: 10
    reason: Missing output files: ../../release/stripping_pages/processed/stripping21r1/stripping21r1-index.md; Input files updated by another job: ../../release/stripping_pages/temp/stripping21r1/clean_index.html
    wildcards: version=stripping21r1
    resources: tmpdir=/var/folders/45/mg69sv5j77930c4g6fztkg5w0000gn/T

[Sat Oct 21 00:08:49 2023]
Finished job 1.
8 of 115 steps (7%) done
Select jobs to execute...

[Sat Oct 21 00:08:49 2023]
rule convert_index:
    input: ../../release/stripping_pages/temp/stripping21/clean_index.html
    output: ../../release/stripping_pages/processed/stripping21/stripping21-index.md
    jobid: 7
    reason: Input files updated by another job: ../../release/stripping_pages/temp/stripping21/clean_index.html
    wildcards: version=stripping21
    resources: tmpdir=/var/folders/45/mg69sv5j77930c4g6fztkg5w0000gn/T

[Sat Oct 21 00:08:49 2023]
Finished job 9.
9 of 115 steps (8%) done
Select jobs to execute...

[Sat Oct 21 00:08:49 2023]
rule clean_stripping_pages:
    input: /Users/mindaugassarpis/Work/StrippingPages/stripping21r1p1/bhadron, single_clean_stripping_page.py
    output: ../../release/stripping_pages/processed/stripping21r1p1/bhadron, ../../release/stripping_pages/temp/stripping21r1p1/bhadron, ../../release/stripping_pages/temp/stripping21r1p1/bhadron/success.txt
    jobid: 53
    reason: Missing output files: ../../release/stripping_pages/temp/stripping21r1p1/bhadron/success.txt
    wildcards: version=stripping21r1p1, stream=bhadron
    resources: tmpdir=/var/folders/45/mg69sv5j77930c4g6fztkg5w0000gn/T

[Sat Oct 21 00:08:49 2023]
Finished job 12.
10 of 115 steps (9%) done
Select jobs to execute...

[Sat Oct 21 00:08:49 2023]
rule clean_stripping_pages:
    input: /Users/mindaugassarpis/Work/StrippingPages/stripping21r0p1/bhadron, single_clean_stripping_page.py
    output: ../../release/stripping_pages/processed/stripping21r0p1/bhadron, ../../release/stripping_pages/temp/stripping21r0p1/bhadron, ../../release/stripping_pages/temp/stripping21r0p1/bhadron/success.txt
    jobid: 25
    reason: Missing output files: ../../release/stripping_pages/temp/stripping21r0p1/bhadron/success.txt
    wildcards: version=stripping21r0p1, stream=bhadron
    resources: tmpdir=/var/folders/45/mg69sv5j77930c4g6fztkg5w0000gn/T

[Sat Oct 21 00:08:50 2023]
Finished job 10.
11 of 115 steps (10%) done
Select jobs to execute...

[Sat Oct 21 00:08:50 2023]
rule clean_stripping_pages:
    input: /Users/mindaugassarpis/Work/StrippingPages/stripping21r1/charm, single_clean_stripping_page.py
    output: ../../release/stripping_pages/processed/stripping21r1/charm, ../../release/stripping_pages/temp/stripping21r1/charm, ../../release/stripping_pages/temp/stripping21r1/charm/success.txt
    jobid: 46
    reason: Missing output files: ../../release/stripping_pages/temp/stripping21r1/charm/success.txt
    wildcards: version=stripping21r1, stream=charm
    resources: tmpdir=/var/folders/45/mg69sv5j77930c4g6fztkg5w0000gn/T

[Sat Oct 21 00:08:50 2023]
Finished job 7.
12 of 115 steps (10%) done
Select jobs to execute...

[Sat Oct 21 00:08:50 2023]
rule clean_stripping_pages:
    input: /Users/mindaugassarpis/Work/StrippingPages/stripping21/charm, single_clean_stripping_page.py
    output: ../../release/stripping_pages/processed/stripping21/charm, ../../release/stripping_pages/temp/stripping21/charm, ../../release/stripping_pages/temp/stripping21/charm/success.txt
    jobid: 18
    reason: Missing output files: ../../release/stripping_pages/temp/stripping21/charm/success.txt
    wildcards: version=stripping21, stream=charm
    resources: tmpdir=/var/folders/45/mg69sv5j77930c4g6fztkg5w0000gn/T

[Sat Oct 21 00:10:50 2023]
Finished job 18.
13 of 115 steps (11%) done
Select jobs to execute...

[Sat Oct 21 00:10:50 2023]
rule clean_stripping_pages:
    input: /Users/mindaugassarpis/Work/StrippingPages/stripping21r1p2/leptonic, single_clean_stripping_page.py
    output: ../../release/stripping_pages/processed/stripping21r1p2/leptonic, ../../release/stripping_pages/temp/stripping21r1p2/leptonic, ../../release/stripping_pages/temp/stripping21r1p2/leptonic/success.txt
    jobid: 61
    reason: Missing output files: ../../release/stripping_pages/temp/stripping21r1p2/leptonic/success.txt
    wildcards: version=stripping21r1p2, stream=leptonic
    resources: tmpdir=/var/folders/45/mg69sv5j77930c4g6fztkg5w0000gn/T

[Sat Oct 21 00:10:52 2023]
Finished job 46.
14 of 115 steps (12%) done
Select jobs to execute...

[Sat Oct 21 00:10:52 2023]
rule clean_stripping_pages:
    input: /Users/mindaugassarpis/Work/StrippingPages/stripping21r0p2/leptonic, single_clean_stripping_page.py
    output: ../../release/stripping_pages/processed/stripping21r0p2/leptonic, ../../release/stripping_pages/temp/stripping21r0p2/leptonic, ../../release/stripping_pages/temp/stripping21r0p2/leptonic/success.txt
    jobid: 33
    reason: Missing output files: ../../release/stripping_pages/temp/stripping21r0p2/leptonic/success.txt
    wildcards: version=stripping21r0p2, stream=leptonic
    resources: tmpdir=/var/folders/45/mg69sv5j77930c4g6fztkg5w0000gn/T

[Sat Oct 21 00:13:06 2023]
Finished job 61.
15 of 115 steps (13%) done
Select jobs to execute...

[Sat Oct 21 00:13:06 2023]
rule clean_stripping_pages:
    input: /Users/mindaugassarpis/Work/StrippingPages/stripping21/leptonic, single_clean_stripping_page.py
    output: ../../release/stripping_pages/processed/stripping21/leptonic, ../../release/stripping_pages/temp/stripping21/leptonic, ../../release/stripping_pages/temp/stripping21/leptonic/success.txt
    jobid: 14
    reason: Missing output files: ../../release/stripping_pages/temp/stripping21/leptonic/success.txt
    wildcards: version=stripping21, stream=leptonic
    resources: tmpdir=/var/folders/45/mg69sv5j77930c4g6fztkg5w0000gn/T

[Sat Oct 21 00:13:08 2023]
Finished job 33.
16 of 115 steps (14%) done
Select jobs to execute...

[Sat Oct 21 00:13:08 2023]
rule clean_stripping_pages:
    input: /Users/mindaugassarpis/Work/StrippingPages/stripping21r1/leptonic, single_clean_stripping_page.py
    output: ../../release/stripping_pages/processed/stripping21r1/leptonic, ../../release/stripping_pages/temp/stripping21r1/leptonic, ../../release/stripping_pages/temp/stripping21r1/leptonic/success.txt
    jobid: 42
    reason: Missing output files: ../../release/stripping_pages/temp/stripping21r1/leptonic/success.txt
    wildcards: version=stripping21r1, stream=leptonic
    resources: tmpdir=/var/folders/45/mg69sv5j77930c4g6fztkg5w0000gn/T

[Sat Oct 21 00:14:27 2023]
Finished job 14.
17 of 115 steps (15%) done
Select jobs to execute...

[Sat Oct 21 00:14:27 2023]
rule clean_stripping_pages:
    input: /Users/mindaugassarpis/Work/StrippingPages/stripping21r1p2/commonparticles, single_clean_stripping_page.py
    output: ../../release/stripping_pages/processed/stripping21r1p2/commonparticles, ../../release/stripping_pages/temp/stripping21r1p2/commonparticles, ../../release/stripping_pages/temp/stripping21r1p2/commonparticles/success.txt
    jobid: 68
    reason: Missing output files: ../../release/stripping_pages/temp/stripping21r1p2/commonparticles/success.txt
    wildcards: version=stripping21r1p2, stream=commonparticles
    resources: tmpdir=/var/folders/45/mg69sv5j77930c4g6fztkg5w0000gn/T

[Sat Oct 21 00:14:28 2023]
Finished job 42.
18 of 115 steps (16%) done
Select jobs to execute...

[Sat Oct 21 00:14:28 2023]
rule clean_stripping_pages:
    input: /Users/mindaugassarpis/Work/StrippingPages/stripping21r0p2/commonparticles, single_clean_stripping_page.py
    output: ../../release/stripping_pages/processed/stripping21r0p2/commonparticles, ../../release/stripping_pages/temp/stripping21r0p2/commonparticles, ../../release/stripping_pages/temp/stripping21r0p2/commonparticles/success.txt
    jobid: 40
    reason: Missing output files: ../../release/stripping_pages/temp/stripping21r0p2/commonparticles/success.txt
    wildcards: version=stripping21r0p2, stream=commonparticles
    resources: tmpdir=/var/folders/45/mg69sv5j77930c4g6fztkg5w0000gn/T

[Sat Oct 21 00:14:50 2023]
Finished job 68.
19 of 115 steps (17%) done
Select jobs to execute...

[Sat Oct 21 00:14:50 2023]
rule clean_stripping_pages:
    input: /Users/mindaugassarpis/Work/StrippingPages/stripping21r1/ew, single_clean_stripping_page.py
    output: ../../release/stripping_pages/processed/stripping21r1/ew, ../../release/stripping_pages/temp/stripping21r1/ew, ../../release/stripping_pages/temp/stripping21r1/ew/success.txt
    jobid: 41
    reason: Missing output files: ../../release/stripping_pages/temp/stripping21r1/ew/success.txt
    wildcards: version=stripping21r1, stream=ew
    resources: tmpdir=/var/folders/45/mg69sv5j77930c4g6fztkg5w0000gn/T

[Sat Oct 21 00:14:50 2023]
Finished job 40.
20 of 115 steps (17%) done
Select jobs to execute...

[Sat Oct 21 00:14:50 2023]
rule clean_stripping_pages:
    input: /Users/mindaugassarpis/Work/StrippingPages/stripping21r1p1/commonparticles, single_clean_stripping_page.py
    output: ../../release/stripping_pages/processed/stripping21r1p1/commonparticles, ../../release/stripping_pages/temp/stripping21r1p1/commonparticles, ../../release/stripping_pages/temp/stripping21r1p1/commonparticles/success.txt
    jobid: 59
    reason: Missing output files: ../../release/stripping_pages/temp/stripping21r1p1/commonparticles/success.txt
    wildcards: version=stripping21r1p1, stream=commonparticles
    resources: tmpdir=/var/folders/45/mg69sv5j77930c4g6fztkg5w0000gn/T

[Sat Oct 21 00:15:14 2023]
Finished job 59.
21 of 115 steps (18%) done
Select jobs to execute...

[Sat Oct 21 00:15:14 2023]
rule clean_stripping_pages:
    input: /Users/mindaugassarpis/Work/StrippingPages/stripping21r1/commonparticles, single_clean_stripping_page.py
    output: ../../release/stripping_pages/processed/stripping21r1/commonparticles, ../../release/stripping_pages/temp/stripping21r1/commonparticles, ../../release/stripping_pages/temp/stripping21r1/commonparticles/success.txt
    jobid: 50
    reason: Missing output files: ../../release/stripping_pages/temp/stripping21r1/commonparticles/success.txt
    wildcards: version=stripping21r1, stream=commonparticles
    resources: tmpdir=/var/folders/45/mg69sv5j77930c4g6fztkg5w0000gn/T

[Sat Oct 21 00:15:36 2023]
Finished job 50.
22 of 115 steps (19%) done
Select jobs to execute...

[Sat Oct 21 00:15:36 2023]
rule clean_stripping_pages:
    input: /Users/mindaugassarpis/Work/StrippingPages/stripping21r1p2/semileptonic, single_clean_stripping_page.py
    output: ../../release/stripping_pages/processed/stripping21r1p2/semileptonic, ../../release/stripping_pages/temp/stripping21r1p2/semileptonic, ../../release/stripping_pages/temp/stripping21r1p2/semileptonic/success.txt
    jobid: 67
    reason: Missing output files: ../../release/stripping_pages/temp/stripping21r1p2/semileptonic/success.txt
    wildcards: version=stripping21r1p2, stream=semileptonic
    resources: tmpdir=/var/folders/45/mg69sv5j77930c4g6fztkg5w0000gn/T

[Sat Oct 21 00:15:38 2023]
Finished job 41.
23 of 115 steps (20%) done
Select jobs to execute...

[Sat Oct 21 00:15:38 2023]
rule clean_stripping_pages:
    input: /Users/mindaugassarpis/Work/StrippingPages/stripping21r0p2/semileptonic, single_clean_stripping_page.py
    output: ../../release/stripping_pages/processed/stripping21r0p2/semileptonic, ../../release/stripping_pages/temp/stripping21r0p2/semileptonic, ../../release/stripping_pages/temp/stripping21r0p2/semileptonic/success.txt
    jobid: 39
    reason: Missing output files: ../../release/stripping_pages/temp/stripping21r0p2/semileptonic/success.txt
    wildcards: version=stripping21r0p2, stream=semileptonic
    resources: tmpdir=/var/folders/45/mg69sv5j77930c4g6fztkg5w0000gn/T

[Sat Oct 21 00:16:32 2023]
Finished job 67.
24 of 115 steps (21%) done
Select jobs to execute...

[Sat Oct 21 00:16:32 2023]
rule clean_stripping_pages:
    input: /Users/mindaugassarpis/Work/StrippingPages/stripping21r1p1/charm, single_clean_stripping_page.py
    output: ../../release/stripping_pages/processed/stripping21r1p1/charm, ../../release/stripping_pages/temp/stripping21r1p1/charm, ../../release/stripping_pages/temp/stripping21r1p1/charm/success.txt
    jobid: 55
    reason: Missing output files: ../../release/stripping_pages/temp/stripping21r1p1/charm/success.txt
    wildcards: version=stripping21r1p1, stream=charm
    resources: tmpdir=/var/folders/45/mg69sv5j77930c4g6fztkg5w0000gn/T

[Sat Oct 21 00:16:34 2023]
Finished job 39.
25 of 115 steps (22%) done
Select jobs to execute...

[Sat Oct 21 00:16:34 2023]
rule clean_stripping_pages:
    input: /Users/mindaugassarpis/Work/StrippingPages/stripping21r0p1/charm, single_clean_stripping_page.py
    output: ../../release/stripping_pages/processed/stripping21r0p1/charm, ../../release/stripping_pages/temp/stripping21r0p1/charm, ../../release/stripping_pages/temp/stripping21r0p1/charm/success.txt
    jobid: 27
    reason: Missing output files: ../../release/stripping_pages/temp/stripping21r0p1/charm/success.txt
    wildcards: version=stripping21r0p1, stream=charm
    resources: tmpdir=/var/folders/45/mg69sv5j77930c4g6fztkg5w0000gn/T

[Sat Oct 21 00:17:27 2023]
Finished job 55.
26 of 115 steps (23%) done
Select jobs to execute...

[Sat Oct 21 00:17:27 2023]
rule clean_stripping_pages:
    input: /Users/mindaugassarpis/Work/StrippingPages/stripping21r1p2/bhadroncompleteevent, single_clean_stripping_page.py
    output: ../../release/stripping_pages/processed/stripping21r1p2/bhadroncompleteevent, ../../release/stripping_pages/temp/stripping21r1p2/bhadroncompleteevent, ../../release/stripping_pages/temp/stripping21r1p2/bhadroncompleteevent/success.txt
    jobid: 63
    reason: Missing output files: ../../release/stripping_pages/temp/stripping21r1p2/bhadroncompleteevent/success.txt
    wildcards: version=stripping21r1p2, stream=bhadroncompleteevent
    resources: tmpdir=/var/folders/45/mg69sv5j77930c4g6fztkg5w0000gn/T

[Sat Oct 21 00:17:29 2023]
Finished job 27.
27 of 115 steps (23%) done
Select jobs to execute...

[Sat Oct 21 00:17:29 2023]
rule clean_stripping_pages:
    input: /Users/mindaugassarpis/Work/StrippingPages/stripping21r0p2/bhadroncompleteevent, single_clean_stripping_page.py
    output: ../../release/stripping_pages/processed/stripping21r0p2/bhadroncompleteevent, ../../release/stripping_pages/temp/stripping21r0p2/bhadroncompleteevent, ../../release/stripping_pages/temp/stripping21r0p2/bhadroncompleteevent/success.txt
    jobid: 35
    reason: Missing output files: ../../release/stripping_pages/temp/stripping21r0p2/bhadroncompleteevent/success.txt
    wildcards: version=stripping21r0p2, stream=bhadroncompleteevent
    resources: tmpdir=/var/folders/45/mg69sv5j77930c4g6fztkg5w0000gn/T

[Sat Oct 21 00:18:37 2023]
Finished job 63.
28 of 115 steps (24%) done
Select jobs to execute...

[Sat Oct 21 00:18:37 2023]
rule clean_stripping_pages:
    input: /Users/mindaugassarpis/Work/StrippingPages/stripping21r1p1/leptonic, single_clean_stripping_page.py
    output: ../../release/stripping_pages/processed/stripping21r1p1/leptonic, ../../release/stripping_pages/temp/stripping21r1p1/leptonic, ../../release/stripping_pages/temp/stripping21r1p1/leptonic/success.txt
    jobid: 52
    reason: Missing output files: ../../release/stripping_pages/temp/stripping21r1p1/leptonic/success.txt
    wildcards: version=stripping21r1p1, stream=leptonic
    resources: tmpdir=/var/folders/45/mg69sv5j77930c4g6fztkg5w0000gn/T

[Sat Oct 21 00:18:39 2023]
Finished job 35.
29 of 115 steps (25%) done
Select jobs to execute...

[Sat Oct 21 00:18:39 2023]
rule clean_stripping_pages:
    input: /Users/mindaugassarpis/Work/StrippingPages/stripping21r0p1/leptonic, single_clean_stripping_page.py
    output: ../../release/stripping_pages/processed/stripping21r0p1/leptonic, ../../release/stripping_pages/temp/stripping21r0p1/leptonic, ../../release/stripping_pages/temp/stripping21r0p1/leptonic/success.txt
    jobid: 24
    reason: Missing output files: ../../release/stripping_pages/temp/stripping21r0p1/leptonic/success.txt
    wildcards: version=stripping21r0p1, stream=leptonic
    resources: tmpdir=/var/folders/45/mg69sv5j77930c4g6fztkg5w0000gn/T

[Sat Oct 21 00:19:48 2023]
Finished job 52.
30 of 115 steps (26%) done
Select jobs to execute...

[Sat Oct 21 00:19:48 2023]
rule clean_stripping_pages:
    input: /Users/mindaugassarpis/Work/StrippingPages/stripping21r1/bhadroncompleteevent, single_clean_stripping_page.py
    output: ../../release/stripping_pages/processed/stripping21r1/bhadroncompleteevent, ../../release/stripping_pages/temp/stripping21r1/bhadroncompleteevent, ../../release/stripping_pages/temp/stripping21r1/bhadroncompleteevent/success.txt
    jobid: 45
    reason: Missing output files: ../../release/stripping_pages/temp/stripping21r1/bhadroncompleteevent/success.txt
    wildcards: version=stripping21r1, stream=bhadroncompleteevent
    resources: tmpdir=/var/folders/45/mg69sv5j77930c4g6fztkg5w0000gn/T

[Sat Oct 21 00:19:50 2023]
Finished job 24.
31 of 115 steps (27%) done
Select jobs to execute...

[Sat Oct 21 00:19:50 2023]
rule clean_stripping_pages:
    input: /Users/mindaugassarpis/Work/StrippingPages/stripping21/bhadroncompleteevent, single_clean_stripping_page.py
    output: ../../release/stripping_pages/processed/stripping21/bhadroncompleteevent, ../../release/stripping_pages/temp/stripping21/bhadroncompleteevent, ../../release/stripping_pages/temp/stripping21/bhadroncompleteevent/success.txt
    jobid: 17
    reason: Missing output files: ../../release/stripping_pages/temp/stripping21/bhadroncompleteevent/success.txt
    wildcards: version=stripping21, stream=bhadroncompleteevent
    resources: tmpdir=/var/folders/45/mg69sv5j77930c4g6fztkg5w0000gn/T

[Sat Oct 21 00:20:38 2023]
Finished job 45.
32 of 115 steps (28%) done
Select jobs to execute...

[Sat Oct 21 00:20:38 2023]
rule clean_stripping_pages:
    input: /Users/mindaugassarpis/Work/StrippingPages/stripping21r1p2/charm, single_clean_stripping_page.py
    output: ../../release/stripping_pages/processed/stripping21r1p2/charm, ../../release/stripping_pages/temp/stripping21r1p2/charm, ../../release/stripping_pages/temp/stripping21r1p2/charm/success.txt
    jobid: 64
    reason: Missing output files: ../../release/stripping_pages/temp/stripping21r1p2/charm/success.txt
    wildcards: version=stripping21r1p2, stream=charm
    resources: tmpdir=/var/folders/45/mg69sv5j77930c4g6fztkg5w0000gn/T

[Sat Oct 21 00:20:39 2023]
Finished job 17.
33 of 115 steps (29%) done
Select jobs to execute...

[Sat Oct 21 00:20:39 2023]
rule clean_stripping_pages:
    input: /Users/mindaugassarpis/Work/StrippingPages/stripping21r0p2/charm, single_clean_stripping_page.py
    output: ../../release/stripping_pages/processed/stripping21r0p2/charm, ../../release/stripping_pages/temp/stripping21r0p2/charm, ../../release/stripping_pages/temp/stripping21r0p2/charm/success.txt
    jobid: 36
    reason: Missing output files: ../../release/stripping_pages/temp/stripping21r0p2/charm/success.txt
    wildcards: version=stripping21r0p2, stream=charm
    resources: tmpdir=/var/folders/45/mg69sv5j77930c4g6fztkg5w0000gn/T

[Sat Oct 21 00:21:16 2023]
Finished job 64.
34 of 115 steps (30%) done
Select jobs to execute...

[Sat Oct 21 00:21:16 2023]
rule clean_stripping_pages:
    input: /Users/mindaugassarpis/Work/StrippingPages/stripping21r0p1/semileptonic, single_clean_stripping_page.py
    output: ../../release/stripping_pages/processed/stripping21r0p1/semileptonic, ../../release/stripping_pages/temp/stripping21r0p1/semileptonic, ../../release/stripping_pages/temp/stripping21r0p1/semileptonic/success.txt
    jobid: 30
    reason: Missing output files: ../../release/stripping_pages/temp/stripping21r0p1/semileptonic/success.txt
    wildcards: version=stripping21r0p1, stream=semileptonic
    resources: tmpdir=/var/folders/45/mg69sv5j77930c4g6fztkg5w0000gn/T

[Sat Oct 21 00:21:17 2023]
Finished job 36.
35 of 115 steps (30%) done
Select jobs to execute...

[Sat Oct 21 00:21:17 2023]
rule clean_stripping_pages:
    input: /Users/mindaugassarpis/Work/StrippingPages/stripping21r1p2/ew, single_clean_stripping_page.py
    output: ../../release/stripping_pages/processed/stripping21r1p2/ew, ../../release/stripping_pages/temp/stripping21r1p2/ew, ../../release/stripping_pages/temp/stripping21r1p2/ew/success.txt
    jobid: 60
    reason: Missing output files: ../../release/stripping_pages/temp/stripping21r1p2/ew/success.txt
    wildcards: version=stripping21r1p2, stream=ew
    resources: tmpdir=/var/folders/45/mg69sv5j77930c4g6fztkg5w0000gn/T

[Sat Oct 21 00:21:27 2023]
Finished job 60.
36 of 115 steps (31%) done
Select jobs to execute...

[Sat Oct 21 00:21:27 2023]
rule clean_stripping_pages:
    input: /Users/mindaugassarpis/Work/StrippingPages/stripping21r0p2/ew, single_clean_stripping_page.py
    output: ../../release/stripping_pages/processed/stripping21r0p2/ew, ../../release/stripping_pages/temp/stripping21r0p2/ew, ../../release/stripping_pages/temp/stripping21r0p2/ew/success.txt
    jobid: 32
    reason: Missing output files: ../../release/stripping_pages/temp/stripping21r0p2/ew/success.txt
    wildcards: version=stripping21r0p2, stream=ew
    resources: tmpdir=/var/folders/45/mg69sv5j77930c4g6fztkg5w0000gn/T

[Sat Oct 21 00:21:38 2023]
Finished job 30.
37 of 115 steps (32%) done
Select jobs to execute...

[Sat Oct 21 00:21:38 2023]
rule clean_stripping_pages:
    input: /Users/mindaugassarpis/Work/StrippingPages/stripping21r1p1/semileptonic, single_clean_stripping_page.py
    output: ../../release/stripping_pages/processed/stripping21r1p1/semileptonic, ../../release/stripping_pages/temp/stripping21r1p1/semileptonic, ../../release/stripping_pages/temp/stripping21r1p1/semileptonic/success.txt
    jobid: 58
    reason: Missing output files: ../../release/stripping_pages/temp/stripping21r1p1/semileptonic/success.txt
    wildcards: version=stripping21r1p1, stream=semileptonic
    resources: tmpdir=/var/folders/45/mg69sv5j77930c4g6fztkg5w0000gn/T

[Sat Oct 21 00:21:38 2023]
Finished job 32.
38 of 115 steps (33%) done
Select jobs to execute...

[Sat Oct 21 00:21:38 2023]
rule clean_stripping_pages:
    input: /Users/mindaugassarpis/Work/StrippingPages/stripping21r1/dimuon, single_clean_stripping_page.py
    output: ../../release/stripping_pages/processed/stripping21r1/dimuon, ../../release/stripping_pages/temp/stripping21r1/dimuon, ../../release/stripping_pages/temp/stripping21r1/dimuon/success.txt
    jobid: 48
    reason: Missing output files: ../../release/stripping_pages/temp/stripping21r1/dimuon/success.txt
    wildcards: version=stripping21r1, stream=dimuon
    resources: tmpdir=/var/folders/45/mg69sv5j77930c4g6fztkg5w0000gn/T

[Sat Oct 21 00:21:52 2023]
Finished job 48.
39 of 115 steps (34%) done
Select jobs to execute...

[Sat Oct 21 00:21:52 2023]
rule clean_stripping_pages:
    input: /Users/mindaugassarpis/Work/StrippingPages/stripping21r1/semileptonic, single_clean_stripping_page.py
    output: ../../release/stripping_pages/processed/stripping21r1/semileptonic, ../../release/stripping_pages/temp/stripping21r1/semileptonic, ../../release/stripping_pages/temp/stripping21r1/semileptonic/success.txt
    jobid: 49
    reason: Missing output files: ../../release/stripping_pages/temp/stripping21r1/semileptonic/success.txt
    wildcards: version=stripping21r1, stream=semileptonic
    resources: tmpdir=/var/folders/45/mg69sv5j77930c4g6fztkg5w0000gn/T

[Sat Oct 21 00:22:01 2023]
Finished job 58.
40 of 115 steps (35%) done
Select jobs to execute...

[Sat Oct 21 00:22:01 2023]
rule clean_stripping_pages:
    input: /Users/mindaugassarpis/Work/StrippingPages/stripping21/dimuon, single_clean_stripping_page.py
    output: ../../release/stripping_pages/processed/stripping21/dimuon, ../../release/stripping_pages/temp/stripping21/dimuon, ../../release/stripping_pages/temp/stripping21/dimuon/success.txt
    jobid: 20
    reason: Missing output files: ../../release/stripping_pages/temp/stripping21/dimuon/success.txt
    wildcards: version=stripping21, stream=dimuon
    resources: tmpdir=/var/folders/45/mg69sv5j77930c4g6fztkg5w0000gn/T

[Sat Oct 21 00:22:12 2023]
Finished job 49.
41 of 115 steps (36%) done
Select jobs to execute...

[Sat Oct 21 00:22:12 2023]
rule clean_stripping_pages:
    input: /Users/mindaugassarpis/Work/StrippingPages/stripping21/semileptonic, single_clean_stripping_page.py
    output: ../../release/stripping_pages/processed/stripping21/semileptonic, ../../release/stripping_pages/temp/stripping21/semileptonic, ../../release/stripping_pages/temp/stripping21/semileptonic/success.txt
    jobid: 21
    reason: Missing output files: ../../release/stripping_pages/temp/stripping21/semileptonic/success.txt
    wildcards: version=stripping21, stream=semileptonic
    resources: tmpdir=/var/folders/45/mg69sv5j77930c4g6fztkg5w0000gn/T

[Sat Oct 21 00:22:15 2023]
Finished job 20.
42 of 115 steps (37%) done
Select jobs to execute...

[Sat Oct 21 00:22:15 2023]
rule clean_stripping_pages:
    input: /Users/mindaugassarpis/Work/StrippingPages/stripping21/charmcompleteevent, single_clean_stripping_page.py
    output: ../../release/stripping_pages/processed/stripping21/charmcompleteevent, ../../release/stripping_pages/temp/stripping21/charmcompleteevent, ../../release/stripping_pages/temp/stripping21/charmcompleteevent/success.txt
    jobid: 19
    reason: Missing output files: ../../release/stripping_pages/temp/stripping21/charmcompleteevent/success.txt
    wildcards: version=stripping21, stream=charmcompleteevent
    resources: tmpdir=/var/folders/45/mg69sv5j77930c4g6fztkg5w0000gn/T

[Sat Oct 21 00:22:31 2023]
Finished job 21.
43 of 115 steps (37%) done
Select jobs to execute...

[Sat Oct 21 00:22:31 2023]
rule clean_stripping_pages:
    input: /Users/mindaugassarpis/Work/StrippingPages/stripping21r1/charmcompleteevent, single_clean_stripping_page.py
    output: ../../release/stripping_pages/processed/stripping21r1/charmcompleteevent, ../../release/stripping_pages/temp/stripping21r1/charmcompleteevent, ../../release/stripping_pages/temp/stripping21r1/charmcompleteevent/success.txt
    jobid: 47
    reason: Missing output files: ../../release/stripping_pages/temp/stripping21r1/charmcompleteevent/success.txt
    wildcards: version=stripping21r1, stream=charmcompleteevent
    resources: tmpdir=/var/folders/45/mg69sv5j77930c4g6fztkg5w0000gn/T

[Sat Oct 21 00:22:38 2023]
Finished job 19.
44 of 115 steps (38%) done
Select jobs to execute...

[Sat Oct 21 00:22:38 2023]
rule clean_stripping_pages:
    input: /Users/mindaugassarpis/Work/StrippingPages/stripping21r0p2/dimuon, single_clean_stripping_page.py
    output: ../../release/stripping_pages/processed/stripping21r0p2/dimuon, ../../release/stripping_pages/temp/stripping21r0p2/dimuon, ../../release/stripping_pages/temp/stripping21r0p2/dimuon/success.txt
    jobid: 38
    reason: Missing output files: ../../release/stripping_pages/temp/stripping21r0p2/dimuon/success.txt
    wildcards: version=stripping21r0p2, stream=dimuon
    resources: tmpdir=/var/folders/45/mg69sv5j77930c4g6fztkg5w0000gn/T

[Sat Oct 21 00:22:47 2023]
Finished job 38.
45 of 115 steps (39%) done
Select jobs to execute...

[Sat Oct 21 00:22:47 2023]
rule clean_stripping_pages:
    input: /Users/mindaugassarpis/Work/StrippingPages/stripping21r1p2/dimuon, single_clean_stripping_page.py
    output: ../../release/stripping_pages/processed/stripping21r1p2/dimuon, ../../release/stripping_pages/temp/stripping21r1p2/dimuon, ../../release/stripping_pages/temp/stripping21r1p2/dimuon/success.txt
    jobid: 66
    reason: Missing output files: ../../release/stripping_pages/temp/stripping21r1p2/dimuon/success.txt
    wildcards: version=stripping21r1p2, stream=dimuon
    resources: tmpdir=/var/folders/45/mg69sv5j77930c4g6fztkg5w0000gn/T

[Sat Oct 21 00:22:53 2023]
Finished job 47.
46 of 115 steps (40%) done
Select jobs to execute...

[Sat Oct 21 00:22:53 2023]
rule clean_stripping_pages:
    input: /Users/mindaugassarpis/Work/StrippingPages/stripping21r0p2/charmcompleteevent, single_clean_stripping_page.py
    output: ../../release/stripping_pages/processed/stripping21r0p2/charmcompleteevent, ../../release/stripping_pages/temp/stripping21r0p2/charmcompleteevent, ../../release/stripping_pages/temp/stripping21r0p2/charmcompleteevent/success.txt
    jobid: 37
    reason: Missing output files: ../../release/stripping_pages/temp/stripping21r0p2/charmcompleteevent/success.txt
    wildcards: version=stripping21r0p2, stream=charmcompleteevent
    resources: tmpdir=/var/folders/45/mg69sv5j77930c4g6fztkg5w0000gn/T

[Sat Oct 21 00:22:56 2023]
Finished job 66.
47 of 115 steps (41%) done
Select jobs to execute...

[Sat Oct 21 00:22:56 2023]
rule clean_stripping_pages:
    input: /Users/mindaugassarpis/Work/StrippingPages/stripping21r1p1/bhadroncompleteevent, single_clean_stripping_page.py
    output: ../../release/stripping_pages/processed/stripping21r1p1/bhadroncompleteevent, ../../release/stripping_pages/temp/stripping21r1p1/bhadroncompleteevent, ../../release/stripping_pages/temp/stripping21r1p1/bhadroncompleteevent/success.txt
    jobid: 54
    reason: Missing output files: ../../release/stripping_pages/temp/stripping21r1p1/bhadroncompleteevent/success.txt
    wildcards: version=stripping21r1p1, stream=bhadroncompleteevent
    resources: tmpdir=/var/folders/45/mg69sv5j77930c4g6fztkg5w0000gn/T

[Sat Oct 21 00:23:02 2023]
Finished job 37.
48 of 115 steps (42%) done
Select jobs to execute...

[Sat Oct 21 00:23:02 2023]
rule clean_stripping_pages:
    input: /Users/mindaugassarpis/Work/StrippingPages/stripping21r0p1/bhadroncompleteevent, single_clean_stripping_page.py
    output: ../../release/stripping_pages/processed/stripping21r0p1/bhadroncompleteevent, ../../release/stripping_pages/temp/stripping21r0p1/bhadroncompleteevent, ../../release/stripping_pages/temp/stripping21r0p1/bhadroncompleteevent/success.txt
    jobid: 26
    reason: Missing output files: ../../release/stripping_pages/temp/stripping21r0p1/bhadroncompleteevent/success.txt
    wildcards: version=stripping21r0p1, stream=bhadroncompleteevent
    resources: tmpdir=/var/folders/45/mg69sv5j77930c4g6fztkg5w0000gn/T

[Sat Oct 21 00:23:03 2023]
Finished job 54.
49 of 115 steps (43%) done
Select jobs to execute...

[Sat Oct 21 00:23:03 2023]
rule clean_stripping_pages:
    input: /Users/mindaugassarpis/Work/StrippingPages/stripping21r0p1/dimuon, single_clean_stripping_page.py
    output: ../../release/stripping_pages/processed/stripping21r0p1/dimuon, ../../release/stripping_pages/temp/stripping21r0p1/dimuon, ../../release/stripping_pages/temp/stripping21r0p1/dimuon/success.txt
    jobid: 29
    reason: Missing output files: ../../release/stripping_pages/temp/stripping21r0p1/dimuon/success.txt
    wildcards: version=stripping21r0p1, stream=dimuon
    resources: tmpdir=/var/folders/45/mg69sv5j77930c4g6fztkg5w0000gn/T

[Sat Oct 21 00:23:09 2023]
Finished job 29.
50 of 115 steps (43%) done
[Sat Oct 21 00:23:09 2023]
Finished job 26.
51 of 115 steps (44%) done
Select jobs to execute...

[Sat Oct 21 00:23:09 2023]
rule clean_stripping_pages:
    input: /Users/mindaugassarpis/Work/StrippingPages/stripping21r1p1/dimuon, single_clean_stripping_page.py
    output: ../../release/stripping_pages/processed/stripping21r1p1/dimuon, ../../release/stripping_pages/temp/stripping21r1p1/dimuon, ../../release/stripping_pages/temp/stripping21r1p1/dimuon/success.txt
    jobid: 57
    reason: Missing output files: ../../release/stripping_pages/temp/stripping21r1p1/dimuon/success.txt
    wildcards: version=stripping21r1p1, stream=dimuon
    resources: tmpdir=/var/folders/45/mg69sv5j77930c4g6fztkg5w0000gn/T


[Sat Oct 21 00:23:09 2023]
rule clean_stripping_pages:
    input: /Users/mindaugassarpis/Work/StrippingPages/stripping21r1p1/ew, single_clean_stripping_page.py
    output: ../../release/stripping_pages/processed/stripping21r1p1/ew, ../../release/stripping_pages/temp/stripping21r1p1/ew, ../../release/stripping_pages/temp/stripping21r1p1/ew/success.txt
    jobid: 51
    reason: Missing output files: ../../release/stripping_pages/temp/stripping21r1p1/ew/success.txt
    wildcards: version=stripping21r1p1, stream=ew
    resources: tmpdir=/var/folders/45/mg69sv5j77930c4g6fztkg5w0000gn/T

Select jobs to execute...
[Sat Oct 21 00:23:14 2023]
Finished job 57.
52 of 115 steps (45%) done

[Sat Oct 21 00:23:14 2023]
rule clean_stripping_pages:
    input: /Users/mindaugassarpis/Work/StrippingPages/stripping21r1/radiative, single_clean_stripping_page.py
    output: ../../release/stripping_pages/processed/stripping21r1/radiative, ../../release/stripping_pages/temp/stripping21r1/radiative, ../../release/stripping_pages/temp/stripping21r1/radiative/success.txt
    jobid: 43
    reason: Missing output files: ../../release/stripping_pages/temp/stripping21r1/radiative/success.txt
    wildcards: version=stripping21r1, stream=radiative
    resources: tmpdir=/var/folders/45/mg69sv5j77930c4g6fztkg5w0000gn/T

[Sat Oct 21 00:23:17 2023]
Finished job 43.
53 of 115 steps (46%) done
Select jobs to execute...

[Sat Oct 21 00:23:17 2023]
rule clean_stripping_pages:
    input: /Users/mindaugassarpis/Work/StrippingPages/stripping21r1p1/charmcompleteevent, single_clean_stripping_page.py
    output: ../../release/stripping_pages/processed/stripping21r1p1/charmcompleteevent, ../../release/stripping_pages/temp/stripping21r1p1/charmcompleteevent, ../../release/stripping_pages/temp/stripping21r1p1/charmcompleteevent/success.txt
    jobid: 56
    reason: Missing output files: ../../release/stripping_pages/temp/stripping21r1p1/charmcompleteevent/success.txt
    wildcards: version=stripping21r1p1, stream=charmcompleteevent
    resources: tmpdir=/var/folders/45/mg69sv5j77930c4g6fztkg5w0000gn/T

[Sat Oct 21 00:23:20 2023]
Finished job 56.
54 of 115 steps (47%) done
Select jobs to execute...

[Sat Oct 21 00:23:20 2023]
rule clean_stripping_pages:
    input: /Users/mindaugassarpis/Work/StrippingPages/stripping21r0p1/charmcompleteevent, single_clean_stripping_page.py
    output: ../../release/stripping_pages/processed/stripping21r0p1/charmcompleteevent, ../../release/stripping_pages/temp/stripping21r0p1/charmcompleteevent, ../../release/stripping_pages/temp/stripping21r0p1/charmcompleteevent/success.txt
    jobid: 28
    reason: Missing output files: ../../release/stripping_pages/temp/stripping21r0p1/charmcompleteevent/success.txt
    wildcards: version=stripping21r0p1, stream=charmcompleteevent
    resources: tmpdir=/var/folders/45/mg69sv5j77930c4g6fztkg5w0000gn/T

[Sat Oct 21 00:23:22 2023]
Finished job 16.
55 of 115 steps (48%) done
Select jobs to execute...

[Sat Oct 21 00:23:22 2023]
rule clean_stripping_pages:
    input: /Users/mindaugassarpis/Work/StrippingPages/stripping21r1p2/charmcompleteevent, single_clean_stripping_page.py
    output: ../../release/stripping_pages/processed/stripping21r1p2/charmcompleteevent, ../../release/stripping_pages/temp/stripping21r1p2/charmcompleteevent, ../../release/stripping_pages/temp/stripping21r1p2/charmcompleteevent/success.txt
    jobid: 65
    reason: Missing output files: ../../release/stripping_pages/temp/stripping21r1p2/charmcompleteevent/success.txt
    wildcards: version=stripping21r1p2, stream=charmcompleteevent
    resources: tmpdir=/var/folders/45/mg69sv5j77930c4g6fztkg5w0000gn/T

[Sat Oct 21 00:23:24 2023]
Finished job 28.
56 of 115 steps (49%) done
Select jobs to execute...

[Sat Oct 21 00:23:24 2023]
rule create_json_files:
    input: ../../release/stripping_pages/processed, create_json_files.py
    output: ../../release/stripping_pages/temp/json_success_stripping21r0p2_leptonic.txt
    jobid: 89
    reason: Missing output files: ../../release/stripping_pages/temp/json_success_stripping21r0p2_leptonic.txt
    wildcards: version=stripping21r0p2, stream=leptonic
    resources: tmpdir=/var/folders/45/mg69sv5j77930c4g6fztkg5w0000gn/T

[Sat Oct 21 00:23:24 2023]
Finished job 89.
57 of 115 steps (50%) done
Select jobs to execute...

[Sat Oct 21 00:23:24 2023]
rule create_json_files:
    input: ../../release/stripping_pages/processed, create_json_files.py
    output: ../../release/stripping_pages/temp/json_success_stripping21_charm.txt
    jobid: 74
    reason: Missing output files: ../../release/stripping_pages/temp/json_success_stripping21_charm.txt
    wildcards: version=stripping21, stream=charm
    resources: tmpdir=/var/folders/45/mg69sv5j77930c4g6fztkg5w0000gn/T

[Sat Oct 21 00:23:24 2023]
Finished job 74.
58 of 115 steps (50%) done
Select jobs to execute...

[Sat Oct 21 00:23:24 2023]
rule create_json_files:
    input: ../../release/stripping_pages/processed, create_json_files.py
    output: ../../release/stripping_pages/temp/json_success_stripping21r1p2_bhadroncompleteevent.txt
    jobid: 119
    reason: Missing output files: ../../release/stripping_pages/temp/json_success_stripping21r1p2_bhadroncompleteevent.txt
    wildcards: version=stripping21r1p2, stream=bhadroncompleteevent
    resources: tmpdir=/var/folders/45/mg69sv5j77930c4g6fztkg5w0000gn/T

[Sat Oct 21 00:23:24 2023]
Finished job 119.
59 of 115 steps (51%) done
Select jobs to execute...

[Sat Oct 21 00:23:24 2023]
rule create_json_files:
    input: ../../release/stripping_pages/processed, create_json_files.py
    output: ../../release/stripping_pages/temp/json_success_stripping21r1_dimuon.txt
    jobid: 104
    reason: Missing output files: ../../release/stripping_pages/temp/json_success_stripping21r1_dimuon.txt
    wildcards: version=stripping21r1, stream=dimuon
    resources: tmpdir=/var/folders/45/mg69sv5j77930c4g6fztkg5w0000gn/T

[Sat Oct 21 00:23:25 2023]
Finished job 104.
60 of 115 steps (52%) done
Select jobs to execute...

[Sat Oct 21 00:23:25 2023]
rule create_json_files:
    input: ../../release/stripping_pages/processed, create_json_files.py
    output: ../../release/stripping_pages/temp/json_success_stripping21r1_ew.txt
    jobid: 97
    reason: Missing output files: ../../release/stripping_pages/temp/json_success_stripping21r1_ew.txt
    wildcards: version=stripping21r1, stream=ew
    resources: tmpdir=/var/folders/45/mg69sv5j77930c4g6fztkg5w0000gn/T

[Sat Oct 21 00:23:25 2023]
Finished job 97.
61 of 115 steps (53%) done
Select jobs to execute...

[Sat Oct 21 00:23:25 2023]
rule create_json_files:
    input: ../../release/stripping_pages/processed, create_json_files.py
    output: ../../release/stripping_pages/temp/json_success_stripping21r0p1_bhadroncompleteevent.txt
    jobid: 82
    reason: Missing output files: ../../release/stripping_pages/temp/json_success_stripping21r0p1_bhadroncompleteevent.txt
    wildcards: version=stripping21r0p1, stream=bhadroncompleteevent
    resources: tmpdir=/var/folders/45/mg69sv5j77930c4g6fztkg5w0000gn/T

[Sat Oct 21 00:23:25 2023]
Finished job 82.
62 of 115 steps (54%) done
Select jobs to execute...

[Sat Oct 21 00:23:25 2023]
rule create_json_files:
    input: ../../release/stripping_pages/processed, create_json_files.py
    output: ../../release/stripping_pages/temp/json_success_stripping21r1p1_charmcompleteevent.txt
    jobid: 112
    reason: Missing output files: ../../release/stripping_pages/temp/json_success_stripping21r1p1_charmcompleteevent.txt
    wildcards: version=stripping21r1p1, stream=charmcompleteevent
    resources: tmpdir=/var/folders/45/mg69sv5j77930c4g6fztkg5w0000gn/T

[Sat Oct 21 00:23:25 2023]
Finished job 65.
63 of 115 steps (55%) done
Select jobs to execute...

[Sat Oct 21 00:23:25 2023]
rule create_json_files:
    input: ../../release/stripping_pages/processed, create_json_files.py
    output: ../../release/stripping_pages/temp/json_success_stripping21r0p2_bhadron.txt
    jobid: 90
    reason: Missing output files: ../../release/stripping_pages/temp/json_success_stripping21r0p2_bhadron.txt
    wildcards: version=stripping21r0p2, stream=bhadron
    resources: tmpdir=/var/folders/45/mg69sv5j77930c4g6fztkg5w0000gn/T

[Sat Oct 21 00:23:25 2023]
Finished job 112.
64 of 115 steps (56%) done
Select jobs to execute...

[Sat Oct 21 00:23:25 2023]
rule create_json_files:
    input: ../../release/stripping_pages/processed, create_json_files.py
    output: ../../release/stripping_pages/temp/json_success_stripping21_charmcompleteevent.txt
    jobid: 75
    reason: Missing output files: ../../release/stripping_pages/temp/json_success_stripping21_charmcompleteevent.txt
    wildcards: version=stripping21, stream=charmcompleteevent
    resources: tmpdir=/var/folders/45/mg69sv5j77930c4g6fztkg5w0000gn/T

[Sat Oct 21 00:23:25 2023]
Finished job 75.
65 of 115 steps (57%) done
Select jobs to execute...

[Sat Oct 21 00:23:25 2023]
rule create_json_files:
    input: ../../release/stripping_pages/processed, create_json_files.py
    output: ../../release/stripping_pages/temp/json_success_stripping21r1p2_charm.txt
    jobid: 120
    reason: Missing output files: ../../release/stripping_pages/temp/json_success_stripping21r1p2_charm.txt
    wildcards: version=stripping21r1p2, stream=charm
    resources: tmpdir=/var/folders/45/mg69sv5j77930c4g6fztkg5w0000gn/T

[Sat Oct 21 00:23:25 2023]
Finished job 90.
66 of 115 steps (57%) done
Select jobs to execute...

[Sat Oct 21 00:23:25 2023]
rule create_json_files:
    input: ../../release/stripping_pages/processed, create_json_files.py
    output: ../../release/stripping_pages/temp/json_success_stripping21r1_semileptonic.txt
    jobid: 105
    reason: Missing output files: ../../release/stripping_pages/temp/json_success_stripping21r1_semileptonic.txt
    wildcards: version=stripping21r1, stream=semileptonic
    resources: tmpdir=/var/folders/45/mg69sv5j77930c4g6fztkg5w0000gn/T

[Sat Oct 21 00:23:25 2023]
Finished job 120.
67 of 115 steps (58%) done
Select jobs to execute...

[Sat Oct 21 00:23:25 2023]
rule create_json_files:
    input: ../../release/stripping_pages/processed, create_json_files.py
    output: ../../release/stripping_pages/temp/json_success_stripping21r1_leptonic.txt
    jobid: 98
    reason: Missing output files: ../../release/stripping_pages/temp/json_success_stripping21r1_leptonic.txt
    wildcards: version=stripping21r1, stream=leptonic
    resources: tmpdir=/var/folders/45/mg69sv5j77930c4g6fztkg5w0000gn/T

[Sat Oct 21 00:23:25 2023]
Finished job 105.
68 of 115 steps (59%) done
Select jobs to execute...

[Sat Oct 21 00:23:25 2023]
rule create_json_files:
    input: ../../release/stripping_pages/processed, create_json_files.py
    output: ../../release/stripping_pages/temp/json_success_stripping21r0p1_charm.txt
    jobid: 83
    reason: Missing output files: ../../release/stripping_pages/temp/json_success_stripping21r0p1_charm.txt
    wildcards: version=stripping21r0p1, stream=charm
    resources: tmpdir=/var/folders/45/mg69sv5j77930c4g6fztkg5w0000gn/T

[Sat Oct 21 00:23:26 2023]
Finished job 98.
69 of 115 steps (60%) done
Select jobs to execute...

[Sat Oct 21 00:23:26 2023]
rule create_json_files:
    input: ../../release/stripping_pages/processed, create_json_files.py
    output: ../../release/stripping_pages/temp/json_success_stripping21r1p1_dimuon.txt
    jobid: 113
    reason: Missing output files: ../../release/stripping_pages/temp/json_success_stripping21r1p1_dimuon.txt
    wildcards: version=stripping21r1p1, stream=dimuon
    resources: tmpdir=/var/folders/45/mg69sv5j77930c4g6fztkg5w0000gn/T

[Sat Oct 21 00:23:26 2023]
Finished job 44.
70 of 115 steps (61%) done
Select jobs to execute...

[Sat Oct 21 00:23:26 2023]
rule create_json_files:
    input: ../../release/stripping_pages/processed, create_json_files.py
    output: ../../release/stripping_pages/temp/json_success_stripping21r0p2_bhadroncompleteevent.txt
    jobid: 91
    reason: Missing output files: ../../release/stripping_pages/temp/json_success_stripping21r0p2_bhadroncompleteevent.txt
    wildcards: version=stripping21r0p2, stream=bhadroncompleteevent
    resources: tmpdir=/var/folders/45/mg69sv5j77930c4g6fztkg5w0000gn/T

[Sat Oct 21 00:23:26 2023]
Finished job 83.
71 of 115 steps (62%) done
Select jobs to execute...

[Sat Oct 21 00:23:26 2023]
rule create_json_files:
    input: ../../release/stripping_pages/processed, create_json_files.py
    output: ../../release/stripping_pages/temp/json_success_stripping21_dimuon.txt
    jobid: 76
    reason: Missing output files: ../../release/stripping_pages/temp/json_success_stripping21_dimuon.txt
    wildcards: version=stripping21, stream=dimuon
    resources: tmpdir=/var/folders/45/mg69sv5j77930c4g6fztkg5w0000gn/T

[Sat Oct 21 00:23:26 2023]
Finished job 113.
72 of 115 steps (63%) done
Select jobs to execute...

[Sat Oct 21 00:23:26 2023]
rule create_json_files:
    input: ../../release/stripping_pages/processed, create_json_files.py
    output: ../../release/stripping_pages/temp/json_success_stripping21r1p2_charmcompleteevent.txt
    jobid: 121
    reason: Missing output files: ../../release/stripping_pages/temp/json_success_stripping21r1p2_charmcompleteevent.txt
    wildcards: version=stripping21r1p2, stream=charmcompleteevent
    resources: tmpdir=/var/folders/45/mg69sv5j77930c4g6fztkg5w0000gn/T

[Sat Oct 21 00:23:26 2023]
Finished job 76.
73 of 115 steps (63%) done
Select jobs to execute...

[Sat Oct 21 00:23:26 2023]
rule create_json_files:
    input: ../../release/stripping_pages/processed, create_json_files.py
    output: ../../release/stripping_pages/temp/json_success_stripping21r1_commonparticles.txt
    jobid: 106
    reason: Missing output files: ../../release/stripping_pages/temp/json_success_stripping21r1_commonparticles.txt
    wildcards: version=stripping21r1, stream=commonparticles
    resources: tmpdir=/var/folders/45/mg69sv5j77930c4g6fztkg5w0000gn/T

[Sat Oct 21 00:23:26 2023]
Finished job 91.
74 of 115 steps (64%) done
Select jobs to execute...

[Sat Oct 21 00:23:26 2023]
rule create_json_files:
    input: ../../release/stripping_pages/processed, create_json_files.py
    output: ../../release/stripping_pages/temp/json_success_stripping21r1_radiative.txt
    jobid: 99
    reason: Missing output files: ../../release/stripping_pages/temp/json_success_stripping21r1_radiative.txt
    wildcards: version=stripping21r1, stream=radiative
    resources: tmpdir=/var/folders/45/mg69sv5j77930c4g6fztkg5w0000gn/T

[Sat Oct 21 00:23:26 2023]
Finished job 121.
75 of 115 steps (65%) done
Select jobs to execute...

[Sat Oct 21 00:23:26 2023]
rule create_json_files:
    input: ../../release/stripping_pages/processed, create_json_files.py
    output: ../../release/stripping_pages/temp/json_success_stripping21r0p1_charmcompleteevent.txt
    jobid: 84
    reason: Missing output files: ../../release/stripping_pages/temp/json_success_stripping21r0p1_charmcompleteevent.txt
    wildcards: version=stripping21r0p1, stream=charmcompleteevent
    resources: tmpdir=/var/folders/45/mg69sv5j77930c4g6fztkg5w0000gn/T

[Sat Oct 21 00:23:26 2023]
Finished job 99.
76 of 115 steps (66%) done
Select jobs to execute...

[Sat Oct 21 00:23:26 2023]
rule create_json_files:
    input: ../../release/stripping_pages/processed, create_json_files.py
    output: ../../release/stripping_pages/temp/json_success_stripping21r1p1_semileptonic.txt
    jobid: 114
    reason: Missing output files: ../../release/stripping_pages/temp/json_success_stripping21r1p1_semileptonic.txt
    wildcards: version=stripping21r1p1, stream=semileptonic
    resources: tmpdir=/var/folders/45/mg69sv5j77930c4g6fztkg5w0000gn/T

[Sat Oct 21 00:23:26 2023]
Finished job 106.
77 of 115 steps (67%) done
Select jobs to execute...

[Sat Oct 21 00:23:26 2023]
rule create_json_files:
    input: ../../release/stripping_pages/processed, create_json_files.py
    output: ../../release/stripping_pages/temp/json_success_stripping21r0p2_charm.txt
    jobid: 92
    reason: Missing output files: ../../release/stripping_pages/temp/json_success_stripping21r0p2_charm.txt
    wildcards: version=stripping21r0p2, stream=charm
    resources: tmpdir=/var/folders/45/mg69sv5j77930c4g6fztkg5w0000gn/T

[Sat Oct 21 00:23:26 2023]
Finished job 84.
78 of 115 steps (68%) done
[Sat Oct 21 00:23:26 2023]
Finished job 51.
79 of 115 steps (69%) done
Select jobs to execute...

[Sat Oct 21 00:23:26 2023]
rule create_json_files:
    input: ../../release/stripping_pages/processed, create_json_files.py
    output: ../../release/stripping_pages/temp/json_success_stripping21_semileptonic.txt
    jobid: 77
    reason: Missing output files: ../../release/stripping_pages/temp/json_success_stripping21_semileptonic.txt
    wildcards: version=stripping21, stream=semileptonic
    resources: tmpdir=/var/folders/45/mg69sv5j77930c4g6fztkg5w0000gn/T


[Sat Oct 21 00:23:26 2023]
rule create_json_files:
    input: ../../release/stripping_pages/processed, create_json_files.py
    output: ../../release/stripping_pages/temp/json_success_stripping21r1p2_dimuon.txt
    jobid: 122
    reason: Missing output files: ../../release/stripping_pages/temp/json_success_stripping21r1p2_dimuon.txt
    wildcards: version=stripping21r1p2, stream=dimuon
    resources: tmpdir=/var/folders/45/mg69sv5j77930c4g6fztkg5w0000gn/T

Select jobs to execute...
[Sat Oct 21 00:23:26 2023]
Finished job 114.
80 of 115 steps (70%) done

[Sat Oct 21 00:23:26 2023]
rule create_json_files:
    input: ../../release/stripping_pages/processed, create_json_files.py
    output: ../../release/stripping_pages/temp/json_success_stripping21r1p1_ew.txt
    jobid: 107
    reason: Missing output files: ../../release/stripping_pages/temp/json_success_stripping21r1p1_ew.txt
    wildcards: version=stripping21r1p1, stream=ew
    resources: tmpdir=/var/folders/45/mg69sv5j77930c4g6fztkg5w0000gn/T

[Sat Oct 21 00:23:26 2023]
Finished job 92.
81 of 115 steps (70%) done
Select jobs to execute...

[Sat Oct 21 00:23:26 2023]
rule create_json_files:
    input: ../../release/stripping_pages/processed, create_json_files.py
    output: ../../release/stripping_pages/temp/json_success_stripping21r1_bhadron.txt
    jobid: 100
    reason: Missing output files: ../../release/stripping_pages/temp/json_success_stripping21r1_bhadron.txt
    wildcards: version=stripping21r1, stream=bhadron
    resources: tmpdir=/var/folders/45/mg69sv5j77930c4g6fztkg5w0000gn/T

[Sat Oct 21 00:23:26 2023]
Finished job 77.
82 of 115 steps (71%) done
Select jobs to execute...

[Sat Oct 21 00:23:26 2023]
rule create_json_files:
    input: ../../release/stripping_pages/processed, create_json_files.py
    output: ../../release/stripping_pages/temp/json_success_stripping21r0p1_dimuon.txt
    jobid: 85
    reason: Missing output files: ../../release/stripping_pages/temp/json_success_stripping21r0p1_dimuon.txt
    wildcards: version=stripping21r0p1, stream=dimuon
    resources: tmpdir=/var/folders/45/mg69sv5j77930c4g6fztkg5w0000gn/T

[Sat Oct 21 00:23:26 2023]
Finished job 122.
83 of 115 steps (72%) done
Select jobs to execute...

[Sat Oct 21 00:23:26 2023]
rule create_json_files:
    input: ../../release/stripping_pages/processed, create_json_files.py
    output: ../../release/stripping_pages/temp/json_success_stripping21_leptonic.txt
    jobid: 70
    reason: Missing output files: ../../release/stripping_pages/temp/json_success_stripping21_leptonic.txt
    wildcards: version=stripping21, stream=leptonic
    resources: tmpdir=/var/folders/45/mg69sv5j77930c4g6fztkg5w0000gn/T

[Sat Oct 21 00:23:26 2023]
Finished job 107.
84 of 115 steps (73%) done
Select jobs to execute...

[Sat Oct 21 00:23:26 2023]
rule create_json_files:
    input: ../../release/stripping_pages/processed, create_json_files.py
    output: ../../release/stripping_pages/temp/json_success_stripping21r1p1_commonparticles.txt
    jobid: 115
    reason: Missing output files: ../../release/stripping_pages/temp/json_success_stripping21r1p1_commonparticles.txt
    wildcards: version=stripping21r1p1, stream=commonparticles
    resources: tmpdir=/var/folders/45/mg69sv5j77930c4g6fztkg5w0000gn/T

[Sat Oct 21 00:23:26 2023]
Finished job 85.
85 of 115 steps (74%) done
Select jobs to execute...

[Sat Oct 21 00:23:26 2023]
rule create_json_files:
    input: ../../release/stripping_pages/processed, create_json_files.py
    output: ../../release/stripping_pages/temp/json_success_stripping21r0p2_charmcompleteevent.txt
    jobid: 93
    reason: Missing output files: ../../release/stripping_pages/temp/json_success_stripping21r0p2_charmcompleteevent.txt
    wildcards: version=stripping21r0p2, stream=charmcompleteevent
    resources: tmpdir=/var/folders/45/mg69sv5j77930c4g6fztkg5w0000gn/T

[Sat Oct 21 00:23:27 2023]
Finished job 70.
86 of 115 steps (75%) done
Select jobs to execute...

[Sat Oct 21 00:23:27 2023]
rule create_json_files:
    input: ../../release/stripping_pages/processed, create_json_files.py
    output: ../../release/stripping_pages/temp/json_success_stripping21r1p2_semileptonic.txt
    jobid: 123
    reason: Missing output files: ../../release/stripping_pages/temp/json_success_stripping21r1p2_semileptonic.txt
    wildcards: version=stripping21r1p2, stream=semileptonic
    resources: tmpdir=/var/folders/45/mg69sv5j77930c4g6fztkg5w0000gn/T

[Sat Oct 21 00:23:27 2023]
Finished job 115.
87 of 115 steps (76%) done
Select jobs to execute...

[Sat Oct 21 00:23:27 2023]
rule create_json_files:
    input: ../../release/stripping_pages/processed, create_json_files.py
    output: ../../release/stripping_pages/temp/json_success_stripping21r1p1_leptonic.txt
    jobid: 108
    reason: Missing output files: ../../release/stripping_pages/temp/json_success_stripping21r1p1_leptonic.txt
    wildcards: version=stripping21r1p1, stream=leptonic
    resources: tmpdir=/var/folders/45/mg69sv5j77930c4g6fztkg5w0000gn/T

[Sat Oct 21 00:23:27 2023]
Finished job 93.
88 of 115 steps (77%) done
Select jobs to execute...

[Sat Oct 21 00:23:27 2023]
rule create_json_files:
    input: ../../release/stripping_pages/processed, create_json_files.py
    output: ../../release/stripping_pages/temp/json_success_stripping21r1_bhadroncompleteevent.txt
    jobid: 101
    reason: Missing output files: ../../release/stripping_pages/temp/json_success_stripping21r1_bhadroncompleteevent.txt
    wildcards: version=stripping21r1, stream=bhadroncompleteevent
    resources: tmpdir=/var/folders/45/mg69sv5j77930c4g6fztkg5w0000gn/T

[Sat Oct 21 00:23:27 2023]
Finished job 123.
89 of 115 steps (77%) done
Select jobs to execute...

[Sat Oct 21 00:23:27 2023]
rule create_json_files:
    input: ../../release/stripping_pages/processed, create_json_files.py
    output: ../../release/stripping_pages/temp/json_success_stripping21_bhadron.txt
    jobid: 72
    reason: Missing output files: ../../release/stripping_pages/temp/json_success_stripping21_bhadron.txt
    wildcards: version=stripping21, stream=bhadron
    resources: tmpdir=/var/folders/45/mg69sv5j77930c4g6fztkg5w0000gn/T

[Sat Oct 21 00:23:27 2023]
Finished job 108.
90 of 115 steps (78%) done
Select jobs to execute...

[Sat Oct 21 00:23:27 2023]
rule create_json_files:
    input: ../../release/stripping_pages/processed, create_json_files.py
    output: ../../release/stripping_pages/temp/json_success_stripping21r1p2_leptonic.txt
    jobid: 117
    reason: Missing output files: ../../release/stripping_pages/temp/json_success_stripping21r1p2_leptonic.txt
    wildcards: version=stripping21r1p2, stream=leptonic
    resources: tmpdir=/var/folders/45/mg69sv5j77930c4g6fztkg5w0000gn/T

[Sat Oct 21 00:23:27 2023]
Finished job 101.
91 of 115 steps (79%) done
Select jobs to execute...

[Sat Oct 21 00:23:27 2023]
rule create_json_files:
    input: ../../release/stripping_pages/processed, create_json_files.py
    output: ../../release/stripping_pages/temp/json_success_stripping21r0p2_semileptonic.txt
    jobid: 95
    reason: Missing output files: ../../release/stripping_pages/temp/json_success_stripping21r0p2_semileptonic.txt
    wildcards: version=stripping21r0p2, stream=semileptonic
    resources: tmpdir=/var/folders/45/mg69sv5j77930c4g6fztkg5w0000gn/T

[Sat Oct 21 00:23:27 2023]
Finished job 100.
92 of 115 steps (80%) done
Select jobs to execute...

[Sat Oct 21 00:23:27 2023]
rule create_json_files:
    input: ../../release/stripping_pages/processed, create_json_files.py
    output: ../../release/stripping_pages/temp/json_success_stripping21r0p1_leptonic.txt
    jobid: 80
    reason: Missing output files: ../../release/stripping_pages/temp/json_success_stripping21r0p1_leptonic.txt
    wildcards: version=stripping21r0p1, stream=leptonic
    resources: tmpdir=/var/folders/45/mg69sv5j77930c4g6fztkg5w0000gn/T

[Sat Oct 21 00:23:27 2023]
Finished job 95.
93 of 115 steps (81%) done
Select jobs to execute...

[Sat Oct 21 00:23:27 2023]
rule create_json_files:
    input: ../../release/stripping_pages/processed, create_json_files.py
    output: ../../release/stripping_pages/temp/json_success_stripping21r1p1_bhadroncompleteevent.txt
    jobid: 110
    reason: Missing output files: ../../release/stripping_pages/temp/json_success_stripping21r1p1_bhadroncompleteevent.txt
    wildcards: version=stripping21r1p1, stream=bhadroncompleteevent
    resources: tmpdir=/var/folders/45/mg69sv5j77930c4g6fztkg5w0000gn/T

[Sat Oct 21 00:23:27 2023]
Finished job 117.
94 of 115 steps (82%) done
Select jobs to execute...

[Sat Oct 21 00:23:27 2023]
rule create_json_files:
    input: ../../release/stripping_pages/processed, create_json_files.py
    output: ../../release/stripping_pages/temp/json_success_stripping21r0p1_semileptonic.txt
    jobid: 86
    reason: Missing output files: ../../release/stripping_pages/temp/json_success_stripping21r0p1_semileptonic.txt
    wildcards: version=stripping21r0p1, stream=semileptonic
    resources: tmpdir=/var/folders/45/mg69sv5j77930c4g6fztkg5w0000gn/T

[Sat Oct 21 00:23:27 2023]
Finished job 80.
95 of 115 steps (83%) done
Select jobs to execute...

[Sat Oct 21 00:23:27 2023]
rule create_json_files:
    input: ../../release/stripping_pages/processed, create_json_files.py
    output: ../../release/stripping_pages/temp/json_success_stripping21r1_charmcompleteevent.txt
    jobid: 103
    reason: Missing output files: ../../release/stripping_pages/temp/json_success_stripping21r1_charmcompleteevent.txt
    wildcards: version=stripping21r1, stream=charmcompleteevent
    resources: tmpdir=/var/folders/45/mg69sv5j77930c4g6fztkg5w0000gn/T

[Sat Oct 21 00:23:27 2023]
Finished job 110.
96 of 115 steps (83%) done
Select jobs to execute...

[Sat Oct 21 00:23:27 2023]
rule create_json_files:
    input: ../../release/stripping_pages/processed, create_json_files.py
    output: ../../release/stripping_pages/temp/json_success_stripping21r1p2_ew.txt
    jobid: 116
    reason: Missing output files: ../../release/stripping_pages/temp/json_success_stripping21r1p2_ew.txt
    wildcards: version=stripping21r1p2, stream=ew
    resources: tmpdir=/var/folders/45/mg69sv5j77930c4g6fztkg5w0000gn/T

[Sat Oct 21 00:23:27 2023]
Finished job 86.
97 of 115 steps (84%) done
Select jobs to execute...

[Sat Oct 21 00:23:27 2023]
rule create_json_files:
    input: ../../release/stripping_pages/processed, create_json_files.py
    output: ../../release/stripping_pages/temp/json_success_stripping21r0p2_ew.txt
    jobid: 88
    reason: Missing output files: ../../release/stripping_pages/temp/json_success_stripping21r0p2_ew.txt
    wildcards: version=stripping21r0p2, stream=ew
    resources: tmpdir=/var/folders/45/mg69sv5j77930c4g6fztkg5w0000gn/T

[Sat Oct 21 00:23:27 2023]
Finished job 103.
98 of 115 steps (85%) done
Select jobs to execute...

[Sat Oct 21 00:23:27 2023]
rule create_json_files:
    input: ../../release/stripping_pages/processed, create_json_files.py
    output: ../../release/stripping_pages/temp/json_success_stripping21r0p1_bhadron.txt
    jobid: 81
    reason: Missing output files: ../../release/stripping_pages/temp/json_success_stripping21r0p1_bhadron.txt
    wildcards: version=stripping21r0p1, stream=bhadron
    resources: tmpdir=/var/folders/45/mg69sv5j77930c4g6fztkg5w0000gn/T

[Sat Oct 21 00:23:27 2023]
Finished job 116.
99 of 115 steps (86%) done
Select jobs to execute...

[Sat Oct 21 00:23:27 2023]
rule create_json_files:
    input: ../../release/stripping_pages/processed, create_json_files.py
    output: ../../release/stripping_pages/temp/json_success_stripping21_bhadroncompleteevent.txt
    jobid: 73
    reason: Missing output files: ../../release/stripping_pages/temp/json_success_stripping21_bhadroncompleteevent.txt
    wildcards: version=stripping21, stream=bhadroncompleteevent
    resources: tmpdir=/var/folders/45/mg69sv5j77930c4g6fztkg5w0000gn/T

[Sat Oct 21 00:23:27 2023]
Finished job 88.
100 of 115 steps (87%) done
Select jobs to execute...

[Sat Oct 21 00:23:27 2023]
rule create_json_files:
    input: ../../release/stripping_pages/processed, create_json_files.py
    output: ../../release/stripping_pages/temp/json_success_stripping21r1p2_bhadron.txt
    jobid: 118
    reason: Missing output files: ../../release/stripping_pages/temp/json_success_stripping21r1p2_bhadron.txt
    wildcards: version=stripping21r1p2, stream=bhadron
    resources: tmpdir=/var/folders/45/mg69sv5j77930c4g6fztkg5w0000gn/T

[Sat Oct 21 00:23:28 2023]
Finished job 72.
101 of 115 steps (88%) done
Select jobs to execute...

[Sat Oct 21 00:23:28 2023]
rule create_json_files:
    input: ../../release/stripping_pages/processed, create_json_files.py
    output: ../../release/stripping_pages/temp/json_success_stripping21r0p2_commonparticles.txt
    jobid: 96
    reason: Missing output files: ../../release/stripping_pages/temp/json_success_stripping21r0p2_commonparticles.txt
    wildcards: version=stripping21r0p2, stream=commonparticles
    resources: tmpdir=/var/folders/45/mg69sv5j77930c4g6fztkg5w0000gn/T

[Sat Oct 21 00:23:28 2023]
Finished job 81.
102 of 115 steps (89%) done
Select jobs to execute...

[Sat Oct 21 00:23:28 2023]
rule create_json_files:
    input: ../../release/stripping_pages/processed, create_json_files.py
    output: ../../release/stripping_pages/temp/json_success_stripping21r0p2_dimuon.txt
    jobid: 94
    reason: Missing output files: ../../release/stripping_pages/temp/json_success_stripping21r0p2_dimuon.txt
    wildcards: version=stripping21r0p2, stream=dimuon
    resources: tmpdir=/var/folders/45/mg69sv5j77930c4g6fztkg5w0000gn/T

[Sat Oct 21 00:23:28 2023]
Finished job 73.
103 of 115 steps (90%) done
Select jobs to execute...

[Sat Oct 21 00:23:28 2023]
rule create_json_files:
    input: ../../release/stripping_pages/processed, create_json_files.py
    output: ../../release/stripping_pages/temp/json_success_stripping21r1p2_commonparticles.txt
    jobid: 124
    reason: Missing output files: ../../release/stripping_pages/temp/json_success_stripping21r1p2_commonparticles.txt
    wildcards: version=stripping21r1p2, stream=commonparticles
    resources: tmpdir=/var/folders/45/mg69sv5j77930c4g6fztkg5w0000gn/T

[Sat Oct 21 00:23:28 2023]
Finished job 118.
104 of 115 steps (90%) done
Select jobs to execute...

[Sat Oct 21 00:23:28 2023]
rule create_json_files:
    input: ../../release/stripping_pages/processed, create_json_files.py
    output: ../../release/stripping_pages/temp/json_success_stripping21r1p1_bhadron.txt
    jobid: 109
    reason: Missing output files: ../../release/stripping_pages/temp/json_success_stripping21r1p1_bhadron.txt
    wildcards: version=stripping21r1p1, stream=bhadron
    resources: tmpdir=/var/folders/45/mg69sv5j77930c4g6fztkg5w0000gn/T

[Sat Oct 21 00:23:28 2023]
Finished job 94.
105 of 115 steps (91%) done
Select jobs to execute...

[Sat Oct 21 00:23:28 2023]
rule create_json_files:
    input: ../../release/stripping_pages/processed, create_json_files.py
    output: ../../release/stripping_pages/temp/json_success_stripping21r1p1_charm.txt
    jobid: 111
    reason: Missing output files: ../../release/stripping_pages/temp/json_success_stripping21r1p1_charm.txt
    wildcards: version=stripping21r1p1, stream=charm
    resources: tmpdir=/var/folders/45/mg69sv5j77930c4g6fztkg5w0000gn/T

[Sat Oct 21 00:23:28 2023]
Finished job 96.
106 of 115 steps (92%) done
Select jobs to execute...

[Sat Oct 21 00:23:28 2023]
rule create_json_files:
    input: ../../release/stripping_pages/processed, create_json_files.py
    output: ../../release/stripping_pages/temp/json_success_stripping21r1_charm.txt
    jobid: 102
    reason: Missing output files: ../../release/stripping_pages/temp/json_success_stripping21r1_charm.txt
    wildcards: version=stripping21r1, stream=charm
    resources: tmpdir=/var/folders/45/mg69sv5j77930c4g6fztkg5w0000gn/T

[Sat Oct 21 00:23:28 2023]
Finished job 124.
107 of 115 steps (93%) done
[Sat Oct 21 00:23:28 2023]
Finished job 111.
108 of 115 steps (94%) done
[Sat Oct 21 00:23:28 2023]
Finished job 109.
109 of 115 steps (95%) done
[Sat Oct 21 00:23:28 2023]
Finished job 102.
110 of 115 steps (96%) done
[Sat Oct 21 00:26:46 2023]
Finished job 53.
111 of 115 steps (97%) done
[Sat Oct 21 00:26:46 2023]
Finished job 25.
112 of 115 steps (97%) done
[Sat Oct 21 00:28:43 2023]
Finished job 62.
113 of 115 steps (98%) done
[Sat Oct 21 00:28:43 2023]
Finished job 34.
114 of 115 steps (99%) done
Select jobs to execute...

[Sat Oct 21 00:28:43 2023]
localrule prepare_stripping:
    input: ../../release/stripping_pages/temp/stripping21/clean_index.html, ../../release/stripping_pages/temp/stripping21r0p1/clean_index.html, ../../release/stripping_pages/temp/stripping21r0p2/clean_index.html, ../../release/stripping_pages/temp/stripping21r1/clean_index.html, ../../release/stripping_pages/temp/stripping21r1p1/clean_index.html, ../../release/stripping_pages/temp/stripping21r1p2/clean_index.html, ../../release/stripping_pages/processed/stripping21/stripping21-index.md, ../../release/stripping_pages/processed/stripping21r0p1/stripping21r0p1-index.md, ../../release/stripping_pages/processed/stripping21r0p2/stripping21r0p2-index.md, ../../release/stripping_pages/processed/stripping21r1/stripping21r1-index.md, ../../release/stripping_pages/processed/stripping21r1p1/stripping21r1p1-index.md, ../../release/stripping_pages/processed/stripping21r1p2/stripping21r1p2-index.md, ../../release/stripping_pages/temp/stripping21/ew/success.txt, ../../release/stripping_pages/temp/stripping21/leptonic/success.txt, ../../release/stripping_pages/temp/stripping21/radiative/success.txt, ../../release/stripping_pages/temp/stripping21/bhadron/success.txt, ../../release/stripping_pages/temp/stripping21/bhadroncompleteevent/success.txt, ../../release/stripping_pages/temp/stripping21/charm/success.txt, ../../release/stripping_pages/temp/stripping21/charmcompleteevent/success.txt, ../../release/stripping_pages/temp/stripping21/dimuon/success.txt, ../../release/stripping_pages/temp/stripping21/semileptonic/success.txt, ../../release/stripping_pages/temp/stripping21/commonparticles/success.txt, ../../release/stripping_pages/temp/stripping21r0p1/ew/success.txt, ../../release/stripping_pages/temp/stripping21r0p1/leptonic/success.txt, ../../release/stripping_pages/temp/stripping21r0p1/bhadron/success.txt, ../../release/stripping_pages/temp/stripping21r0p1/bhadroncompleteevent/success.txt, ../../release/stripping_pages/temp/stripping21r0p1/charm/success.txt, ../../release/stripping_pages/temp/stripping21r0p1/charmcompleteevent/success.txt, ../../release/stripping_pages/temp/stripping21r0p1/dimuon/success.txt, ../../release/stripping_pages/temp/stripping21r0p1/semileptonic/success.txt, ../../release/stripping_pages/temp/stripping21r0p1/commonparticles/success.txt, ../../release/stripping_pages/temp/stripping21r0p2/ew/success.txt, ../../release/stripping_pages/temp/stripping21r0p2/leptonic/success.txt, ../../release/stripping_pages/temp/stripping21r0p2/bhadron/success.txt, ../../release/stripping_pages/temp/stripping21r0p2/bhadroncompleteevent/success.txt, ../../release/stripping_pages/temp/stripping21r0p2/charm/success.txt, ../../release/stripping_pages/temp/stripping21r0p2/charmcompleteevent/success.txt, ../../release/stripping_pages/temp/stripping21r0p2/dimuon/success.txt, ../../release/stripping_pages/temp/stripping21r0p2/semileptonic/success.txt, ../../release/stripping_pages/temp/stripping21r0p2/commonparticles/success.txt, ../../release/stripping_pages/temp/stripping21r1/ew/success.txt, ../../release/stripping_pages/temp/stripping21r1/leptonic/success.txt, ../../release/stripping_pages/temp/stripping21r1/radiative/success.txt, ../../release/stripping_pages/temp/stripping21r1/bhadron/success.txt, ../../release/stripping_pages/temp/stripping21r1/bhadroncompleteevent/success.txt, ../../release/stripping_pages/temp/stripping21r1/charm/success.txt, ../../release/stripping_pages/temp/stripping21r1/charmcompleteevent/success.txt, ../../release/stripping_pages/temp/stripping21r1/dimuon/success.txt, ../../release/stripping_pages/temp/stripping21r1/semileptonic/success.txt, ../../release/stripping_pages/temp/stripping21r1/commonparticles/success.txt, ../../release/stripping_pages/temp/stripping21r1p1/ew/success.txt, ../../release/stripping_pages/temp/stripping21r1p1/leptonic/success.txt, ../../release/stripping_pages/temp/stripping21r1p1/bhadron/success.txt, ../../release/stripping_pages/temp/stripping21r1p1/bhadroncompleteevent/success.txt, ../../release/stripping_pages/temp/stripping21r1p1/charm/success.txt, ../../release/stripping_pages/temp/stripping21r1p1/charmcompleteevent/success.txt, ../../release/stripping_pages/temp/stripping21r1p1/dimuon/success.txt, ../../release/stripping_pages/temp/stripping21r1p1/semileptonic/success.txt, ../../release/stripping_pages/temp/stripping21r1p1/commonparticles/success.txt, ../../release/stripping_pages/temp/stripping21r1p2/ew/success.txt, ../../release/stripping_pages/temp/stripping21r1p2/leptonic/success.txt, ../../release/stripping_pages/temp/stripping21r1p2/bhadron/success.txt, ../../release/stripping_pages/temp/stripping21r1p2/bhadroncompleteevent/success.txt, ../../release/stripping_pages/temp/stripping21r1p2/charm/success.txt, ../../release/stripping_pages/temp/stripping21r1p2/charmcompleteevent/success.txt, ../../release/stripping_pages/temp/stripping21r1p2/dimuon/success.txt, ../../release/stripping_pages/temp/stripping21r1p2/semileptonic/success.txt, ../../release/stripping_pages/temp/stripping21r1p2/commonparticles/success.txt, ../../release/stripping_pages/temp/json_success_stripping21_ew.txt, ../../release/stripping_pages/temp/json_success_stripping21_leptonic.txt, ../../release/stripping_pages/temp/json_success_stripping21_radiative.txt, ../../release/stripping_pages/temp/json_success_stripping21_bhadron.txt, ../../release/stripping_pages/temp/json_success_stripping21_bhadroncompleteevent.txt, ../../release/stripping_pages/temp/json_success_stripping21_charm.txt, ../../release/stripping_pages/temp/json_success_stripping21_charmcompleteevent.txt, ../../release/stripping_pages/temp/json_success_stripping21_dimuon.txt, ../../release/stripping_pages/temp/json_success_stripping21_semileptonic.txt, ../../release/stripping_pages/temp/json_success_stripping21_commonparticles.txt, ../../release/stripping_pages/temp/json_success_stripping21r0p1_ew.txt, ../../release/stripping_pages/temp/json_success_stripping21r0p1_leptonic.txt, ../../release/stripping_pages/temp/json_success_stripping21r0p1_bhadron.txt, ../../release/stripping_pages/temp/json_success_stripping21r0p1_bhadroncompleteevent.txt, ../../release/stripping_pages/temp/json_success_stripping21r0p1_charm.txt, ../../release/stripping_pages/temp/json_success_stripping21r0p1_charmcompleteevent.txt, ../../release/stripping_pages/temp/json_success_stripping21r0p1_dimuon.txt, ../../release/stripping_pages/temp/json_success_stripping21r0p1_semileptonic.txt, ../../release/stripping_pages/temp/json_success_stripping21r0p1_commonparticles.txt, ../../release/stripping_pages/temp/json_success_stripping21r0p2_ew.txt, ../../release/stripping_pages/temp/json_success_stripping21r0p2_leptonic.txt, ../../release/stripping_pages/temp/json_success_stripping21r0p2_bhadron.txt, ../../release/stripping_pages/temp/json_success_stripping21r0p2_bhadroncompleteevent.txt, ../../release/stripping_pages/temp/json_success_stripping21r0p2_charm.txt, ../../release/stripping_pages/temp/json_success_stripping21r0p2_charmcompleteevent.txt, ../../release/stripping_pages/temp/json_success_stripping21r0p2_dimuon.txt, ../../release/stripping_pages/temp/json_success_stripping21r0p2_semileptonic.txt, ../../release/stripping_pages/temp/json_success_stripping21r0p2_commonparticles.txt, ../../release/stripping_pages/temp/json_success_stripping21r1_ew.txt, ../../release/stripping_pages/temp/json_success_stripping21r1_leptonic.txt, ../../release/stripping_pages/temp/json_success_stripping21r1_radiative.txt, ../../release/stripping_pages/temp/json_success_stripping21r1_bhadron.txt, ../../release/stripping_pages/temp/json_success_stripping21r1_bhadroncompleteevent.txt, ../../release/stripping_pages/temp/json_success_stripping21r1_charm.txt, ../../release/stripping_pages/temp/json_success_stripping21r1_charmcompleteevent.txt, ../../release/stripping_pages/temp/json_success_stripping21r1_dimuon.txt, ../../release/stripping_pages/temp/json_success_stripping21r1_semileptonic.txt, ../../release/stripping_pages/temp/json_success_stripping21r1_commonparticles.txt, ../../release/stripping_pages/temp/json_success_stripping21r1p1_ew.txt, ../../release/stripping_pages/temp/json_success_stripping21r1p1_leptonic.txt, ../../release/stripping_pages/temp/json_success_stripping21r1p1_bhadron.txt, ../../release/stripping_pages/temp/json_success_stripping21r1p1_bhadroncompleteevent.txt, ../../release/stripping_pages/temp/json_success_stripping21r1p1_charm.txt, ../../release/stripping_pages/temp/json_success_stripping21r1p1_charmcompleteevent.txt, ../../release/stripping_pages/temp/json_success_stripping21r1p1_dimuon.txt, ../../release/stripping_pages/temp/json_success_stripping21r1p1_semileptonic.txt, ../../release/stripping_pages/temp/json_success_stripping21r1p1_commonparticles.txt, ../../release/stripping_pages/temp/json_success_stripping21r1p2_ew.txt, ../../release/stripping_pages/temp/json_success_stripping21r1p2_leptonic.txt, ../../release/stripping_pages/temp/json_success_stripping21r1p2_bhadron.txt, ../../release/stripping_pages/temp/json_success_stripping21r1p2_bhadroncompleteevent.txt, ../../release/stripping_pages/temp/json_success_stripping21r1p2_charm.txt, ../../release/stripping_pages/temp/json_success_stripping21r1p2_charmcompleteevent.txt, ../../release/stripping_pages/temp/json_success_stripping21r1p2_dimuon.txt, ../../release/stripping_pages/temp/json_success_stripping21r1p2_semileptonic.txt, ../../release/stripping_pages/temp/json_success_stripping21r1p2_commonparticles.txt
    jobid: 0
    reason: Input files updated by another job: ../../release/stripping_pages/temp/json_success_stripping21r1p2_charmcompleteevent.txt, ../../release/stripping_pages/temp/stripping21r1/bhadron/success.txt, ../../release/stripping_pages/temp/stripping21/bhadron/success.txt, ../../release/stripping_pages/temp/stripping21r1p2/bhadron/success.txt, ../../release/stripping_pages/temp/stripping21r1p2/commonparticles/success.txt, ../../release/stripping_pages/temp/json_success_stripping21r0p1_charm.txt, ../../release/stripping_pages/temp/json_success_stripping21r1p2_bhadroncompleteevent.txt, ../../release/stripping_pages/temp/json_success_stripping21r1p2_semileptonic.txt, ../../release/stripping_pages/temp/stripping21r0p2/dimuon/success.txt, ../../release/stripping_pages/temp/json_success_stripping21r1_commonparticles.txt, ../../release/stripping_pages/temp/json_success_stripping21_bhadron.txt, ../../release/stripping_pages/temp/stripping21r1/charm/success.txt, ../../release/stripping_pages/temp/stripping21r1p1/commonparticles/success.txt, ../../release/stripping_pages/temp/stripping21r1p2/dimuon/success.txt, ../../release/stripping_pages/temp/json_success_stripping21r1p2_bhadron.txt, ../../release/stripping_pages/temp/json_success_stripping21_leptonic.txt, ../../release/stripping_pages/temp/stripping21r0p1/charm/success.txt, ../../release/stripping_pages/temp/json_success_stripping21r0p1_bhadron.txt, ../../release/stripping_pages/temp/stripping21r0p2/leptonic/success.txt, ../../release/stripping_pages/temp/json_success_stripping21r1p1_leptonic.txt, ../../release/stripping_pages/temp/json_success_stripping21r1p1_ew.txt, ../../release/stripping_pages/temp/json_success_stripping21r0p2_bhadroncompleteevent.txt, ../../release/stripping_pages/temp/json_success_stripping21r1p2_dimuon.txt, ../../release/stripping_pages/processed/stripping21r1p2/stripping21r1p2-index.md, ../../release/stripping_pages/temp/json_success_stripping21r0p2_semileptonic.txt, ../../release/stripping_pages/temp/stripping21/leptonic/success.txt, ../../release/stripping_pages/temp/json_success_stripping21r0p1_charmcompleteevent.txt, ../../release/stripping_pages/temp/stripping21/clean_index.html, ../../release/stripping_pages/temp/json_success_stripping21_dimuon.txt, ../../release/stripping_pages/temp/json_success_stripping21_charm.txt, ../../release/stripping_pages/temp/json_success_stripping21_charmcompleteevent.txt, ../../release/stripping_pages/temp/json_success_stripping21r0p2_leptonic.txt, ../../release/stripping_pages/temp/stripping21/dimuon/success.txt, ../../release/stripping_pages/temp/json_success_stripping21r1p2_charm.txt, ../../release/stripping_pages/temp/json_success_stripping21r0p1_leptonic.txt, ../../release/stripping_pages/temp/json_success_stripping21r1p1_semileptonic.txt, ../../release/stripping_pages/temp/stripping21r1/leptonic/success.txt, ../../release/stripping_pages/temp/stripping21r1/dimuon/success.txt, ../../release/stripping_pages/temp/stripping21r1p2/semileptonic/success.txt, ../../release/stripping_pages/temp/json_success_stripping21r1_ew.txt, ../../release/stripping_pages/temp/json_success_stripping21r1p2_commonparticles.txt, ../../release/stripping_pages/temp/json_success_stripping21_semileptonic.txt, ../../release/stripping_pages/temp/json_success_stripping21r1_leptonic.txt, ../../release/stripping_pages/temp/stripping21r1p2/ew/success.txt, ../../release/stripping_pages/temp/json_success_stripping21r1p2_leptonic.txt, ../../release/stripping_pages/temp/json_success_stripping21r0p1_semileptonic.txt, ../../release/stripping_pages/temp/json_success_stripping21r1p1_bhadroncompleteevent.txt, ../../release/stripping_pages/temp/json_success_stripping21r1p1_charmcompleteevent.txt, ../../release/stripping_pages/temp/stripping21r1p1/clean_index.html, ../../release/stripping_pages/temp/json_success_stripping21r0p1_dimuon.txt, ../../release/stripping_pages/temp/stripping21r0p1/clean_index.html, ../../release/stripping_pages/temp/stripping21r1p2/charm/success.txt, ../../release/stripping_pages/temp/stripping21r0p1/leptonic/success.txt, ../../release/stripping_pages/temp/stripping21r0p1/bhadron/success.txt, ../../release/stripping_pages/temp/stripping21r0p2/bhadroncompleteevent/success.txt, ../../release/stripping_pages/temp/stripping21r0p2/commonparticles/success.txt, ../../release/stripping_pages/temp/stripping21r1/charmcompleteevent/success.txt, ../../release/stripping_pages/temp/stripping21/charmcompleteevent/success.txt, ../../release/stripping_pages/temp/stripping21r0p1/bhadroncompleteevent/success.txt, ../../release/stripping_pages/temp/json_success_stripping21r1_charm.txt, ../../release/stripping_pages/temp/json_success_stripping21r1p1_dimuon.txt, ../../release/stripping_pages/temp/stripping21r1/bhadroncompleteevent/success.txt, ../../release/stripping_pages/temp/stripping21r1/ew/success.txt, ../../release/stripping_pages/processed/stripping21r1/stripping21r1-index.md, ../../release/stripping_pages/temp/stripping21r1p2/clean_index.html, ../../release/stripping_pages/temp/json_success_stripping21r1p1_charm.txt, ../../release/stripping_pages/temp/json_success_stripping21r1p2_ew.txt, ../../release/stripping_pages/temp/json_success_stripping21r1_bhadron.txt, ../../release/stripping_pages/temp/stripping21r0p1/charmcompleteevent/success.txt, ../../release/stripping_pages/temp/stripping21r0p1/semileptonic/success.txt, ../../release/stripping_pages/temp/json_success_stripping21r1p1_bhadron.txt, ../../release/stripping_pages/temp/json_success_stripping21r1_charmcompleteevent.txt, ../../release/stripping_pages/temp/stripping21r1/radiative/success.txt, ../../release/stripping_pages/temp/stripping21/semileptonic/success.txt, ../../release/stripping_pages/temp/stripping21r0p2/charmcompleteevent/success.txt, ../../release/stripping_pages/temp/stripping21r1/semileptonic/success.txt, ../../release/stripping_pages/temp/json_success_stripping21r1_radiative.txt, ../../release/stripping_pages/processed/stripping21/stripping21-index.md, ../../release/stripping_pages/temp/json_success_stripping21r1p1_commonparticles.txt, ../../release/stripping_pages/temp/json_success_stripping21r0p2_ew.txt, ../../release/stripping_pages/temp/stripping21r1p1/charmcompleteevent/success.txt, ../../release/stripping_pages/temp/stripping21r0p2/semileptonic/success.txt, ../../release/stripping_pages/temp/stripping21r1p1/bhadroncompleteevent/success.txt, ../../release/stripping_pages/temp/json_success_stripping21r0p2_dimuon.txt, ../../release/stripping_pages/temp/json_success_stripping21r0p2_commonparticles.txt, ../../release/stripping_pages/temp/json_success_stripping21r0p2_charmcompleteevent.txt, ../../release/stripping_pages/temp/stripping21r1/commonparticles/success.txt, ../../release/stripping_pages/temp/json_success_stripping21r1_bhadroncompleteevent.txt, ../../release/stripping_pages/processed/stripping21r0p2/stripping21r0p2-index.md, ../../release/stripping_pages/temp/stripping21r1/clean_index.html, ../../release/stripping_pages/temp/stripping21r0p2/charm/success.txt, ../../release/stripping_pages/processed/stripping21r1p1/stripping21r1p1-index.md, ../../release/stripping_pages/temp/stripping21r0p1/dimuon/success.txt, ../../release/stripping_pages/temp/stripping21r0p2/ew/success.txt, ../../release/stripping_pages/temp/stripping21r0p2/bhadron/success.txt, ../../release/stripping_pages/temp/json_success_stripping21r1_semileptonic.txt, ../../release/stripping_pages/temp/stripping21r1p1/ew/success.txt, ../../release/stripping_pages/temp/stripping21r1p1/semileptonic/success.txt, ../../release/stripping_pages/temp/json_success_stripping21r1_dimuon.txt, ../../release/stripping_pages/temp/stripping21r1p1/dimuon/success.txt, ../../release/stripping_pages/temp/json_success_stripping21_bhadroncompleteevent.txt, ../../release/stripping_pages/temp/stripping21/bhadroncompleteevent/success.txt, ../../release/stripping_pages/temp/stripping21r0p2/clean_index.html, ../../release/stripping_pages/temp/stripping21r1p1/leptonic/success.txt, ../../release/stripping_pages/temp/stripping21r1p1/bhadron/success.txt, ../../release/stripping_pages/temp/json_success_stripping21r0p2_bhadron.txt, ../../release/stripping_pages/processed/stripping21r0p1/stripping21r0p1-index.md, ../../release/stripping_pages/temp/stripping21/charm/success.txt, ../../release/stripping_pages/temp/stripping21r1p2/bhadroncompleteevent/success.txt, ../../release/stripping_pages/temp/stripping21r1p2/charmcompleteevent/success.txt, ../../release/stripping_pages/temp/json_success_stripping21r0p2_charm.txt, ../../release/stripping_pages/temp/json_success_stripping21r0p1_bhadroncompleteevent.txt, ../../release/stripping_pages/temp/stripping21r1p2/leptonic/success.txt, ../../release/stripping_pages/temp/stripping21r1p1/charm/success.txt
    resources: tmpdir=/var/folders/45/mg69sv5j77930c4g6fztkg5w0000gn/T

[Sat Oct 21 00:28:43 2023]
Finished job 0.
115 of 115 steps (100%) done
Complete log: .snakemake/log/2023-10-21T000847.203999.snakemake.log
