Building DAG of jobs...
Using shell: /bin/bash
Provided cores: 8
Rules claiming more threads will be scaled down.
Job stats:
job                  count
-----------------  -------
convert_index            1
prepare_stripping        1
total                    2

Select jobs to execute...

[Mon Oct 16 17:25:02 2023]
rule convert_index:
    input: ../release/stripping_pages/temp/stripping21/clean_index.html
    output: ../release/stripping_pages/processed/stripping21/stripping21-index.md
    jobid: 3
    reason: Missing output files: ../release/stripping_pages/processed/stripping21/stripping21-index.md
    wildcards: version=stripping21
    resources: tmpdir=/var/folders/45/mg69sv5j77930c4g6fztkg5w0000gn/T

[Mon Oct 16 17:25:04 2023]
Finished job 3.
1 of 2 steps (50%) done
Select jobs to execute...

[Mon Oct 16 17:25:04 2023]
localrule prepare_stripping:
    input: ../release/stripping_pages/temp/stripping21/stripped_index.html, ../release/stripping_pages/temp/stripping21/clean_index.html, ../release/stripping_pages/processed/stripping21/stripping21-index.md
    jobid: 0
    reason: Input files updated by another job: ../release/stripping_pages/processed/stripping21/stripping21-index.md
    resources: tmpdir=/var/folders/45/mg69sv5j77930c4g6fztkg5w0000gn/T

[Mon Oct 16 17:25:04 2023]
Finished job 0.
2 of 2 steps (100%) done
Complete log: .snakemake/log/2023-10-16T172502.069079.snakemake.log
