Building DAG of jobs...
Using shell: /bin/bash
Provided cores: 8
Rules claiming more threads will be scaled down.
Job stats:
job                      count
---------------------  -------
clean_index                  1
clean_stripping_pages        1
convert_index                1
prepare_stripping            1
total                        4

Select jobs to execute...

[Fri Oct 20 21:08:53 2023]
rule clean_index:
    input: ../../config.yaml, clean_index.py, /Users/mindaugassarpis/Work/StrippingPages/stripping21r0p1/index.html
    output: ../../release/stripping_pages/temp/stripping21r0p1/clean_index.html
    jobid: 1
    reason: Missing output files: ../../release/stripping_pages/temp/stripping21r0p1/clean_index.html
    wildcards: version=stripping21r0p1
    resources: tmpdir=/var/folders/45/mg69sv5j77930c4g6fztkg5w0000gn/T


[Fri Oct 20 21:08:53 2023]
rule clean_stripping_pages:
    input: /Users/mindaugassarpis/Work/StrippingPages/stripping21r0p1/commonparticles, single_clean_stripping_page.py
    output: ../../release/stripping_pages/processed/stripping21r0p1/commonparticles, ../../release/stripping_pages/temp/stripping21r0p1/commonparticles, ../../release/stripping_pages/temp/stripping21r0p1/commonparticles/success.txt
    jobid: 3
    reason: Missing output files: ../../release/stripping_pages/temp/stripping21r0p1/commonparticles/success.txt
    wildcards: version=stripping21r0p1, stream=commonparticles
    resources: tmpdir=/var/folders/45/mg69sv5j77930c4g6fztkg5w0000gn/T

[Fri Oct 20 21:08:54 2023]
Finished job 1.
1 of 4 steps (25%) done
Select jobs to execute...

[Fri Oct 20 21:08:54 2023]
rule convert_index:
    input: ../../release/stripping_pages/temp/stripping21r0p1/clean_index.html
    output: ../../release/stripping_pages/processed/stripping21r0p1/stripping21r0p1-index.md
    jobid: 2
    reason: Input files updated by another job: ../../release/stripping_pages/temp/stripping21r0p1/clean_index.html
    wildcards: version=stripping21r0p1
    resources: tmpdir=/var/folders/45/mg69sv5j77930c4g6fztkg5w0000gn/T

[Fri Oct 20 21:08:54 2023]
Finished job 2.
2 of 4 steps (50%) done
[Fri Oct 20 21:09:08 2023]
Finished job 3.
3 of 4 steps (75%) done
Select jobs to execute...

[Fri Oct 20 21:09:08 2023]
localrule prepare_stripping:
    input: ../../release/stripping_pages/temp/stripping21r0p1/clean_index.html, ../../release/stripping_pages/processed/stripping21r0p1/stripping21r0p1-index.md, ../../release/stripping_pages/temp/stripping21r0p1/commonparticles/success.txt
    jobid: 0
    reason: Input files updated by another job: ../../release/stripping_pages/processed/stripping21r0p1/stripping21r0p1-index.md, ../../release/stripping_pages/temp/stripping21r0p1/commonparticles/success.txt, ../../release/stripping_pages/temp/stripping21r0p1/clean_index.html
    resources: tmpdir=/var/folders/45/mg69sv5j77930c4g6fztkg5w0000gn/T

[Fri Oct 20 21:09:08 2023]
Finished job 0.
4 of 4 steps (100%) done
Complete log: .snakemake/log/2023-10-20T210853.619353.snakemake.log
