Building DAG of jobs...
Using shell: /bin/bash
Provided cores: 8
Rules claiming more threads will be scaled down.
Job stats:
job                  count
-----------------  -------
prepare_stripping        1
strip_index              1
total                    2

Select jobs to execute...

[Mon Oct 16 16:52:03 2023]
rule strip_index:
    input: strip_index_pages.py, /Users/mindaugassarpis/Work/StrippingPages/stripping21/index.html
    output: ../release/stripping_pages/temp/stripping21/stripped_index.html
    jobid: 1
    reason: Missing output files: ../release/stripping_pages/temp/stripping21/stripped_index.html
    wildcards: version=stripping21
    resources: tmpdir=/var/folders/45/mg69sv5j77930c4g6fztkg5w0000gn/T

[Mon Oct 16 16:52:03 2023]
Error in rule strip_index:
    jobid: 1
    input: strip_index_pages.py, /Users/mindaugassarpis/Work/StrippingPages/stripping21/index.html
    output: ../release/stripping_pages/temp/stripping21/stripped_index.html
    shell:
        
        python3 strip_index_pages.py                 --inputfile /Users/mindaugassarpis/Work/StrippingPages/stripping21/index.html         --outputfile ../release/stripping_pages/temp/stripping21/stripped_index.html 
        
        (one of the commands exited with non-zero exit code; note that snakemake uses bash strict mode!)

Removing output files of failed job strip_index since they might be corrupted:
../release/stripping_pages/temp/stripping21/stripped_index.html
Shutting down, this might take some time.
Exiting because a job execution failed. Look above for error message
Complete log: .snakemake/log/2023-10-16T165203.722585.snakemake.log
