Building DAG of jobs...
Using shell: /bin/bash
Provided cores: 8
Rules claiming more threads will be scaled down.
Job stats:
job                       count
----------------------  -------
download_raw_stripping        2
prepare_stripping             1
strip_index                   2
total                         5

Select jobs to execute...

[Wed Sep 27 16:15:04 2023]
rule download_raw_stripping:
    input: raw_stripping_downloader.py
    output: /Users/mindaugassarpis/Work/OpenData/release/stripping_pages/raw/stripping21r0p2/index.html
    jobid: 4
    reason: Missing output files: /Users/mindaugassarpis/Work/OpenData/release/stripping_pages/raw/stripping21r0p2/index.html
    wildcards: version=stripping21r0p2
    resources: tmpdir=/var/folders/45/mg69sv5j77930c4g6fztkg5w0000gn/T


[Wed Sep 27 16:15:04 2023]
rule download_raw_stripping:
    input: raw_stripping_downloader.py
    output: /Users/mindaugassarpis/Work/OpenData/release/stripping_pages/raw/stripping21/index.html
    jobid: 2
    reason: Missing output files: /Users/mindaugassarpis/Work/OpenData/release/stripping_pages/raw/stripping21/index.html
    wildcards: version=stripping21
    resources: tmpdir=/var/folders/45/mg69sv5j77930c4g6fztkg5w0000gn/T

[Wed Sep 27 16:20:30 2023]
Finished job 2.
1 of 5 steps (20%) done
Select jobs to execute...

[Wed Sep 27 16:20:30 2023]
rule strip_index:
    input: strip_index_pages.py, /Users/mindaugassarpis/Work/OpenData/release/stripping_pages/raw/stripping21/index.html
    output: /Users/mindaugassarpis/Work/OpenData/release/stripping_pages/processed/stripping21_html/index.html
    jobid: 1
    reason: Updated input files: strip_index_pages.py; Input files updated by another job: /Users/mindaugassarpis/Work/OpenData/release/stripping_pages/raw/stripping21/index.html
    wildcards: version=stripping21
    resources: tmpdir=/var/folders/45/mg69sv5j77930c4g6fztkg5w0000gn/T

[Wed Sep 27 16:20:31 2023]
Finished job 1.
2 of 5 steps (40%) done
[Wed Sep 27 16:20:31 2023]
Finished job 4.
3 of 5 steps (60%) done
Select jobs to execute...

[Wed Sep 27 16:20:31 2023]
rule strip_index:
    input: strip_index_pages.py, /Users/mindaugassarpis/Work/OpenData/release/stripping_pages/raw/stripping21r0p2/index.html
    output: /Users/mindaugassarpis/Work/OpenData/release/stripping_pages/processed/stripping21r0p2_html/index.html
    jobid: 3
    reason: Missing output files: /Users/mindaugassarpis/Work/OpenData/release/stripping_pages/processed/stripping21r0p2_html/index.html; Input files updated by another job: /Users/mindaugassarpis/Work/OpenData/release/stripping_pages/raw/stripping21r0p2/index.html
    wildcards: version=stripping21r0p2
    resources: tmpdir=/var/folders/45/mg69sv5j77930c4g6fztkg5w0000gn/T

[Wed Sep 27 16:20:31 2023]
Finished job 3.
4 of 5 steps (80%) done
Select jobs to execute...

[Wed Sep 27 16:20:31 2023]
localrule prepare_stripping:
    input: /Users/mindaugassarpis/Work/OpenData/release/stripping_pages/raw, /Users/mindaugassarpis/Work/OpenData/release/stripping_pages/processed/stripping21_html/index.html, /Users/mindaugassarpis/Work/OpenData/release/stripping_pages/processed/stripping21r0p2_html/index.html
    jobid: 0
    reason: Input files updated by another job: /Users/mindaugassarpis/Work/OpenData/release/stripping_pages/processed/stripping21_html/index.html, /Users/mindaugassarpis/Work/OpenData/release/stripping_pages/processed/stripping21r0p2_html/index.html
    resources: tmpdir=/var/folders/45/mg69sv5j77930c4g6fztkg5w0000gn/T

[Wed Sep 27 16:20:31 2023]
Finished job 0.
5 of 5 steps (100%) done
Complete log: .snakemake/log/2023-09-27T161504.726581.snakemake.log
