Building DAG of jobs...
Using shell: /bin/bash
Provided cores: 8
Rules claiming more threads will be scaled down.
Job stats:
job                      count
---------------------  -------
clean_stripping_pages        2
create_json_files            2
prepare_stripping            1
total                        5

Select jobs to execute...

[Mon Oct 23 23:57:05 2023]
rule clean_stripping_pages:
    input: /Users/mindaugassarpis/Work/StrippingPages/stripping21/semileptonic, single_clean_stripping_page.py
    output: ../../release/stripping_pages/processed/stripping21/semileptonic, ../../release/stripping_pages/temp/stripping21/semileptonic, ../../release/stripping_pages/temp/stripping21/semileptonic/success.txt
    jobid: 3
    reason: Missing output files: ../../release/stripping_pages/temp/stripping21/semileptonic/success.txt
    wildcards: version=stripping21, stream=semileptonic
    resources: tmpdir=/var/folders/45/mg69sv5j77930c4g6fztkg5w0000gn/T


[Mon Oct 23 23:57:05 2023]
rule clean_stripping_pages:
    input: /Users/mindaugassarpis/Work/StrippingPages/stripping21/commonparticles, single_clean_stripping_page.py
    output: ../../release/stripping_pages/processed/stripping21/commonparticles, ../../release/stripping_pages/temp/stripping21/commonparticles, ../../release/stripping_pages/temp/stripping21/commonparticles/success.txt
    jobid: 4
    reason: Missing output files: ../../release/stripping_pages/temp/stripping21/commonparticles/success.txt
    wildcards: version=stripping21, stream=commonparticles
    resources: tmpdir=/var/folders/45/mg69sv5j77930c4g6fztkg5w0000gn/T

[Mon Oct 23 23:57:15 2023]
Finished job 3.
1 of 5 steps (20%) done
Removing temporary output ../../release/stripping_pages/temp/stripping21/semileptonic.
Select jobs to execute...

[Mon Oct 23 23:57:15 2023]
rule create_json_files:
    input: create_json_files.py, ../../release/stripping_pages/temp/stripping21/semileptonic/success.txt
    output: ../../release/stripping_pages/temp/json_success_stripping21_semileptonic.txt
    log: ../../release/stripping_pages/temp/logs/json_stripping21_semileptonic.log
    jobid: 5
    reason: Missing output files: ../../release/stripping_pages/temp/json_success_stripping21_semileptonic.txt; Input files updated by another job: ../../release/stripping_pages/temp/stripping21/semileptonic/success.txt
    wildcards: version=stripping21, stream=semileptonic
    resources: tmpdir=/var/folders/45/mg69sv5j77930c4g6fztkg5w0000gn/T

Waiting at most 5 seconds for missing files.
