Building DAG of jobs...
Using shell: /bin/bash
Provided cores: 8
Rules claiming more threads will be scaled down.
Job stats:
job                      count
---------------------  -------
clean_stripping_pages        2
prepare_stripping            1
total                        3

Select jobs to execute...

[Thu Sep 28 13:08:10 2023]
rule clean_stripping_pages:
    input: clean_stripping_pages.py, /Users/mindaugassarpis/Work/OpenData/release/stripping_pages/raw/stripping21r1/radiative/strippingbetasbs2jpsieephiline.html
    output: /Users/mindaugassarpis/Work/OpenData/release/stripping_pages/processed/stripping21r1/radiative/strippingbetasbs2jpsieephiline_clean.html
    jobid: 2
    reason: Missing output files: /Users/mindaugassarpis/Work/OpenData/release/stripping_pages/processed/stripping21r1/radiative/strippingbetasbs2jpsieephiline_clean.html
    wildcards: version=stripping21r1, stream=radiative
    resources: tmpdir=/var/folders/45/mg69sv5j77930c4g6fztkg5w0000gn/T


[Thu Sep 28 13:08:10 2023]
rule clean_stripping_pages:
    input: clean_stripping_pages.py, /Users/mindaugassarpis/Work/OpenData/release/stripping_pages/raw/stripping21/radiative/strippingbetasbs2jpsieephiline.html
    output: /Users/mindaugassarpis/Work/OpenData/release/stripping_pages/processed/stripping21/radiative/strippingbetasbs2jpsieephiline_clean.html
    jobid: 1
    reason: Missing output files: /Users/mindaugassarpis/Work/OpenData/release/stripping_pages/processed/stripping21/radiative/strippingbetasbs2jpsieephiline_clean.html
    wildcards: version=stripping21, stream=radiative
    resources: tmpdir=/var/folders/45/mg69sv5j77930c4g6fztkg5w0000gn/T

[Thu Sep 28 13:08:10 2023]
Finished job 2.
1 of 3 steps (33%) done
[Thu Sep 28 13:08:10 2023]
Finished job 1.
2 of 3 steps (67%) done
Select jobs to execute...

[Thu Sep 28 13:08:10 2023]
rule prepare_stripping:
    input: /Users/mindaugassarpis/Work/OpenData/release/stripping_pages/processed/stripping21/radiative/strippingbetasbs2jpsieephiline_clean.html, /Users/mindaugassarpis/Work/OpenData/release/stripping_pages/processed/stripping21r1/radiative/strippingbetasbs2jpsieephiline_clean.html
    jobid: 0
    reason: Rules with a run or shell declaration but no output are always executed.
    resources: tmpdir=/var/folders/45/mg69sv5j77930c4g6fztkg5w0000gn/T

Shutting down, this might take some time.
Exiting because a job execution failed. Look above for error message
Complete log: .snakemake/log/2023-09-28T130810.293201.snakemake.log
