Building DAG of jobs...
Using shell: /bin/bash
Provided cores: 8
Rules claiming more threads will be scaled down.
Job stats:
job                      count
---------------------  -------
clean_stripping_pages        2
create_json_files            2
prepare_stripping            1
total                        5

Select jobs to execute...

[Tue Oct 24 00:22:30 2023]
rule clean_stripping_pages:
    input: /Users/mindaugassarpis/Work/StrippingPages/stripping21/semileptonic, single_clean_stripping_page.py
    output: ../../release/stripping_pages/processed/stripping21/semileptonic, ../../release/stripping_pages/temp/stripping21/semileptonic, ../../release/stripping_pages/temp/stripping21/semileptonic/success.txt
    jobid: 3
    reason: Missing output files: ../../release/stripping_pages/temp/stripping21/semileptonic/success.txt; Updated input files: single_clean_stripping_page.py
    wildcards: version=stripping21, stream=semileptonic
    resources: tmpdir=/var/folders/45/mg69sv5j77930c4g6fztkg5w0000gn/T


[Tue Oct 24 00:22:31 2023]
rule clean_stripping_pages:
    input: /Users/mindaugassarpis/Work/StrippingPages/stripping21/commonparticles, single_clean_stripping_page.py
    output: ../../release/stripping_pages/processed/stripping21/commonparticles, ../../release/stripping_pages/temp/stripping21/commonparticles, ../../release/stripping_pages/temp/stripping21/commonparticles/success.txt
    jobid: 4
    reason: Missing output files: ../../release/stripping_pages/temp/stripping21/commonparticles/success.txt; Updated input files: single_clean_stripping_page.py
    wildcards: version=stripping21, stream=commonparticles
    resources: tmpdir=/var/folders/45/mg69sv5j77930c4g6fztkg5w0000gn/T

[Tue Oct 24 00:22:41 2023]
Finished job 3.
1 of 5 steps (20%) done
Select jobs to execute...

[Tue Oct 24 00:22:41 2023]
rule create_json_files:
    input: create_json_files.py, ../../release/stripping_pages/temp/stripping21/semileptonic/success.txt
    output: ../../release/stripping_pages/temp/json_success_stripping21_semileptonic.txt
    log: ../../release/stripping_pages/temp/logs/json_stripping21_semileptonic.log
    jobid: 5
    reason: Missing output files: ../../release/stripping_pages/temp/json_success_stripping21_semileptonic.txt; Input files updated by another job: ../../release/stripping_pages/temp/stripping21/semileptonic/success.txt
    wildcards: version=stripping21, stream=semileptonic
    resources: tmpdir=/var/folders/45/mg69sv5j77930c4g6fztkg5w0000gn/T

[Tue Oct 24 00:22:42 2023]
Finished job 5.
2 of 5 steps (40%) done
[Tue Oct 24 00:22:43 2023]
Finished job 4.
3 of 5 steps (60%) done
Select jobs to execute...

[Tue Oct 24 00:22:43 2023]
rule create_json_files:
    input: create_json_files.py, ../../release/stripping_pages/temp/stripping21/commonparticles/success.txt
    output: ../../release/stripping_pages/temp/json_success_stripping21_commonparticles.txt
    log: ../../release/stripping_pages/temp/logs/json_stripping21_commonparticles.log
    jobid: 6
    reason: Missing output files: ../../release/stripping_pages/temp/json_success_stripping21_commonparticles.txt; Input files updated by another job: ../../release/stripping_pages/temp/stripping21/commonparticles/success.txt
    wildcards: version=stripping21, stream=commonparticles
    resources: tmpdir=/var/folders/45/mg69sv5j77930c4g6fztkg5w0000gn/T

[Tue Oct 24 00:22:43 2023]
Finished job 6.
4 of 5 steps (80%) done
Select jobs to execute...

[Tue Oct 24 00:22:43 2023]
localrule prepare_stripping:
    input: ../../release/stripping_pages/temp/stripping21/clean_index.html, ../../release/stripping_pages/processed/stripping21/stripping21-index.md, ../../release/stripping_pages/temp/stripping21/semileptonic/success.txt, ../../release/stripping_pages/temp/stripping21/commonparticles/success.txt, ../../release/stripping_pages/temp/json_success_stripping21_semileptonic.txt, ../../release/stripping_pages/temp/json_success_stripping21_commonparticles.txt
    jobid: 0
    reason: Input files updated by another job: ../../release/stripping_pages/temp/stripping21/commonparticles/success.txt, ../../release/stripping_pages/temp/json_success_stripping21_semileptonic.txt, ../../release/stripping_pages/temp/json_success_stripping21_commonparticles.txt, ../../release/stripping_pages/temp/stripping21/semileptonic/success.txt
    resources: tmpdir=/var/folders/45/mg69sv5j77930c4g6fztkg5w0000gn/T

[Tue Oct 24 00:22:43 2023]
Finished job 0.
5 of 5 steps (100%) done
Removing temporary output ../../release/stripping_pages/temp/stripping21/semileptonic/success.txt.
Removing temporary output ../../release/stripping_pages/temp/stripping21/commonparticles/success.txt.
Removing temporary output ../../release/stripping_pages/temp/json_success_stripping21_semileptonic.txt.
Removing temporary output ../../release/stripping_pages/temp/json_success_stripping21_commonparticles.txt.
Complete log: .snakemake/log/2023-10-24T002230.644568.snakemake.log
