Building DAG of jobs...
Using shell: /bin/bash
Provided cores: 8
Rules claiming more threads will be scaled down.
Job stats:
job                   count
------------------  -------
list_raw_stripping        1
prepare_stripping         1
total                     2

Select jobs to execute...

[Wed Oct  4 21:23:18 2023]
rule list_raw_stripping:
    output: /Users/mindaugassarpis/Work/OpenData/release/stripping_pages/raw/lists/lines_list_stripping21_commonparticles.txt
    jobid: 2
    reason: Missing output files: /Users/mindaugassarpis/Work/OpenData/release/stripping_pages/raw/lists/lines_list_stripping21_commonparticles.txt
    wildcards: version=stripping21, stream=commonparticles
    resources: tmpdir=/var/folders/45/mg69sv5j77930c4g6fztkg5w0000gn/T

[Wed Oct  4 21:23:19 2023]
Finished job 2.
1 of 2 steps (50%) done
Select jobs to execute...

[Wed Oct  4 21:23:19 2023]
localrule prepare_stripping:
    input: /Users/mindaugassarpis/Work/OpenData/release/stripping_pages/raw/lists/lines_list_stripping21_semileptonic.txt, /Users/mindaugassarpis/Work/OpenData/release/stripping_pages/raw/lists/lines_list_stripping21_commonparticles.txt
    jobid: 0
    reason: Input files updated by another job: /Users/mindaugassarpis/Work/OpenData/release/stripping_pages/raw/lists/lines_list_stripping21_commonparticles.txt
    resources: tmpdir=/var/folders/45/mg69sv5j77930c4g6fztkg5w0000gn/T

[Wed Oct  4 21:23:19 2023]
Finished job 0.
2 of 2 steps (100%) done
Complete log: .snakemake/log/2023-10-04T212317.915373.snakemake.log
