Building DAG of jobs...
Using shell: /bin/bash
Provided cores: 8
Rules claiming more threads will be scaled down.
Job stats:
job                       count
----------------------  -------
download_raw_stripping       10
prepare_stripping             1
total                        11

Select jobs to execute...

[Fri Oct 13 14:21:10 2023]
rule download_raw_stripping:
    input: lines_downloader.py, /Users/mindaugassarpis/Work/OpenData/release/stripping_pages/temp/lists/line_list_stripping21_leptonic.txt
    output: /Users/mindaugassarpis/Work/OpenData/release/stripping_pages/raw/stripping21/leptonic
    jobid: 11
    reason: Missing output files: /Users/mindaugassarpis/Work/OpenData/release/stripping_pages/raw/stripping21/leptonic
    wildcards: version=stripping21, stream=leptonic
    resources: tmpdir=/var/folders/45/mg69sv5j77930c4g6fztkg5w0000gn/T


[Fri Oct 13 14:21:10 2023]
rule download_raw_stripping:
    input: lines_downloader.py, /Users/mindaugassarpis/Work/OpenData/release/stripping_pages/temp/lists/line_list_stripping21_bhadron.txt
    output: /Users/mindaugassarpis/Work/OpenData/release/stripping_pages/raw/stripping21/bhadron
    jobid: 13
    reason: Missing output files: /Users/mindaugassarpis/Work/OpenData/release/stripping_pages/raw/stripping21/bhadron
    wildcards: version=stripping21, stream=bhadron
    resources: tmpdir=/var/folders/45/mg69sv5j77930c4g6fztkg5w0000gn/T


[Fri Oct 13 14:21:10 2023]
rule download_raw_stripping:
    input: lines_downloader.py, /Users/mindaugassarpis/Work/OpenData/release/stripping_pages/temp/lists/line_list_stripping21r0p1_commonparticles.txt
    output: /Users/mindaugassarpis/Work/OpenData/release/stripping_pages/raw/stripping21r0p1/commonparticles
    jobid: 17
    reason: Missing output files: /Users/mindaugassarpis/Work/OpenData/release/stripping_pages/raw/stripping21r0p1/commonparticles
    wildcards: version=stripping21r0p1, stream=commonparticles
    resources: tmpdir=/var/folders/45/mg69sv5j77930c4g6fztkg5w0000gn/T


[Fri Oct 13 14:21:10 2023]
rule download_raw_stripping:
    input: lines_downloader.py, /Users/mindaugassarpis/Work/OpenData/release/stripping_pages/temp/lists/line_list_stripping21r0p2_bhadron.txt
    output: /Users/mindaugassarpis/Work/OpenData/release/stripping_pages/raw/stripping21r0p2/bhadron
    jobid: 19
    reason: Missing output files: /Users/mindaugassarpis/Work/OpenData/release/stripping_pages/raw/stripping21r0p2/bhadron
    wildcards: version=stripping21r0p2, stream=bhadron
    resources: tmpdir=/var/folders/45/mg69sv5j77930c4g6fztkg5w0000gn/T


[Fri Oct 13 14:21:10 2023]
rule download_raw_stripping:
    input: lines_downloader.py, /Users/mindaugassarpis/Work/OpenData/release/stripping_pages/temp/lists/line_list_stripping21_commonparticles.txt
    output: /Users/mindaugassarpis/Work/OpenData/release/stripping_pages/raw/stripping21/commonparticles
    jobid: 14
    reason: Missing output files: /Users/mindaugassarpis/Work/OpenData/release/stripping_pages/raw/stripping21/commonparticles
    wildcards: version=stripping21, stream=commonparticles
    resources: tmpdir=/var/folders/45/mg69sv5j77930c4g6fztkg5w0000gn/T


[Fri Oct 13 14:21:10 2023]
rule download_raw_stripping:
    input: lines_downloader.py, /Users/mindaugassarpis/Work/OpenData/release/stripping_pages/temp/lists/line_list_stripping21r0p1_bhadron.txt
    output: /Users/mindaugassarpis/Work/OpenData/release/stripping_pages/raw/stripping21r0p1/bhadron
    jobid: 16
    reason: Missing output files: /Users/mindaugassarpis/Work/OpenData/release/stripping_pages/raw/stripping21r0p1/bhadron
    wildcards: version=stripping21r0p1, stream=bhadron
    resources: tmpdir=/var/folders/45/mg69sv5j77930c4g6fztkg5w0000gn/T


[Fri Oct 13 14:21:10 2023]
rule download_raw_stripping:
    input: lines_downloader.py, /Users/mindaugassarpis/Work/OpenData/release/stripping_pages/temp/lists/line_list_stripping21r0p2_leptonic.txt
    output: /Users/mindaugassarpis/Work/OpenData/release/stripping_pages/raw/stripping21r0p2/leptonic
    jobid: 18
    reason: Missing output files: /Users/mindaugassarpis/Work/OpenData/release/stripping_pages/raw/stripping21r0p2/leptonic
    wildcards: version=stripping21r0p2, stream=leptonic
    resources: tmpdir=/var/folders/45/mg69sv5j77930c4g6fztkg5w0000gn/T


[Fri Oct 13 14:21:10 2023]
[Fri Oct 13 14:21:10 2023]
Error in rule download_raw_stripping:
    jobid: 16
    input: lines_downloader.py, /Users/mindaugassarpis/Work/OpenData/release/stripping_pages/temp/lists/line_list_stripping21r0p1_bhadron.txt
    output: /Users/mindaugassarpis/Work/OpenData/release/stripping_pages/raw/stripping21r0p1/bhadron
    shell:
        
        python3 lines_downloader.py --inputfile /Users/mindaugassarpis/Work/OpenData/release/stripping_pages/temp/lists/line_list_stripping21r0p1_bhadron.txt --outdir /Users/mindaugassarpis/Work/OpenData/release/stripping_pages/raw/stripping21r0p1/bhadron
        
        (one of the commands exited with non-zero exit code; note that snakemake uses bash strict mode!)

rule download_raw_stripping:
    input: lines_downloader.py, /Users/mindaugassarpis/Work/OpenData/release/stripping_pages/temp/lists/line_list_stripping21r0p2_commonparticles.txt
    output: /Users/mindaugassarpis/Work/OpenData/release/stripping_pages/raw/stripping21r0p2/commonparticles
    jobid: 20
    reason: Missing output files: /Users/mindaugassarpis/Work/OpenData/release/stripping_pages/raw/stripping21r0p2/commonparticles
    wildcards: version=stripping21r0p2, stream=commonparticles
    resources: tmpdir=/var/folders/45/mg69sv5j77930c4g6fztkg5w0000gn/T

[Fri Oct 13 14:21:10 2023]
Error in rule download_raw_stripping:
    jobid: 20
    input: lines_downloader.py, /Users/mindaugassarpis/Work/OpenData/release/stripping_pages/temp/lists/line_list_stripping21r0p2_commonparticles.txt
    output: /Users/mindaugassarpis/Work/OpenData/release/stripping_pages/raw/stripping21r0p2/commonparticles
    shell:
        
        python3 lines_downloader.py --inputfile /Users/mindaugassarpis/Work/OpenData/release/stripping_pages/temp/lists/line_list_stripping21r0p2_commonparticles.txt --outdir /Users/mindaugassarpis/Work/OpenData/release/stripping_pages/raw/stripping21r0p2/commonparticles
        
        (one of the commands exited with non-zero exit code; note that snakemake uses bash strict mode!)

Waiting at most 5 seconds for missing files.
MissingOutputException in rule download_raw_stripping in file /Users/mindaugassarpis/Work/OpenData/scripts/stripping_pages/Snakefile, line 55:
Job 11  completed successfully, but some output files are missing. Missing files after 5 seconds. This might be due to filesystem latency. If that is the case, consider to increase the wait time with --latency-wait:
/Users/mindaugassarpis/Work/OpenData/release/stripping_pages/raw/stripping21/leptonic
Waiting at most 5 seconds for missing files.
MissingOutputException in rule download_raw_stripping in file /Users/mindaugassarpis/Work/OpenData/scripts/stripping_pages/Snakefile, line 55:
Job 17  completed successfully, but some output files are missing. Missing files after 5 seconds. This might be due to filesystem latency. If that is the case, consider to increase the wait time with --latency-wait:
/Users/mindaugassarpis/Work/OpenData/release/stripping_pages/raw/stripping21r0p1/commonparticles
Waiting at most 5 seconds for missing files.
MissingOutputException in rule download_raw_stripping in file /Users/mindaugassarpis/Work/OpenData/scripts/stripping_pages/Snakefile, line 55:
Job 14  completed successfully, but some output files are missing. Missing files after 5 seconds. This might be due to filesystem latency. If that is the case, consider to increase the wait time with --latency-wait:
/Users/mindaugassarpis/Work/OpenData/release/stripping_pages/raw/stripping21/commonparticles
Waiting at most 5 seconds for missing files.
MissingOutputException in rule download_raw_stripping in file /Users/mindaugassarpis/Work/OpenData/scripts/stripping_pages/Snakefile, line 55:
Job 18  completed successfully, but some output files are missing. Missing files after 5 seconds. This might be due to filesystem latency. If that is the case, consider to increase the wait time with --latency-wait:
/Users/mindaugassarpis/Work/OpenData/release/stripping_pages/raw/stripping21r0p2/leptonic
Waiting at most 5 seconds for missing files.
Terminating processes on user request, this might take some time.
Complete log: .snakemake/log/2023-10-13T142110.345387.snakemake.log
