Building DAG of jobs...
Using shell: /bin/bash
Provided cores: 8
Rules claiming more threads will be scaled down.
Job stats:
job                       count
----------------------  -------
download_raw_stripping       10
prepare_stripping             1
total                        11

Select jobs to execute...

[Fri Oct 13 14:25:15 2023]
rule download_raw_stripping:
    input: lines_downloader.py, /Users/mindaugassarpis/Work/OpenData/release/stripping_pages/temp/lists/line_list_stripping21_leptonic.txt
    output: /Users/mindaugassarpis/Work/OpenData/release/stripping_pages/raw/stripping21/leptonic
    jobid: 11
    reason: Updated input files: lines_downloader.py
    wildcards: version=stripping21, stream=leptonic
    resources: tmpdir=/var/folders/45/mg69sv5j77930c4g6fztkg5w0000gn/T


[Fri Oct 13 14:25:15 2023]
rule download_raw_stripping:
    input: lines_downloader.py, /Users/mindaugassarpis/Work/OpenData/release/stripping_pages/temp/lists/line_list_stripping21_bhadron.txt
    output: /Users/mindaugassarpis/Work/OpenData/release/stripping_pages/raw/stripping21/bhadron
    jobid: 13
    reason: Updated input files: lines_downloader.py
    wildcards: version=stripping21, stream=bhadron
    resources: tmpdir=/var/folders/45/mg69sv5j77930c4g6fztkg5w0000gn/T


[Fri Oct 13 14:25:15 2023]
rule download_raw_stripping:
    input: lines_downloader.py, /Users/mindaugassarpis/Work/OpenData/release/stripping_pages/temp/lists/line_list_stripping21r0p1_commonparticles.txt
    output: /Users/mindaugassarpis/Work/OpenData/release/stripping_pages/raw/stripping21r0p1/commonparticles
    jobid: 17
    reason: Updated input files: lines_downloader.py
    wildcards: version=stripping21r0p1, stream=commonparticles
    resources: tmpdir=/var/folders/45/mg69sv5j77930c4g6fztkg5w0000gn/T


[Fri Oct 13 14:25:15 2023]
rule download_raw_stripping:
    input: lines_downloader.py, /Users/mindaugassarpis/Work/OpenData/release/stripping_pages/temp/lists/line_list_stripping21r0p2_bhadron.txt
    output: /Users/mindaugassarpis/Work/OpenData/release/stripping_pages/raw/stripping21r0p2/bhadron
    jobid: 19
    reason: Updated input files: lines_downloader.py
    wildcards: version=stripping21r0p2, stream=bhadron
    resources: tmpdir=/var/folders/45/mg69sv5j77930c4g6fztkg5w0000gn/T


[Fri Oct 13 14:25:15 2023]
rule download_raw_stripping:
    input: lines_downloader.py, /Users/mindaugassarpis/Work/OpenData/release/stripping_pages/temp/lists/line_list_stripping21_commonparticles.txt
    output: /Users/mindaugassarpis/Work/OpenData/release/stripping_pages/raw/stripping21/commonparticles
    jobid: 14
    reason: Updated input files: lines_downloader.py
    wildcards: version=stripping21, stream=commonparticles
    resources: tmpdir=/var/folders/45/mg69sv5j77930c4g6fztkg5w0000gn/T


[Fri Oct 13 14:25:15 2023]
rule download_raw_stripping:
    input: lines_downloader.py, /Users/mindaugassarpis/Work/OpenData/release/stripping_pages/temp/lists/line_list_stripping21r0p1_bhadron.txt
    output: /Users/mindaugassarpis/Work/OpenData/release/stripping_pages/raw/stripping21r0p1/bhadron
    jobid: 16
    reason: Updated input files: lines_downloader.py
    wildcards: version=stripping21r0p1, stream=bhadron
    resources: tmpdir=/var/folders/45/mg69sv5j77930c4g6fztkg5w0000gn/T


[Fri Oct 13 14:25:15 2023]
rule download_raw_stripping:
    input: lines_downloader.py, /Users/mindaugassarpis/Work/OpenData/release/stripping_pages/temp/lists/line_list_stripping21r0p2_leptonic.txt
    output: /Users/mindaugassarpis/Work/OpenData/release/stripping_pages/raw/stripping21r0p2/leptonic
    jobid: 18
    reason: Updated input files: lines_downloader.py
    wildcards: version=stripping21r0p2, stream=leptonic
    resources: tmpdir=/var/folders/45/mg69sv5j77930c4g6fztkg5w0000gn/T


[Fri Oct 13 14:25:15 2023]
rule download_raw_stripping:
    input: lines_downloader.py, /Users/mindaugassarpis/Work/OpenData/release/stripping_pages/temp/lists/line_list_stripping21r0p2_commonparticles.txt
    output: /Users/mindaugassarpis/Work/OpenData/release/stripping_pages/raw/stripping21r0p2/commonparticles
    jobid: 20
    reason: Updated input files: lines_downloader.py
    wildcards: version=stripping21r0p2, stream=commonparticles
    resources: tmpdir=/var/folders/45/mg69sv5j77930c4g6fztkg5w0000gn/T

[Fri Oct 13 14:30:10 2023]
Finished job 14.
1 of 11 steps (9%) done
Select jobs to execute...

[Fri Oct 13 14:30:10 2023]
rule download_raw_stripping:
    input: lines_downloader.py, /Users/mindaugassarpis/Work/OpenData/release/stripping_pages/temp/lists/line_list_stripping21r0p1_leptonic.txt
    output: /Users/mindaugassarpis/Work/OpenData/release/stripping_pages/raw/stripping21r0p1/leptonic
    jobid: 15
    reason: Updated input files: lines_downloader.py
    wildcards: version=stripping21r0p1, stream=leptonic
    resources: tmpdir=/var/folders/45/mg69sv5j77930c4g6fztkg5w0000gn/T

[Fri Oct 13 14:30:31 2023]
Finished job 20.
2 of 11 steps (18%) done
Select jobs to execute...

[Fri Oct 13 14:30:31 2023]
rule download_raw_stripping:
    input: lines_downloader.py, /Users/mindaugassarpis/Work/OpenData/release/stripping_pages/temp/lists/line_list_stripping21_radiative.txt
    output: /Users/mindaugassarpis/Work/OpenData/release/stripping_pages/raw/stripping21/radiative
    jobid: 12
    reason: Updated input files: lines_downloader.py
    wildcards: version=stripping21, stream=radiative
    resources: tmpdir=/var/folders/45/mg69sv5j77930c4g6fztkg5w0000gn/T

[Fri Oct 13 14:30:40 2023]
Finished job 12.
3 of 11 steps (27%) done
[Fri Oct 13 14:30:52 2023]
Finished job 17.
4 of 11 steps (36%) done
[Fri Oct 13 14:31:20 2023]
Finished job 11.
5 of 11 steps (45%) done
[Fri Oct 13 14:31:55 2023]
Finished job 15.
6 of 11 steps (55%) done
[Fri Oct 13 14:32:40 2023]
Finished job 18.
7 of 11 steps (64%) done
[Fri Oct 13 14:35:30 2023]
Finished job 16.
8 of 11 steps (73%) done
[Fri Oct 13 14:38:01 2023]
Finished job 19.
9 of 11 steps (82%) done
Terminating processes on user request, this might take some time.
Cancelling snakemake on user request.
