Building DAG of jobs...
Using shell: /bin/bash
Provided cores: 8
Rules claiming more threads will be scaled down.
Job stats:
job                  count
-----------------  -------
create_json_files        2
prepare_stripping        1
total                    3

Select jobs to execute...

[Mon Oct 23 12:26:04 2023]
rule create_json_files:
    input: ../../release/stripping_pages/processed, create_json_files.py, ../../release/stripping_pages/temp/stripping21/commonparticles/success.txt
    output: ../../release/stripping_pages/temp/json_success_stripping21_commonparticles.txt
    jobid: 6
    reason: Updated input files: create_json_files.py
    wildcards: version=stripping21, stream=commonparticles
    resources: tmpdir=/var/folders/45/mg69sv5j77930c4g6fztkg5w0000gn/T


[Mon Oct 23 12:26:04 2023]
rule create_json_files:
    input: ../../release/stripping_pages/processed, create_json_files.py, ../../release/stripping_pages/temp/stripping21/ew/success.txt
    output: ../../release/stripping_pages/temp/json_success_stripping21_ew.txt
    jobid: 5
    reason: Updated input files: create_json_files.py
    wildcards: version=stripping21, stream=ew
    resources: tmpdir=/var/folders/45/mg69sv5j77930c4g6fztkg5w0000gn/T

[Mon Oct 23 12:26:04 2023]
Error in rule create_json_files:
    jobid: 6
    input: ../../release/stripping_pages/processed, create_json_files.py, ../../release/stripping_pages/temp/stripping21/commonparticles/success.txt
    output: ../../release/stripping_pages/temp/json_success_stripping21_commonparticles.txt
    shell:
        
        python3 create_json_files.py                     --input_path ../../release/stripping_pages/processed            --version stripping21              --stream commonparticles                && touch ../../release/stripping_pages/temp/json_success_stripping21_commonparticles.txt
        
        (one of the commands exited with non-zero exit code; note that snakemake uses bash strict mode!)

[Mon Oct 23 12:26:04 2023]
Error in rule create_json_files:
    jobid: 5
    input: ../../release/stripping_pages/processed, create_json_files.py, ../../release/stripping_pages/temp/stripping21/ew/success.txt
    output: ../../release/stripping_pages/temp/json_success_stripping21_ew.txt
    shell:
        
        python3 create_json_files.py                     --input_path ../../release/stripping_pages/processed            --version stripping21              --stream ew                && touch ../../release/stripping_pages/temp/json_success_stripping21_ew.txt
        
        (one of the commands exited with non-zero exit code; note that snakemake uses bash strict mode!)

Shutting down, this might take some time.
Exiting because a job execution failed. Look above for error message
Complete log: .snakemake/log/2023-10-23T122603.960248.snakemake.log
