Building DAG of jobs...
Using shell: /bin/bash
Provided cores: 8
Rules claiming more threads will be scaled down.
Job stats:
job                  count
-----------------  -------
clean_index              1
convert_index            1
prepare_stripping        1
strip_index              1
total                    4

Select jobs to execute...

[Tue Oct 17 12:04:48 2023]
rule strip_index:
    input: ../../config.yaml, strip_index_pages.py, /Users/mindaugassarpis/Work/StrippingPages/stripping21/index.html
    output: ../../release/stripping_pages/temp/stripping21/stripped_index.html
    jobid: 1
    reason: Missing output files: ../../release/stripping_pages/temp/stripping21/stripped_index.html
    wildcards: version=stripping21
    resources: tmpdir=/var/folders/45/mg69sv5j77930c4g6fztkg5w0000gn/T

[Tue Oct 17 12:04:49 2023]
Finished job 1.
1 of 4 steps (25%) done
Select jobs to execute...

[Tue Oct 17 12:04:49 2023]
rule clean_index:
    input: clean_index_pages.py, ../../release/stripping_pages/temp/stripping21/stripped_index.html
    output: ../../release/stripping_pages/temp/stripping21/clean_index.html
    jobid: 2
    reason: Missing output files: ../../release/stripping_pages/temp/stripping21/clean_index.html; Input files updated by another job: ../../release/stripping_pages/temp/stripping21/stripped_index.html
    wildcards: version=stripping21
    resources: tmpdir=/var/folders/45/mg69sv5j77930c4g6fztkg5w0000gn/T

[Tue Oct 17 12:04:49 2023]
Finished job 2.
2 of 4 steps (50%) done
Select jobs to execute...

[Tue Oct 17 12:04:49 2023]
rule convert_index:
    input: ../../release/stripping_pages/temp/stripping21/clean_index.html
    output: ../../release/stripping_pages/processed/stripping21/stripping21-index.md
    jobid: 3
    reason: Missing output files: ../../release/stripping_pages/processed/stripping21/stripping21-index.md; Input files updated by another job: ../../release/stripping_pages/temp/stripping21/clean_index.html
    wildcards: version=stripping21
    resources: tmpdir=/var/folders/45/mg69sv5j77930c4g6fztkg5w0000gn/T

[Tue Oct 17 12:04:51 2023]
Finished job 3.
3 of 4 steps (75%) done
Select jobs to execute...

[Tue Oct 17 12:04:51 2023]
localrule prepare_stripping:
    input: ../../release/stripping_pages/temp/stripping21/stripped_index.html, ../../release/stripping_pages/temp/stripping21/clean_index.html, ../../release/stripping_pages/processed/stripping21/stripping21-index.md
    jobid: 0
    reason: Input files updated by another job: ../../release/stripping_pages/temp/stripping21/clean_index.html, ../../release/stripping_pages/processed/stripping21/stripping21-index.md, ../../release/stripping_pages/temp/stripping21/stripped_index.html
    resources: tmpdir=/var/folders/45/mg69sv5j77930c4g6fztkg5w0000gn/T

[Tue Oct 17 12:04:51 2023]
Finished job 0.
4 of 4 steps (100%) done
Complete log: .snakemake/log/2023-10-17T120448.804901.snakemake.log
