Building DAG of jobs...
Using shell: /bin/bash
Provided cores: 8
Rules claiming more threads will be scaled down.
Job stats:
job                  count
-----------------  -------
prepare_stripping        1
strip_index              1
total                    2

Select jobs to execute...

[Mon Oct 16 17:14:45 2023]
rule strip_index:
    input: ../../config.yaml, strip_index_pages.py, /Users/mindaugassarpis/Work/StrippingPages/stripping21/index.html
    output: ../release/stripping_pages/temp/stripping21/stripped_index.html
    jobid: 1
    reason: Updated input files: strip_index_pages.py
    wildcards: version=stripping21
    resources: tmpdir=/var/folders/45/mg69sv5j77930c4g6fztkg5w0000gn/T

[Mon Oct 16 17:14:45 2023]
Finished job 1.
1 of 2 steps (50%) done
Select jobs to execute...

[Mon Oct 16 17:14:45 2023]
localrule prepare_stripping:
    input: ../release/stripping_pages/temp/stripping21/stripped_index.html
    jobid: 0
    reason: Input files updated by another job: ../release/stripping_pages/temp/stripping21/stripped_index.html
    resources: tmpdir=/var/folders/45/mg69sv5j77930c4g6fztkg5w0000gn/T

[Mon Oct 16 17:14:45 2023]
Finished job 0.
2 of 2 steps (100%) done
Complete log: .snakemake/log/2023-10-16T171445.615642.snakemake.log
