Building DAG of jobs...
MissingInputException in rule prepare_stripping in file /Users/mindaugassarpis/Work/OpenData/scripts/stripping_pages/Snakefile, line 24:
Missing input files for rule prepare_stripping:
    affected files:
        /Users/mindaugassarpis/Work/OpenData/release/stripping_pages/temp/stripping21r0p1/commonparticles/clean-stdverylooseallphotons.html
        /Users/mindaugassarpis/Work/OpenData/release/stripping_pages/temp/stripping21r0p1/commonparticles/clean-stdnopidsuppions.html
        /Users/mindaugassarpis/Work/OpenData/release/stripping_pages/temp/stripping21r0p1/commonparticles/clean-stdloosedetachedkst2kpi.html
        /Users/mindaugassarpis/Work/OpenData/release/stripping_pages/temp/stripping21r0p1/commonparticles/clean-stdloosedetacheddielectron.html
        /Users/mindaugassarpis/Work/OpenData/release/stripping_pages/temp/stripping21r0p1/radiative/clean-stdlooseanndownprotons.html
        /Users/mindaugassarpis/Work/OpenData/release/stripping_pages/temp/stripping21r0p1/radiative/clean-stdlooselambdall.html
        /Users/mindaugassarpis/Work/OpenData/release/stripping_pages/temp/stripping21r0p1/radiative/clean-stdjets.html
        /Users/mindaugassarpis/Work/OpenData/release/stripping_pages/temp/stripping21r0p1/radiative/clean-stdalllooseelectrons.html
        /Users/mindaugassarpis/Work/OpenData/release/stripping_pages/temp/stripping21r0p1/radiative/clean-stdtightpions.html
        /Users/mindaugassarpis/Work/OpenData/release/stripping_pages/temp/stripping21r0p1/commonparticles/clean-stdloosedplus2kkpi.html
        /Users/mindaugassarpis/Work/OpenData/release/stripping_pages/temp/stripping21r0p1/radiative/clean-stdnopidskaons.html
        /Users/mindaugassarpis/Work/OpenData/release/stripping_pages/temp/stripping21r0p1/commonparticles/clean-stdloosejpsi2ee.html
        /Users/mindaugassarpis/Work/OpenData/release/stripping_pages/temp/stripping21r0p1/commonparticles/clean-stdalllooseprotons.html
        /Users/mindaugassarpis/Work/OpenData/release/stripping_pages/temp/stripping21r0p1/radiative/clean-stdtightkaons.html
        /Users/mindaugassarpis/Work/OpenData/release/stripping_pages/temp/stripping21r0p1/commonparticles/clean-stdloosedstarwithd02kpidcs.html
        /Users/mindaugassarpis/Work/OpenData/release/stripping_pages/temp/stripping21r0p1/radiative/clean-stdverylooselambdall.html
        /Users/mindaugassarpis/Work/OpenData/release/stripping_pages/temp/stripping21r0p1/commonparticles/clean-stdloosepi024e.html
        /Users/mindaugassarpis/Work/OpenData/release/stripping_pages/temp/stripping21r0p1/radiative/clean-stdloosekstar2kpi.html
        /Users/mindaugassarpis/Work/OpenData/release/stripping_pages/temp/stripping21r0p1/radiative/clean-stdlooseannprotons.html
        /Users/mindaugassarpis/Work/OpenData/release/stripping_pages/temp/stripping21r0p1/commonparticles/clean-stdlooseksld.html
        /Users/mindaugassarpis/Work/OpenData/release/stripping_pages/temp/stripping21r0p1/commonparticles/clean-stdallloosemupion.html
        /Users/mindaugassarpis/Work/OpenData/release/stripping_pages/temp/stripping21r0p1/radiative/clean-stdlooseksll.html
        /Users/mindaugassarpis/Work/OpenData/release/stripping_pages/temp/stripping21r0p1/commonparticles/clean-stdloosepi02gee.html
        /Users/mindaugassarpis/Work/OpenData/release/stripping_pages/temp/stripping21r0p1/radiative/clean-stdalltightgammadd.html
        /Users/mindaugassarpis/Work/OpenData/release/stripping_pages/temp/stripping21r0p1/radiative/clean-stdtightannupelectrons.html
        /Users/mindaugassarpis/Work/OpenData/release/stripping_pages/temp/stripping21r0p1/radiative/clean-stdloosedalitzpi0.html
        /Users/mindaugassarpis/Work/OpenData/release/stripping_pages/temp/stripping21r0p1/radiative/clean-stdtightphi2kk.html
        /Users/mindaugassarpis/Work/OpenData/release/stripping_pages/temp/stripping21r0p1/commonparticles/clean-stdallloosegammadd.html
        /Users/mindaugassarpis/Work/OpenData/release/stripping_pages/temp/stripping21r0p1/radiative/clean-stdalllooseannelectrons.html
        /Users/mindaugassarpis/Work/OpenData/release/stripping_pages/temp/stripping21r0p1/radiative/clean-stdloosedstarwithd02kk.html
        /Users/mindaugassarpis/Work/OpenData/release/stripping_pages/temp/stripping21r0p1/radiative/clean-stdlooseannelectrons.html
        /Users/mindaugassarpis/Work/OpenData/release/stripping_pages/temp/stripping21r0p1/commonparticles/clean-stdlooseresolvedeta.html
        /Users/mindaugassarpis/Work/OpenData/release/stripping_pages/temp/stripping21r0p1/radiative/clean-stdallloosemuons.html
        /Users/mindaugassarpis/Work/OpenData/release/stripping_pages/temp/stripping21r0p1/commonparticles/clean-stdloosed02kpi.html
        /Users/mindaugassarpis/Work/OpenData/release/stripping_pages/temp/stripping21r0p1/radiative/clean-stdnopidsmuons.html
        /Users/mindaugassarpis/Work/OpenData/release/stripping_pages/temp/stripping21r0p1/commonparticles/clean-stdtightphi2kk.html
        /Users/mindaugassarpis/Work/OpenData/release/stripping_pages/temp/stripping21r0p1/commonparticles/clean-stdallloosegammall.html
        /Users/mindaugassarpis/Work/OpenData/release/stripping_pages/temp/stripping21r0p1/commonparticles/clean-stdveryloosedimuon.html
        /Users/mindaugassarpis/Work/OpenData/release/stripping_pages/temp/stripping21r0p1/commonparticles/clean-stdlooseallphotons.html
        /Users/mindaugassarpis/Work/OpenData/release/stripping_pages/temp/stripping21r0p1/commonparticles/clean-stdloosepions.html
        /Users/mindaugassarpis/Work/OpenData/release/stripping_pages/temp/stripping21r0p1/radiative/clean-stdlooseksdd.html
        /Users/mindaugassarpis/Work/OpenData/release/stripping_pages/temp/stripping21r0p1/radiative/clean-stdlooselambdald.html
        /Users/mindaugassarpis/Work/OpenData/release/stripping_pages/temp/stripping21r0p1/commonparticles/clean-stdloosedalitzpi0.html
        /Users/mindaugassarpis/Work/OpenData/release/stripping_pages/temp/stripping21r0p1/radiative/clean-stdlooseprotons.html
        /Users/mindaugassarpis/Work/OpenData/release/stripping_pages/temp/stripping21r0p1/radiative/clean-stdloosedetachedkpi.html
        /Users/mindaugassarpis/Work/OpenData/release/stripping_pages/temp/stripping21r0p1/commonparticles/clean-stdloosedplus2pipipi.html
        /Users/mindaugassarpis/Work/OpenData/release/stripping_pages/temp/stripping21r0p1/radiative/clean-stdtightannupprotons.html
        /Users/mindaugassarpis/Work/OpenData/release/stripping_pages/temp/stripping21r0p1/commonparticles/clean-stdnopidsdownpions.html
        /Users/mindaugassarpis/Work/OpenData/release/stripping_pages/temp/stripping21r0p1/commonparticles/clean-stdlooseannelectrons.html
        /Users/mindaugassarpis/Work/OpenData/release/stripping_pages/temp/stripping21r0p1/radiative/clean-stdloosed02kspipi.html
        /Users/mindaugassarpis/Work/OpenData/release/stripping_pages/temp/stripping21r0p1/radiative/clean-stdlooserho0.html
        /Users/mindaugassarpis/Work/OpenData/release/stripping_pages/temp/stripping21r0p1/commonparticles/clean-stdlooseannupelectrons.html
        /Users/mindaugassarpis/Work/OpenData/release/stripping_pages/temp/stripping21r0p1/radiative/clean-stdloosejpsi2ee.html
        /Users/mindaugassarpis/Work/OpenData/release/stripping_pages/temp/stripping21r0p1/commonparticles/clean-stdlooselambdastar2pk.html
        /Users/mindaugassarpis/Work/OpenData/release/stripping_pages/temp/stripping21r0p1/commonparticles/clean-stdloosedplus2kkk.html
        /Users/mindaugassarpis/Work/OpenData/release/stripping_pages/temp/stripping21r0p1/commonparticles/clean-stdloosedstarwithd02kpi.html
        /Users/mindaugassarpis/Work/OpenData/release/stripping_pages/temp/stripping21r0p1/commonparticles/clean-stdtightanndownpions.html
        /Users/mindaugassarpis/Work/OpenData/release/stripping_pages/temp/stripping21r0p1/radiative/clean-stdloosedsplus2kkpi.html
        /Users/mindaugassarpis/Work/OpenData/release/stripping_pages/temp/stripping21r0p1/commonparticles/clean-stdalllooseelectrons.html
        /Users/mindaugassarpis/Work/OpenData/release/stripping_pages/temp/stripping21r0p1/commonparticles/clean-stdverylooselambdall.html
        /Users/mindaugassarpis/Work/OpenData/release/stripping_pages/temp/stripping21r0p1/commonparticles/clean-stdlooseanndownelectrons.html
        /Users/mindaugassarpis/Work/OpenData/release/stripping_pages/temp/stripping21r0p1/commonparticles/clean-stdloosedimuonsamesign.html
        /Users/mindaugassarpis/Work/OpenData/release/stripping_pages/temp/stripping21r0p1/radiative/clean-stdlooseannupelectrons.html
        /Users/mindaugassarpis/Work/OpenData/release/stripping_pages/temp/stripping21r0p1/commonparticles/clean-stdloosed02pipi.html
        /Users/mindaugassarpis/Work/OpenData/release/stripping_pages/temp/stripping21r0p1/radiative/clean-stdallloosepions.html
        /Users/mindaugassarpis/Work/OpenData/release/stripping_pages/temp/stripping21r0p1/commonparticles/clean-stddielectrongamma.html
        /Users/mindaugassarpis/Work/OpenData/release/stripping_pages/temp/stripping21r0p1/commonparticles/clean-stdloosed02kspipi.html
        /Users/mindaugassarpis/Work/OpenData/release/stripping_pages/temp/stripping21r0p1/commonparticles/clean-stdverytightdsplus2kkpi.html
        /Users/mindaugassarpis/Work/OpenData/release/stripping_pages/temp/stripping21r0p1/commonparticles/clean-stdtightannpions.html
        /Users/mindaugassarpis/Work/OpenData/release/stripping_pages/temp/stripping21r0p1/radiative/clean-stdloosedetachedtau3pi.html
        /Users/mindaugassarpis/Work/OpenData/release/stripping_pages/temp/stripping21r0p1/commonparticles/clean-stdloosepi02gg.html
        /Users/mindaugassarpis/Work/OpenData/release/stripping_pages/temp/stripping21r0p1/radiative/clean-stdloosecnvphotons.html
        /Users/mindaugassarpis/Work/OpenData/release/stripping_pages/temp/stripping21r0p1/radiative/clean-stdloosedimuonsamesign.html
        /Users/mindaugassarpis/Work/OpenData/release/stripping_pages/temp/stripping21r0p1/radiative/clean-stdverylooseallphotons.html
        /Users/mindaugassarpis/Work/OpenData/release/stripping_pages/temp/stripping21r0p1/radiative/clean-stdloosedielectron.html
        /Users/mindaugassarpis/Work/OpenData/release/stripping_pages/temp/stripping21r0p1/radiative/clean-stdloosed02pipi.html
        /Users/mindaugassarpis/Work/OpenData/release/stripping_pages/temp/stripping21r0p1/radiative/clean-stddielectrongamma.html
        /Users/mindaugassarpis/Work/OpenData/release/stripping_pages/temp/stripping21r0p1/commonparticles/clean-stdlooseresolvedpi0.html
        /Users/mindaugassarpis/Work/OpenData/release/stripping_pages/temp/stripping21r0p1/commonparticles/clean-stdloosedetachedphi2kk.html
        /Users/mindaugassarpis/Work/OpenData/release/stripping_pages/temp/stripping21r0p1/commonparticles/clean-stdtightpions.html
        /Users/mindaugassarpis/Work/OpenData/release/stripping_pages/temp/stripping21r0p1/radiative/clean-stdtightannuppions.html
        /Users/mindaugassarpis/Work/OpenData/release/stripping_pages/temp/stripping21r0p1/radiative/clean-stdlooseannupprotons.html
        /Users/mindaugassarpis/Work/OpenData/release/stripping_pages/temp/stripping21r0p1/radiative/clean-stdloosedetachedphi2kk.html
        /Users/mindaugassarpis/Work/OpenData/release/stripping_pages/temp/stripping21r0p1/commonparticles/clean-stdalltightsymgammall.html
        /Users/mindaugassarpis/Work/OpenData/release/stripping_pages/temp/stripping21r0p1/radiative/clean-stdallloosemupion.html
        /Users/mindaugassarpis/Work/OpenData/release/stripping_pages/temp/stripping21r0p1/commonparticles/clean-stdalltightsymgammadd.html
        /Users/mindaugassarpis/Work/OpenData/release/stripping_pages/temp/stripping21r0p1/commonparticles/clean-stdallloosekaons.html
        /Users/mindaugassarpis/Work/OpenData/release/stripping_pages/temp/stripping21r0p1/commonparticles/clean-stdtightannupelectrons.html
        /Users/mindaugassarpis/Work/OpenData/release/stripping_pages/temp/stripping21r0p1/radiative/clean-stdtightanndownmuons.html
        /Users/mindaugassarpis/Work/OpenData/release/stripping_pages/temp/stripping21r0p1/commonparticles/clean-stdlooseelectrons.html
        /Users/mindaugassarpis/Work/OpenData/release/stripping_pages/temp/stripping21r0p1/radiative/clean-stdloosedstarwithd02pipi.html
        /Users/mindaugassarpis/Work/OpenData/release/stripping_pages/temp/stripping21r0p1/radiative/clean-stdparticleflow.html
        /Users/mindaugassarpis/Work/OpenData/release/stripping_pages/temp/stripping21r0p1/commonparticles/clean-stdloosedownkaons.html
        /Users/mindaugassarpis/Work/OpenData/release/stripping_pages/temp/stripping21r0p1/commonparticles/clean-stdloosedplus2kpipioppsignpi.html
        /Users/mindaugassarpis/Work/OpenData/release/stripping_pages/temp/stripping21r0p1/commonparticles/clean-stdloosedplus2hhh.html
        /Users/mindaugassarpis/Work/OpenData/release/stripping_pages/temp/stripping21r0p1/radiative/clean-stdlooseksld.html
        /Users/mindaugassarpis/Work/OpenData/release/stripping_pages/temp/stripping21r0p1/commonparticles/clean-stdallveryloosemuons.html
        /Users/mindaugassarpis/Work/OpenData/release/stripping_pages/temp/stripping21r0p1/radiative/clean-stdveryloosedetachedkst2kpi.html
        /Users/mindaugassarpis/Work/OpenData/release/stripping_pages/temp/stripping21r0p1/commonparticles/clean-stdalltightgammall.html
        /Users/mindaugassarpis/Work/OpenData/release/stripping_pages/temp/stripping21r0p1/radiative/clean-stdloosedetacheddipion.html
        /Users/mindaugassarpis/Work/OpenData/release/stripping_pages/temp/stripping21r0p1/radiative/clean-stdloosephotons.html
        /Users/mindaugassarpis/Work/OpenData/release/stripping_pages/temp/stripping21r0p1/radiative/clean-stdloosedstarwithd02kpi.html
        /Users/mindaugassarpis/Work/OpenData/release/stripping_pages/temp/stripping21r0p1/commonparticles/clean-stdalllooseannprotons.html
        /Users/mindaugassarpis/Work/OpenData/release/stripping_pages/temp/stripping21r0p1/radiative/clean-stdtightdetachedtau3pi.html
        /Users/mindaugassarpis/Work/OpenData/release/stripping_pages/temp/stripping21r0p1/radiative/clean-stdlooseanndownkaons.html
        /Users/mindaugassarpis/Work/OpenData/release/stripping_pages/temp/stripping21r0p1/commonparticles/clean-stdveryloosedetachedkst2kpi.html
        /Users/mindaugassarpis/Work/OpenData/release/stripping_pages/temp/stripping21r0p1/radiative/clean-stdnopidsdownprotons.html
        /Users/mindaugassarpis/Work/OpenData/release/stripping_pages/temp/stripping21r0p1/radiative/clean-stdallloosegammall.html
        /Users/mindaugassarpis/Work/OpenData/release/stripping_pages/temp/stripping21r0p1/radiative/clean-stdallnopidselectrons.html
        /Users/mindaugassarpis/Work/OpenData/release/stripping_pages/temp/stripping21r0p1/radiative/clean-stdloosepi024e.html
        /Users/mindaugassarpis/Work/OpenData/release/stripping_pages/temp/stripping21r0p1/radiative/clean-stdtightprotons.html
        /Users/mindaugassarpis/Work/OpenData/release/stripping_pages/temp/stripping21r0p1/commonparticles/clean-stdltunbiasedjpsi2mumu.html
        /Users/mindaugassarpis/Work/OpenData/release/stripping_pages/temp/stripping21r0p1/radiative/clean-stdloosed02kpi.html
        /Users/mindaugassarpis/Work/OpenData/release/stripping_pages/temp/stripping21r0p1/radiative/clean-stdloosedplus2kkk.html
        /Users/mindaugassarpis/Work/OpenData/release/stripping_pages/temp/stripping21r0p1/commonparticles/clean-stdparticleflow.html
        /Users/mindaugassarpis/Work/OpenData/release/stripping_pages/temp/stripping21r0p1/commonparticles/clean-stdlooselambdall.html
        /Users/mindaugassarpis/Work/OpenData/release/stripping_pages/temp/stripping21r0p1/commonparticles/clean-stdallnopidselectrons.html
        /Users/mindaugassarpis/Work/OpenData/release/stripping_pages/temp/stripping21r0p1/radiative/clean-stdalltightsymgammall.html
        /Users/mindaugassarpis/Work/OpenData/release/stripping_pages/temp/stripping21r0p1/radiative/clean-stdlooseannuppions.html
        /Users/mindaugassarpis/Work/OpenData/release/stripping_pages/temp/stripping21r0p1/commonparticles/clean-stdallloosemuons.html
        /Users/mindaugassarpis/Work/OpenData/release/stripping_pages/temp/stripping21r0p1/radiative/clean-stdloosedownmuons.html
        /Users/mindaugassarpis/Work/OpenData/release/stripping_pages/temp/stripping21r0p1/radiative/clean-stdalllooseprotons.html
        /Users/mindaugassarpis/Work/OpenData/release/stripping_pages/temp/stripping21r0p1/radiative/clean-stdloosekaons.html
        /Users/mindaugassarpis/Work/OpenData/release/stripping_pages/temp/stripping21r0p1/commonparticles/clean-stdlooseeta2gg.html
        /Users/mindaugassarpis/Work/OpenData/release/stripping_pages/temp/stripping21r0p1/commonparticles/clean-stdloosemergedpi0.html
        /Users/mindaugassarpis/Work/OpenData/release/stripping_pages/temp/stripping21r0p1/commonparticles/clean-stdloosephi2kk.html
        /Users/mindaugassarpis/Work/OpenData/release/stripping_pages/temp/stripping21r0p1/commonparticles/clean-stdtightanndownelectrons.html
        /Users/mindaugassarpis/Work/OpenData/release/stripping_pages/temp/stripping21r0p1/radiative/clean-stdtightanndownkaons.html
        /Users/mindaugassarpis/Work/OpenData/release/stripping_pages/temp/stripping21r0p1/radiative/clean-stdmassconstrainedjpsi2mumu.html
        /Users/mindaugassarpis/Work/OpenData/release/stripping_pages/temp/stripping21r0p1/radiative/clean-stdallnopidsprotons.html
        /Users/mindaugassarpis/Work/OpenData/release/stripping_pages/temp/stripping21r0p1/commonparticles/clean-stdtightelectrons.html
        /Users/mindaugassarpis/Work/OpenData/release/stripping_pages/temp/stripping21r0p1/radiative/clean-stdtightannmuons.html
        /Users/mindaugassarpis/Work/OpenData/release/stripping_pages/temp/stripping21r0p1/commonparticles/clean-stdtightanndownprotons.html
        /Users/mindaugassarpis/Work/OpenData/release/stripping_pages/temp/stripping21r0p1/radiative/clean-stdlooseelectrons.html
        /Users/mindaugassarpis/Work/OpenData/release/stripping_pages/temp/stripping21r0p1/radiative/clean-stdtightmuons.html
        /Users/mindaugassarpis/Work/OpenData/release/stripping_pages/temp/stripping21r0p1/radiative/clean-stdtightelectrons.html
        /Users/mindaugassarpis/Work/OpenData/release/stripping_pages/temp/stripping21r0p1/commonparticles/clean-stdtightannuppions.html
        /Users/mindaugassarpis/Work/OpenData/release/stripping_pages/temp/stripping21r0p1/commonparticles/clean-stdlooseannpions.html
        /Users/mindaugassarpis/Work/OpenData/release/stripping_pages/temp/stripping21r0p1/commonparticles/clean-stdtightannkaons.html
        /Users/mindaugassarpis/Work/OpenData/release/stripping_pages/temp/stripping21r0p1/radiative/clean-stdalllooseannpions.html
        /Users/mindaugassarpis/Work/OpenData/release/stripping_pages/temp/stripping21r0p1/commonparticles/clean-stdnopidsupkaons.html
        /Users/mindaugassarpis/Work/OpenData/release/stripping_pages/temp/stripping21r0p1/radiative/clean-stdveryloosejpsi2mumu.html
        /Users/mindaugassarpis/Work/OpenData/release/stripping_pages/temp/stripping21r0p1/radiative/clean-stdalllooseannprotons.html
        /Users/mindaugassarpis/Work/OpenData/release/stripping_pages/temp/stripping21r0p1/commonparticles/clean-stdtightannmuons.html
        /Users/mindaugassarpis/Work/OpenData/release/stripping_pages/temp/stripping21r0p1/commonparticles/clean-stdallnopidspions.html
        /Users/mindaugassarpis/Work/OpenData/release/stripping_pages/temp/stripping21r0p1/radiative/clean-stdloosedplus2kpipioppsignpi.html
        /Users/mindaugassarpis/Work/OpenData/release/stripping_pages/temp/stripping21r0p1/commonparticles/clean-stdtightannelectrons.html
        /Users/mindaugassarpis/Work/OpenData/release/stripping_pages/temp/stripping21r0p1/commonparticles/clean-stdloosekstar2kpi.html
        /Users/mindaugassarpis/Work/OpenData/release/stripping_pages/temp/stripping21r0p1/radiative/clean-stdallnopidspions.html
        /Users/mindaugassarpis/Work/OpenData/release/stripping_pages/temp/stripping21r0p1/commonparticles/clean-stdloosejpsi2mumu.html
        /Users/mindaugassarpis/Work/OpenData/release/stripping_pages/temp/stripping21r0p1/radiative/clean-stdallloosekaons.html
        /Users/mindaugassarpis/Work/OpenData/release/stripping_pages/temp/stripping21r0p1/radiative/clean-stdloosedimuon.html
        /Users/mindaugassarpis/Work/OpenData/release/stripping_pages/temp/stripping21r0p1/commonparticles/clean-stdlooseprotons.html
        /Users/mindaugassarpis/Work/OpenData/release/stripping_pages/temp/stripping21r0p1/commonparticles/clean-stdveryloosejpsi2mumu.html
        /Users/mindaugassarpis/Work/OpenData/release/stripping_pages/temp/stripping21r0p1/radiative/clean-stdalllooseannkaons.html
        /Users/mindaugassarpis/Work/OpenData/release/stripping_pages/temp/stripping21r0p1/commonparticles/clean-stdlooseannupkaons.html
        /Users/mindaugassarpis/Work/OpenData/release/stripping_pages/temp/stripping21r0p1/commonparticles/clean-stdalltightgammadd.html
        /Users/mindaugassarpis/Work/OpenData/release/stripping_pages/temp/stripping21r0p1/commonparticles/clean-stdloosecnvphotons.html
        /Users/mindaugassarpis/Work/OpenData/release/stripping_pages/temp/stripping21r0p1/radiative/clean-stdalltightgammall.html
        /Users/mindaugassarpis/Work/OpenData/release/stripping_pages/temp/stripping21r0p1/commonparticles/clean-stdlooseanndownkaons.html
        /Users/mindaugassarpis/Work/OpenData/release/stripping_pages/temp/stripping21r0p1/radiative/clean-stdlooseannupkaons.html
        /Users/mindaugassarpis/Work/OpenData/release/stripping_pages/temp/stripping21r0p1/radiative/clean-stdnopidsuppions.html
        /Users/mindaugassarpis/Work/OpenData/release/stripping_pages/temp/stripping21r0p1/radiative/clean-stdlooseeta2gg.html
        /Users/mindaugassarpis/Work/OpenData/release/stripping_pages/temp/stripping21r0p1/radiative/clean-stdnopidsprotons.html
        /Users/mindaugassarpis/Work/OpenData/release/stripping_pages/temp/stripping21r0p1/radiative/clean-stdnopidspions.html
        /Users/mindaugassarpis/Work/OpenData/release/stripping_pages/temp/stripping21r0p1/radiative/clean-stdloosedownkaons.html
        /Users/mindaugassarpis/Work/OpenData/release/stripping_pages/temp/stripping21r0p1/commonparticles/clean-stdalllooseannkaons.html
        /Users/mindaugassarpis/Work/OpenData/release/stripping_pages/temp/stripping21r0p1/radiative/clean-stdtightannprotons.html
        /Users/mindaugassarpis/Work/OpenData/release/stripping_pages/temp/stripping21r0p1/radiative/clean-stdloosedsplus2kkpioppsign.html
        /Users/mindaugassarpis/Work/OpenData/release/stripping_pages/temp/stripping21r0p1/commonparticles/clean-stdtightannupmuons.html
        /Users/mindaugassarpis/Work/OpenData/release/stripping_pages/temp/stripping21r0p1/commonparticles/clean-stdloosedstarwithd02kk.html
        /Users/mindaugassarpis/Work/OpenData/release/stripping_pages/temp/stripping21r0p1/radiative/clean-stdloosedplus2kkpi.html
        /Users/mindaugassarpis/Work/OpenData/release/stripping_pages/temp/stripping21r0p1/commonparticles/clean-stdloosephotons.html
        /Users/mindaugassarpis/Work/OpenData/release/stripping_pages/temp/stripping21r0p1/commonparticles/clean-stdloosed02kskk.html
        /Users/mindaugassarpis/Work/OpenData/release/stripping_pages/temp/stripping21r0p1/radiative/clean-stdtightanndownpions.html
        /Users/mindaugassarpis/Work/OpenData/release/stripping_pages/temp/stripping21r0p1/commonparticles/clean-stdalllooseannelectrons.html
        /Users/mindaugassarpis/Work/OpenData/release/stripping_pages/temp/stripping21r0p1/radiative/clean-stdloosedetachedkst2kpi.html
        /Users/mindaugassarpis/Work/OpenData/release/stripping_pages/temp/stripping21r0p1/commonparticles/clean-stdtightdplus2kpipioppsignpi.html
        /Users/mindaugassarpis/Work/OpenData/release/stripping_pages/temp/stripping21r0p1/commonparticles/clean-stdloosedetachedkpi.html
        /Users/mindaugassarpis/Work/OpenData/release/stripping_pages/temp/stripping21r0p1/commonparticles/clean-stdtightanndownkaons.html
        /Users/mindaugassarpis/Work/OpenData/release/stripping_pages/temp/stripping21r0p1/radiative/clean-stdveryloosemuons.html
        /Users/mindaugassarpis/Work/OpenData/release/stripping_pages/temp/stripping21r0p1/radiative/clean-stddielectronfromtracks.html
        /Users/mindaugassarpis/Work/OpenData/release/stripping_pages/temp/stripping21r0p1/commonparticles/clean-stdlooseanndownpions.html
        /Users/mindaugassarpis/Work/OpenData/release/stripping_pages/temp/stripping21r0p1/radiative/clean-stdlooseannkaons.html
        /Users/mindaugassarpis/Work/OpenData/release/stripping_pages/temp/stripping21r0p1/commonparticles/clean-stdloosemuons.html
        /Users/mindaugassarpis/Work/OpenData/release/stripping_pages/temp/stripping21r0p1/commonparticles/clean-stdalllooseannpions.html
        /Users/mindaugassarpis/Work/OpenData/release/stripping_pages/temp/stripping21r0p1/radiative/clean-stdtightannupmuons.html
        /Users/mindaugassarpis/Work/OpenData/release/stripping_pages/temp/stripping21r0p1/commonparticles/clean-stdloosedownmuons.html
        /Users/mindaugassarpis/Work/OpenData/release/stripping_pages/temp/stripping21r0p1/radiative/clean-stdltunbiasedjpsi2mumu.html
        /Users/mindaugassarpis/Work/OpenData/release/stripping_pages/temp/stripping21r0p1/commonparticles/clean-stdallloosepions.html
        /Users/mindaugassarpis/Work/OpenData/release/stripping_pages/temp/stripping21r0p1/commonparticles/clean-stdloosekaons.html
        /Users/mindaugassarpis/Work/OpenData/release/stripping_pages/temp/stripping21r0p1/commonparticles/clean-stdtightannprotons.html
        /Users/mindaugassarpis/Work/OpenData/release/stripping_pages/temp/stripping21r0p1/commonparticles/clean-stdtightdetachedtau3pi.html
        /Users/mindaugassarpis/Work/OpenData/release/stripping_pages/temp/stripping21r0p1/commonparticles/clean-stdlooselambdadd.html
        /Users/mindaugassarpis/Work/OpenData/release/stripping_pages/temp/stripping21r0p1/commonparticles/clean-stdallnopidsprotons.html
        /Users/mindaugassarpis/Work/OpenData/release/stripping_pages/temp/stripping21r0p1/commonparticles/clean-stdloosedplus2kpipi.html
        /Users/mindaugassarpis/Work/OpenData/release/stripping_pages/temp/stripping21r0p1/radiative/clean-stdlooseannpions.html
        /Users/mindaugassarpis/Work/OpenData/release/stripping_pages/temp/stripping21r0p1/commonparticles/clean-stdtightprotons.html
        /Users/mindaugassarpis/Work/OpenData/release/stripping_pages/temp/stripping21r0p1/commonparticles/clean-stddielectronfromtracks.html
        /Users/mindaugassarpis/Work/OpenData/release/stripping_pages/temp/stripping21r0p1/commonparticles/clean-stdlooselambdac2pkpi.html
        /Users/mindaugassarpis/Work/OpenData/release/stripping_pages/temp/stripping21r0p1/commonparticles/clean-stdloosed02kk.html
        /Users/mindaugassarpis/Work/OpenData/release/stripping_pages/temp/stripping21r0p1/radiative/clean-stdloosedetacheddielectron.html
        /Users/mindaugassarpis/Work/OpenData/release/stripping_pages/temp/stripping21r0p1/radiative/clean-stdloosed02kpidcs.html
        /Users/mindaugassarpis/Work/OpenData/release/stripping_pages/temp/stripping21r0p1/radiative/clean-stdlooseresolvedpi0.html
        /Users/mindaugassarpis/Work/OpenData/release/stripping_pages/temp/stripping21r0p1/commonparticles/clean-stdtightanndownmuons.html
        /Users/mindaugassarpis/Work/OpenData/release/stripping_pages/temp/stripping21r0p1/radiative/clean-stdloosedplus2pipipi.html
        /Users/mindaugassarpis/Work/OpenData/release/stripping_pages/temp/stripping21r0p1/radiative/clean-stdtightanndownprotons.html
        /Users/mindaugassarpis/Work/OpenData/release/stripping_pages/temp/stripping21r0p1/radiative/clean-stdlooserhoplus.html
        /Users/mindaugassarpis/Work/OpenData/release/stripping_pages/temp/stripping21r0p1/commonparticles/clean-stdlooseksll.html
        /Users/mindaugassarpis/Work/OpenData/release/stripping_pages/temp/stripping21r0p1/commonparticles/clean-stdloosedetacheddipion.html
        /Users/mindaugassarpis/Work/OpenData/release/stripping_pages/temp/stripping21r0p1/radiative/clean-stdtightannupkaons.html
        /Users/mindaugassarpis/Work/OpenData/release/stripping_pages/temp/stripping21r0p1/commonparticles/clean-stdveryloosemuons.html
        /Users/mindaugassarpis/Work/OpenData/release/stripping_pages/temp/stripping21r0p1/radiative/clean-stdloosedplus2kpipi.html
        /Users/mindaugassarpis/Work/OpenData/release/stripping_pages/temp/stripping21r0p1/commonparticles/clean-stdloosedimuon.html
        /Users/mindaugassarpis/Work/OpenData/release/stripping_pages/temp/stripping21r0p1/radiative/clean-stdloosedstarwithd02kpidcs.html
        /Users/mindaugassarpis/Work/OpenData/release/stripping_pages/temp/stripping21r0p1/radiative/clean-stdlooselambdac2pkpi.html
        /Users/mindaugassarpis/Work/OpenData/release/stripping_pages/temp/stripping21r0p1/radiative/clean-stdloosepi02gg.html
        /Users/mindaugassarpis/Work/OpenData/release/stripping_pages/temp/stripping21r0p1/radiative/clean-stdtightannkaons.html
        /Users/mindaugassarpis/Work/OpenData/release/stripping_pages/temp/stripping21r0p1/commonparticles/clean-stdlooseannprotons.html
        /Users/mindaugassarpis/Work/OpenData/release/stripping_pages/temp/stripping21r0p1/commonparticles/clean-stdlooserhoplus.html
        /Users/mindaugassarpis/Work/OpenData/release/stripping_pages/temp/stripping21r0p1/radiative/clean-stdloosemuons.html
        /Users/mindaugassarpis/Work/OpenData/release/stripping_pages/temp/stripping21r0p1/commonparticles/clean-stdjets.html
        /Users/mindaugassarpis/Work/OpenData/release/stripping_pages/temp/stripping21r0p1/radiative/clean-stdlooseallphotons.html
        /Users/mindaugassarpis/Work/OpenData/release/stripping_pages/temp/stripping21r0p1/radiative/clean-stdallveryloosemuons.html
        /Users/mindaugassarpis/Work/OpenData/release/stripping_pages/temp/stripping21r0p1/commonparticles/clean-stdnopidskaons.html
        /Users/mindaugassarpis/Work/OpenData/release/stripping_pages/temp/stripping21r0p1/radiative/clean-stdtightdplus2kpipioppsignpi.html
        /Users/mindaugassarpis/Work/OpenData/release/stripping_pages/temp/stripping21r0p1/commonparticles/clean-stdtightmuons.html
        /Users/mindaugassarpis/Work/OpenData/release/stripping_pages/temp/stripping21r0p1/radiative/clean-stdnopidsupkaons.html
        /Users/mindaugassarpis/Work/OpenData/release/stripping_pages/temp/stripping21r0p1/commonparticles/clean-stdtightkaons.html
        /Users/mindaugassarpis/Work/OpenData/release/stripping_pages/temp/stripping21r0p1/radiative/clean-stdloosed02kskk.html
        /Users/mindaugassarpis/Work/OpenData/release/stripping_pages/temp/stripping21r0p1/radiative/clean-stdallnopidskaons.html
        /Users/mindaugassarpis/Work/OpenData/release/stripping_pages/temp/stripping21r0p1/commonparticles/clean-stdnopidsdownelectrons.html
        /Users/mindaugassarpis/Work/OpenData/release/stripping_pages/temp/stripping21r0p1/radiative/clean-stdverytightdsplus2kkpi.html
        /Users/mindaugassarpis/Work/OpenData/release/stripping_pages/temp/stripping21r0p1/commonparticles/clean-stdloosedetachedtau3pi.html
        /Users/mindaugassarpis/Work/OpenData/release/stripping_pages/temp/stripping21r0p1/commonparticles/clean-stdlooselambdald.html
        /Users/mindaugassarpis/Work/OpenData/release/stripping_pages/temp/stripping21r0p1/radiative/clean-stdloosemergedpi0.html
        /Users/mindaugassarpis/Work/OpenData/release/stripping_pages/temp/stripping21r0p1/radiative/clean-stdallnopidsmuons.html
        /Users/mindaugassarpis/Work/OpenData/release/stripping_pages/temp/stripping21r0p1/radiative/clean-stdloosejpsi2mumu.html
        /Users/mindaugassarpis/Work/OpenData/release/stripping_pages/temp/stripping21r0p1/commonparticles/clean-stdmassconstrainedjpsi2mumu.html
        /Users/mindaugassarpis/Work/OpenData/release/stripping_pages/temp/stripping21r0p1/commonparticles/clean-stdallnopidsmuons.html
        /Users/mindaugassarpis/Work/OpenData/release/stripping_pages/temp/stripping21r0p1/commonparticles/clean-stdloosedstarwithd02pipi.html
        /Users/mindaugassarpis/Work/OpenData/release/stripping_pages/temp/stripping21r0p1/radiative/clean-stdtightannelectrons.html
        /Users/mindaugassarpis/Work/OpenData/release/stripping_pages/temp/stripping21r0p1/commonparticles/clean-stdlooseannuppions.html
        /Users/mindaugassarpis/Work/OpenData/release/stripping_pages/temp/stripping21r0p1/commonparticles/clean-stdlooseanndownprotons.html
        /Users/mindaugassarpis/Work/OpenData/release/stripping_pages/temp/stripping21r0p1/commonparticles/clean-stdtightannupprotons.html
        /Users/mindaugassarpis/Work/OpenData/release/stripping_pages/temp/stripping21r0p1/radiative/clean-stdallloosegammadd.html
        /Users/mindaugassarpis/Work/OpenData/release/stripping_pages/temp/stripping21r0p1/radiative/clean-stdalltightsymgammadd.html
        /Users/mindaugassarpis/Work/OpenData/release/stripping_pages/temp/stripping21r0p1/radiative/clean-stdveryloosedimuon.html
        /Users/mindaugassarpis/Work/OpenData/release/stripping_pages/temp/stripping21r0p1/radiative/clean-stdloosepions.html
        /Users/mindaugassarpis/Work/OpenData/release/stripping_pages/temp/stripping21r0p1/radiative/clean-stdloosedplus2hhh.html
        /Users/mindaugassarpis/Work/OpenData/release/stripping_pages/temp/stripping21r0p1/commonparticles/clean-stdtightannupkaons.html
        /Users/mindaugassarpis/Work/OpenData/release/stripping_pages/temp/stripping21r0p1/radiative/clean-stdlooseanndownpions.html
        /Users/mindaugassarpis/Work/OpenData/release/stripping_pages/temp/stripping21r0p1/radiative/clean-stdloosed02kk.html
        /Users/mindaugassarpis/Work/OpenData/release/stripping_pages/temp/stripping21r0p1/commonparticles/clean-stdlooseannupprotons.html
        /Users/mindaugassarpis/Work/OpenData/release/stripping_pages/temp/stripping21r0p1/commonparticles/clean-stdloosed02kpidcs.html
        /Users/mindaugassarpis/Work/OpenData/release/stripping_pages/temp/stripping21r0p1/commonparticles/clean-stdallnopidskaons.html
        /Users/mindaugassarpis/Work/OpenData/release/stripping_pages/temp/stripping21r0p1/radiative/clean-stdnopidsdownelectrons.html
        /Users/mindaugassarpis/Work/OpenData/release/stripping_pages/temp/stripping21r0p1/radiative/clean-stdnopidselectrons.html
        /Users/mindaugassarpis/Work/OpenData/release/stripping_pages/temp/stripping21r0p1/commonparticles/clean-stdnopidsprotons.html
        /Users/mindaugassarpis/Work/OpenData/release/stripping_pages/temp/stripping21r0p1/commonparticles/clean-stdloosedielectron.html
        /Users/mindaugassarpis/Work/OpenData/release/stripping_pages/temp/stripping21r0p1/commonparticles/clean-stdnopidsdownprotons.html
        /Users/mindaugassarpis/Work/OpenData/release/stripping_pages/temp/stripping21r0p1/radiative/clean-stdlooselambdadd.html
        /Users/mindaugassarpis/Work/OpenData/release/stripping_pages/temp/stripping21r0p1/commonparticles/clean-stdnopidselectrons.html
        /Users/mindaugassarpis/Work/OpenData/release/stripping_pages/temp/stripping21r0p1/commonparticles/clean-stdlooseannkaons.html
        /Users/mindaugassarpis/Work/OpenData/release/stripping_pages/temp/stripping21r0p1/commonparticles/clean-stdlooseksdd.html
        /Users/mindaugassarpis/Work/OpenData/release/stripping_pages/temp/stripping21r0p1/commonparticles/clean-stdnopidspions.html
        /Users/mindaugassarpis/Work/OpenData/release/stripping_pages/temp/stripping21r0p1/radiative/clean-stdlooselambdastar2pk.html
        /Users/mindaugassarpis/Work/OpenData/release/stripping_pages/temp/stripping21r0p1/radiative/clean-stdtightanndownelectrons.html
        /Users/mindaugassarpis/Work/OpenData/release/stripping_pages/temp/stripping21r0p1/radiative/clean-stdloosepi02gee.html
        /Users/mindaugassarpis/Work/OpenData/release/stripping_pages/temp/stripping21r0p1/radiative/clean-stdloosephi2kk.html
        /Users/mindaugassarpis/Work/OpenData/release/stripping_pages/temp/stripping21r0p1/radiative/clean-stdtightannpions.html
        /Users/mindaugassarpis/Work/OpenData/release/stripping_pages/temp/stripping21r0p1/commonparticles/clean-stdloosedsplus2kkpioppsign.html
        /Users/mindaugassarpis/Work/OpenData/release/stripping_pages/temp/stripping21r0p1/commonparticles/clean-stdloosedsplus2kkpi.html
        /Users/mindaugassarpis/Work/OpenData/release/stripping_pages/temp/stripping21r0p1/radiative/clean-stdlooseanndownelectrons.html
        /Users/mindaugassarpis/Work/OpenData/release/stripping_pages/temp/stripping21r0p1/commonparticles/clean-stdnopidsmuons.html
        /Users/mindaugassarpis/Work/OpenData/release/stripping_pages/temp/stripping21r0p1/radiative/clean-stdnopidsdownpions.html
        /Users/mindaugassarpis/Work/OpenData/release/stripping_pages/temp/stripping21r0p1/radiative/clean-stdlooseresolvedeta.html
        /Users/mindaugassarpis/Work/OpenData/release/stripping_pages/temp/stripping21r0p1/commonparticles/clean-stdlooserho0.html
