Building DAG of jobs...
Using shell: /bin/bash
Provided cores: 8
Rules claiming more threads will be scaled down.
Job stats:
job                      count
---------------------  -------
clean_stripping_pages        1
prepare_stripping            1
total                        2

Select jobs to execute...

[Fri Oct 20 21:11:50 2023]
rule clean_stripping_pages:
    input: /Users/mindaugassarpis/Work/StrippingPages/stripping21r0p1/commonparticles, single_clean_stripping_page.py
    output: ../../release/stripping_pages/processed/stripping21r0p1/commonparticles, ../../release/stripping_pages/temp/stripping21r0p1/commonparticles, ../../release/stripping_pages/temp/stripping21r0p1/commonparticles/success.txt
    jobid: 3
    reason: Updated input files: single_clean_stripping_page.py
    wildcards: version=stripping21r0p1, stream=commonparticles
    resources: tmpdir=/var/folders/45/mg69sv5j77930c4g6fztkg5w0000gn/T

[Fri Oct 20 21:11:50 2023]
Error in rule clean_stripping_pages:
    jobid: 3
    input: /Users/mindaugassarpis/Work/StrippingPages/stripping21r0p1/commonparticles, single_clean_stripping_page.py
    output: ../../release/stripping_pages/processed/stripping21r0p1/commonparticles, ../../release/stripping_pages/temp/stripping21r0p1/commonparticles, ../../release/stripping_pages/temp/stripping21r0p1/commonparticles/success.txt
    shell:
        
        python3 single_clean_stripping_page.py                     --input_path /Users/mindaugassarpis/Work/StrippingPages/stripping21r0p1/commonparticles            --output_path ../../release/stripping_pages/processed/stripping21r0p1/commonparticles         --temp_path ../../release/stripping_pages/temp/stripping21r0p1/commonparticles         --version stripping21r0p1              --stream commonparticles                && touch ../../release/stripping_pages/temp/stripping21r0p1/commonparticles/success.txt
        
        (one of the commands exited with non-zero exit code; note that snakemake uses bash strict mode!)

Removing output files of failed job clean_stripping_pages since they might be corrupted:
../../release/stripping_pages/temp/stripping21r0p1/commonparticles
Shutting down, this might take some time.
Exiting because a job execution failed. Look above for error message
Complete log: .snakemake/log/2023-10-20T211150.309524.snakemake.log
