Building DAG of jobs...
MissingInputException in rule prepare_stripping in file /Users/mindaugassarpis/Work/OpenData/scripts/stripping_pages/Snakefile, line 26:
Missing input files for rule prepare_stripping:
    affected files:
        ../../release/stripping_pages/temp/stripping21r1p1/charm/clean-*
        ../../release/stripping_pages/temp/stripping21r1/bhadron/clean-*
        ../../release/stripping_pages/temp/stripping21r0p2/ew/clean-*
        ../../release/stripping_pages/temp/stripping21/charmcompleteevent/clean-*
        ../../release/stripping_pages/temp/stripping21r0p1/charmcompleteevent/clean-*
        ../../release/stripping_pages/temp/stripping21r0p2/semileptonic/clean-*
        ../../release/stripping_pages/temp/stripping21r1/charmcompleteevent/clean-*
        ../../release/stripping_pages/temp/stripping21r1/ew/clean-*
        ../../release/stripping_pages/temp/stripping21/ew/clean-*
        ../../release/stripping_pages/temp/stripping21r1/bhadroncompleteevent/clean-*
        ../../release/stripping_pages/temp/stripping21r1/commonparticles/clean-*
        ../../release/stripping_pages/temp/stripping21r1p1/charmcompleteevent/clean-*
        ../../release/stripping_pages/temp/stripping21/leptonic/clean-*
        ../../release/stripping_pages/temp/stripping21r0p2/leptonic/clean-*
        ../../release/stripping_pages/temp/stripping21r0p1/bhadroncompleteevent/clean-*
        ../../release/stripping_pages/temp/stripping21r1p1/leptonic/clean-*
        ../../release/stripping_pages/temp/stripping21/bhadron/clean-*
        ../../release/stripping_pages/temp/stripping21/charm/clean-*
        ../../release/stripping_pages/temp/stripping21r0p1/semileptonic/clean-*
        ../../release/stripping_pages/temp/stripping21r1p1/bhadron/clean-*
        ../../release/stripping_pages/temp/stripping21r1p1/semileptonic/clean-*
        ../../release/stripping_pages/temp/stripping21r0p1/dimuon/clean-*
        ../../release/stripping_pages/temp/stripping21r1p2/ew/clean-*
        ../../release/stripping_pages/temp/stripping21r1/radiative/clean-*
        ../../release/stripping_pages/temp/stripping21r0p1/charm/clean-*
        ../../release/stripping_pages/temp/stripping21r1p2/charmcompleteevent/clean-*
        ../../release/stripping_pages/temp/stripping21/semileptonic/clean-*
        ../../release/stripping_pages/temp/stripping21r1/semileptonic/clean-*
        ../../release/stripping_pages/temp/stripping21r0p1/leptonic/clean-*
        ../../release/stripping_pages/temp/stripping21r1p1/ew/clean-*
        ../../release/stripping_pages/temp/stripping21r1p2/charm/clean-*
        ../../release/stripping_pages/temp/stripping21r1p2/leptonic/clean-*
        ../../release/stripping_pages/temp/stripping21r1p1/commonparticles/clean-*
        ../../release/stripping_pages/temp/stripping21/bhadroncompleteevent/clean-*
        ../../release/stripping_pages/temp/stripping21r1p2/semileptonic/clean-*
        ../../release/stripping_pages/temp/stripping21r0p2/commonparticles/clean-*
        ../../release/stripping_pages/temp/stripping21r1p1/bhadroncompleteevent/clean-*
        ../../release/stripping_pages/temp/stripping21r1p2/commonparticles/clean-*
        ../../release/stripping_pages/temp/stripping21/dimuon/clean-*
        ../../release/stripping_pages/temp/stripping21r0p1/bhadron/clean-*
        ../../release/stripping_pages/temp/stripping21r1/dimuon/clean-*
        ../../release/stripping_pages/temp/stripping21r1p2/bhadron/clean-*
        ../../release/stripping_pages/temp/stripping21/commonparticles/clean-*
        ../../release/stripping_pages/temp/stripping21r1p1/dimuon/clean-*
        ../../release/stripping_pages/temp/stripping21r0p1/ew/clean-*
        ../../release/stripping_pages/temp/stripping21r0p2/charm/clean-*
        ../../release/stripping_pages/temp/stripping21/radiative/clean-*
        ../../release/stripping_pages/temp/stripping21r1/charm/clean-*
        ../../release/stripping_pages/temp/stripping21r0p2/bhadroncompleteevent/clean-*
        ../../release/stripping_pages/temp/stripping21r0p2/bhadron/clean-*
        ../../release/stripping_pages/temp/stripping21r0p2/charmcompleteevent/clean-*
        ../../release/stripping_pages/temp/stripping21r1p2/bhadroncompleteevent/clean-*
        ../../release/stripping_pages/temp/stripping21r0p2/dimuon/clean-*
        ../../release/stripping_pages/temp/stripping21r0p1/commonparticles/clean-*
        ../../release/stripping_pages/temp/stripping21r1/leptonic/clean-*
        ../../release/stripping_pages/temp/stripping21r1p2/dimuon/clean-*
