Building DAG of jobs...
Using shell: /bin/bash
Provided cores: 8
Rules claiming more threads will be scaled down.
Job stats:
job                  count
-----------------  -------
create_json_files       42
prepare_stripping        1
total                   43

Select jobs to execute...

[Mon Oct 30 17:33:06 2023]
rule create_json_files:
    input: create_json_files.py, ../../release/stripping_pages/temp/stripping21r1p1/commonparticles/success.txt
    output: ../../release/stripping_pages/temp/json_success_stripping21r1p1_commonparticles.txt
    log: ../../release/stripping_pages/temp/logs/json_stripping21r1p1_commonparticles.log
    jobid: 89
    reason: Updated input files: create_json_files.py
    wildcards: version=stripping21r1p1, stream=commonparticles
    resources: tmpdir=/var/folders/45/mg69sv5j77930c4g6fztkg5w0000gn/T


[Mon Oct 30 17:33:06 2023]
rule create_json_files:
    input: create_json_files.py, ../../release/stripping_pages/temp/stripping21r0p2/semileptonic/success.txt
    output: ../../release/stripping_pages/temp/json_success_stripping21r0p2_semileptonic.txt
    log: ../../release/stripping_pages/temp/logs/json_stripping21r0p2_semileptonic.log
    jobid: 74
    reason: Updated input files: create_json_files.py
    wildcards: version=stripping21r0p2, stream=semileptonic
    resources: tmpdir=/var/folders/45/mg69sv5j77930c4g6fztkg5w0000gn/T


[Mon Oct 30 17:33:06 2023]
rule create_json_files:
    input: create_json_files.py, ../../release/stripping_pages/temp/stripping21/dimuon/success.txt
    output: ../../release/stripping_pages/temp/json_success_stripping21_dimuon.txt
    log: ../../release/stripping_pages/temp/logs/json_stripping21_dimuon.log
    jobid: 59
    reason: Updated input files: create_json_files.py
    wildcards: version=stripping21, stream=dimuon
    resources: tmpdir=/var/folders/45/mg69sv5j77930c4g6fztkg5w0000gn/T


[Mon Oct 30 17:33:06 2023]
rule create_json_files:
    input: create_json_files.py, ../../release/stripping_pages/temp/stripping21r1/commonparticles/success.txt
    output: ../../release/stripping_pages/temp/json_success_stripping21r1_commonparticles.txt
    log: ../../release/stripping_pages/temp/logs/json_stripping21r1_commonparticles.log
    jobid: 82
    reason: Updated input files: create_json_files.py
    wildcards: version=stripping21r1, stream=commonparticles
    resources: tmpdir=/var/folders/45/mg69sv5j77930c4g6fztkg5w0000gn/T


[Mon Oct 30 17:33:06 2023]
rule create_json_files:
    input: create_json_files.py, ../../release/stripping_pages/temp/stripping21r0p1/semileptonic/success.txt
    output: ../../release/stripping_pages/temp/json_success_stripping21r0p1_semileptonic.txt
    log: ../../release/stripping_pages/temp/logs/json_stripping21r0p1_semileptonic.log
    jobid: 67
    reason: Updated input files: create_json_files.py
    wildcards: version=stripping21r0p1, stream=semileptonic
    resources: tmpdir=/var/folders/45/mg69sv5j77930c4g6fztkg5w0000gn/T


[Mon Oct 30 17:33:06 2023]
rule create_json_files:
    input: create_json_files.py, ../../release/stripping_pages/temp/stripping21r1p2/bhadron/success.txt
    output: ../../release/stripping_pages/temp/json_success_stripping21r1p2_bhadron.txt
    log: ../../release/stripping_pages/temp/logs/json_stripping21r1p2_bhadron.log
    jobid: 90
    reason: Updated input files: create_json_files.py
    wildcards: version=stripping21r1p2, stream=bhadron
    resources: tmpdir=/var/folders/45/mg69sv5j77930c4g6fztkg5w0000gn/T


[Mon Oct 30 17:33:06 2023]
rule create_json_files:
    input: create_json_files.py, ../../release/stripping_pages/temp/stripping21r0p2/commonparticles/success.txt
    output: ../../release/stripping_pages/temp/json_success_stripping21r0p2_commonparticles.txt
    log: ../../release/stripping_pages/temp/logs/json_stripping21r0p2_commonparticles.log
    jobid: 75
    reason: Updated input files: create_json_files.py
    wildcards: version=stripping21r0p2, stream=commonparticles
    resources: tmpdir=/var/folders/45/mg69sv5j77930c4g6fztkg5w0000gn/T


[Mon Oct 30 17:33:06 2023]
rule create_json_files:
    input: create_json_files.py, ../../release/stripping_pages/temp/stripping21/semileptonic/success.txt
    output: ../../release/stripping_pages/temp/json_success_stripping21_semileptonic.txt
    log: ../../release/stripping_pages/temp/logs/json_stripping21_semileptonic.log
    jobid: 60
    reason: Updated input files: create_json_files.py
    wildcards: version=stripping21, stream=semileptonic
    resources: tmpdir=/var/folders/45/mg69sv5j77930c4g6fztkg5w0000gn/T

[Mon Oct 30 17:33:07 2023]
Finished job 59.
1 of 43 steps (2%) done
Select jobs to execute...

[Mon Oct 30 17:33:07 2023]
rule create_json_files:
    input: create_json_files.py, ../../release/stripping_pages/temp/stripping21r1p1/bhadron/success.txt
    output: ../../release/stripping_pages/temp/json_success_stripping21r1p1_bhadron.txt
    log: ../../release/stripping_pages/temp/logs/json_stripping21r1p1_bhadron.log
    jobid: 83
    reason: Updated input files: create_json_files.py
    wildcards: version=stripping21r1p1, stream=bhadron
    resources: tmpdir=/var/folders/45/mg69sv5j77930c4g6fztkg5w0000gn/T

[Mon Oct 30 17:33:07 2023]
Finished job 67.
2 of 43 steps (5%) done
[Mon Oct 30 17:33:07 2023]
Finished job 74.
3 of 43 steps (7%) done
[Mon Oct 30 17:33:07 2023]
Finished job 89.
4 of 43 steps (9%) done
[Mon Oct 30 17:33:07 2023]
Finished job 60.
5 of 43 steps (12%) done
[Mon Oct 30 17:33:07 2023]
Finished job 82.
6 of 43 steps (14%) done
[Mon Oct 30 17:33:07 2023]
Finished job 75.
7 of 43 steps (16%) done
[Mon Oct 30 17:33:07 2023]
Finished job 90.
8 of 43 steps (19%) done
Select jobs to execute...

[Mon Oct 30 17:33:07 2023]
rule create_json_files:
    input: create_json_files.py, ../../release/stripping_pages/temp/stripping21r1p2/bhadroncompleteevent/success.txt
    output: ../../release/stripping_pages/temp/json_success_stripping21r1p2_bhadroncompleteevent.txt
    log: ../../release/stripping_pages/temp/logs/json_stripping21r1p2_bhadroncompleteevent.log
    jobid: 91
    reason: Updated input files: create_json_files.py
    wildcards: version=stripping21r1p2, stream=bhadroncompleteevent
    resources: tmpdir=/var/folders/45/mg69sv5j77930c4g6fztkg5w0000gn/T


[Mon Oct 30 17:33:07 2023]
rule create_json_files:
    input: create_json_files.py, ../../release/stripping_pages/temp/stripping21r1/bhadron/success.txt
    output: ../../release/stripping_pages/temp/json_success_stripping21r1_bhadron.txt
    log: ../../release/stripping_pages/temp/logs/json_stripping21r1_bhadron.log
    jobid: 76
    reason: Updated input files: create_json_files.py
    wildcards: version=stripping21r1, stream=bhadron
    resources: tmpdir=/var/folders/45/mg69sv5j77930c4g6fztkg5w0000gn/T


[Mon Oct 30 17:33:07 2023]
rule create_json_files:
    input: create_json_files.py, ../../release/stripping_pages/temp/stripping21/commonparticles/success.txt
    output: ../../release/stripping_pages/temp/json_success_stripping21_commonparticles.txt
    log: ../../release/stripping_pages/temp/logs/json_stripping21_commonparticles.log
    jobid: 61
    reason: Updated input files: create_json_files.py
    wildcards: version=stripping21, stream=commonparticles
    resources: tmpdir=/var/folders/45/mg69sv5j77930c4g6fztkg5w0000gn/T


[Mon Oct 30 17:33:07 2023]
rule create_json_files:
    input: create_json_files.py, ../../release/stripping_pages/temp/stripping21r1p1/bhadroncompleteevent/success.txt
    output: ../../release/stripping_pages/temp/json_success_stripping21r1p1_bhadroncompleteevent.txt
    log: ../../release/stripping_pages/temp/logs/json_stripping21r1p1_bhadroncompleteevent.log
    jobid: 84
    reason: Updated input files: create_json_files.py
    wildcards: version=stripping21r1p1, stream=bhadroncompleteevent
    resources: tmpdir=/var/folders/45/mg69sv5j77930c4g6fztkg5w0000gn/T


[Mon Oct 30 17:33:07 2023]
rule create_json_files:
    input: create_json_files.py, ../../release/stripping_pages/temp/stripping21r0p2/bhadron/success.txt
    output: ../../release/stripping_pages/temp/json_success_stripping21r0p2_bhadron.txt
    log: ../../release/stripping_pages/temp/logs/json_stripping21r0p2_bhadron.log
    jobid: 69
    reason: Updated input files: create_json_files.py
    wildcards: version=stripping21r0p2, stream=bhadron
    resources: tmpdir=/var/folders/45/mg69sv5j77930c4g6fztkg5w0000gn/T


[Mon Oct 30 17:33:07 2023]
rule create_json_files:
    input: create_json_files.py, ../../release/stripping_pages/temp/stripping21r1p2/charm/success.txt
    output: ../../release/stripping_pages/temp/json_success_stripping21r1p2_charm.txt
    log: ../../release/stripping_pages/temp/logs/json_stripping21r1p2_charm.log
    jobid: 92
    reason: Updated input files: create_json_files.py
    wildcards: version=stripping21r1p2, stream=charm
    resources: tmpdir=/var/folders/45/mg69sv5j77930c4g6fztkg5w0000gn/T


[Mon Oct 30 17:33:07 2023]
rule create_json_files:
    input: create_json_files.py, ../../release/stripping_pages/temp/stripping21r0p1/commonparticles/success.txt
    output: ../../release/stripping_pages/temp/json_success_stripping21r0p1_commonparticles.txt
    log: ../../release/stripping_pages/temp/logs/json_stripping21r0p1_commonparticles.log
    jobid: 68
    reason: Updated input files: create_json_files.py
    wildcards: version=stripping21r0p1, stream=commonparticles
    resources: tmpdir=/var/folders/45/mg69sv5j77930c4g6fztkg5w0000gn/T

Select jobs to execute...
[Mon Oct 30 17:33:07 2023]
Finished job 91.
9 of 43 steps (21%) done

[Mon Oct 30 17:33:07 2023]
rule create_json_files:
    input: create_json_files.py, ../../release/stripping_pages/temp/stripping21r1/bhadroncompleteevent/success.txt
    output: ../../release/stripping_pages/temp/json_success_stripping21r1_bhadroncompleteevent.txt
    log: ../../release/stripping_pages/temp/logs/json_stripping21r1_bhadroncompleteevent.log
    jobid: 77
    reason: Updated input files: create_json_files.py
    wildcards: version=stripping21r1, stream=bhadroncompleteevent
    resources: tmpdir=/var/folders/45/mg69sv5j77930c4g6fztkg5w0000gn/T

[Mon Oct 30 17:33:07 2023]
Finished job 84.
10 of 43 steps (23%) done
Select jobs to execute...

[Mon Oct 30 17:33:07 2023]
rule create_json_files:
    input: create_json_files.py, ../../release/stripping_pages/temp/stripping21r0p1/bhadron/success.txt
    output: ../../release/stripping_pages/temp/json_success_stripping21r0p1_bhadron.txt
    log: ../../release/stripping_pages/temp/logs/json_stripping21r0p1_bhadron.log
    jobid: 62
    reason: Updated input files: create_json_files.py
    wildcards: version=stripping21r0p1, stream=bhadron
    resources: tmpdir=/var/folders/45/mg69sv5j77930c4g6fztkg5w0000gn/T

[Mon Oct 30 17:33:07 2023]
Finished job 92.
11 of 43 steps (26%) done
Select jobs to execute...

[Mon Oct 30 17:33:07 2023]
rule create_json_files:
    input: create_json_files.py, ../../release/stripping_pages/temp/stripping21r1p1/charm/success.txt
    output: ../../release/stripping_pages/temp/json_success_stripping21r1p1_charm.txt
    log: ../../release/stripping_pages/temp/logs/json_stripping21r1p1_charm.log
    jobid: 85
    reason: Updated input files: create_json_files.py
    wildcards: version=stripping21r1p1, stream=charm
    resources: tmpdir=/var/folders/45/mg69sv5j77930c4g6fztkg5w0000gn/T

[Mon Oct 30 17:33:07 2023]
Finished job 68.
12 of 43 steps (28%) done
Select jobs to execute...

[Mon Oct 30 17:33:07 2023]
rule create_json_files:
    input: create_json_files.py, ../../release/stripping_pages/temp/stripping21r0p2/bhadroncompleteevent/success.txt
    output: ../../release/stripping_pages/temp/json_success_stripping21r0p2_bhadroncompleteevent.txt
    log: ../../release/stripping_pages/temp/logs/json_stripping21r0p2_bhadroncompleteevent.log
    jobid: 70
    reason: Updated input files: create_json_files.py
    wildcards: version=stripping21r0p2, stream=bhadroncompleteevent
    resources: tmpdir=/var/folders/45/mg69sv5j77930c4g6fztkg5w0000gn/T

[Mon Oct 30 17:33:07 2023]
Finished job 61.
13 of 43 steps (30%) done
Select jobs to execute...

[Mon Oct 30 17:33:07 2023]
rule create_json_files:
    input: create_json_files.py, ../../release/stripping_pages/temp/stripping21/bhadron/success.txt
    output: ../../release/stripping_pages/temp/json_success_stripping21_bhadron.txt
    log: ../../release/stripping_pages/temp/logs/json_stripping21_bhadron.log
    jobid: 55
    reason: Updated input files: create_json_files.py
    wildcards: version=stripping21, stream=bhadron
    resources: tmpdir=/var/folders/45/mg69sv5j77930c4g6fztkg5w0000gn/T

[Mon Oct 30 17:33:07 2023]
Finished job 83.
14 of 43 steps (33%) done
Select jobs to execute...

[Mon Oct 30 17:33:07 2023]
rule create_json_files:
    input: create_json_files.py, ../../release/stripping_pages/temp/stripping21r1p2/charmcompleteevent/success.txt
    output: ../../release/stripping_pages/temp/json_success_stripping21r1p2_charmcompleteevent.txt
    log: ../../release/stripping_pages/temp/logs/json_stripping21r1p2_charmcompleteevent.log
    jobid: 93
    reason: Updated input files: create_json_files.py
    wildcards: version=stripping21r1p2, stream=charmcompleteevent
    resources: tmpdir=/var/folders/45/mg69sv5j77930c4g6fztkg5w0000gn/T

[Mon Oct 30 17:33:07 2023]
Finished job 77.
15 of 43 steps (35%) done
Select jobs to execute...

[Mon Oct 30 17:33:07 2023]
rule create_json_files:
    input: create_json_files.py, ../../release/stripping_pages/temp/stripping21r1/charm/success.txt
    output: ../../release/stripping_pages/temp/json_success_stripping21r1_charm.txt
    log: ../../release/stripping_pages/temp/logs/json_stripping21r1_charm.log
    jobid: 78
    reason: Updated input files: create_json_files.py
    wildcards: version=stripping21r1, stream=charm
    resources: tmpdir=/var/folders/45/mg69sv5j77930c4g6fztkg5w0000gn/T

[Mon Oct 30 17:33:07 2023]
Finished job 85.
16 of 43 steps (37%) done
Select jobs to execute...

[Mon Oct 30 17:33:07 2023]
rule create_json_files:
    input: create_json_files.py, ../../release/stripping_pages/temp/stripping21r0p1/bhadroncompleteevent/success.txt
    output: ../../release/stripping_pages/temp/json_success_stripping21r0p1_bhadroncompleteevent.txt
    log: ../../release/stripping_pages/temp/logs/json_stripping21r0p1_bhadroncompleteevent.log
    jobid: 63
    reason: Updated input files: create_json_files.py
    wildcards: version=stripping21r0p1, stream=bhadroncompleteevent
    resources: tmpdir=/var/folders/45/mg69sv5j77930c4g6fztkg5w0000gn/T

[Mon Oct 30 17:33:07 2023]
Finished job 70.
17 of 43 steps (40%) done
Select jobs to execute...

[Mon Oct 30 17:33:07 2023]
rule create_json_files:
    input: create_json_files.py, ../../release/stripping_pages/temp/stripping21r0p2/charmcompleteevent/success.txt
    output: ../../release/stripping_pages/temp/json_success_stripping21r0p2_charmcompleteevent.txt
    log: ../../release/stripping_pages/temp/logs/json_stripping21r0p2_charmcompleteevent.log
    jobid: 72
    reason: Updated input files: create_json_files.py
    wildcards: version=stripping21r0p2, stream=charmcompleteevent
    resources: tmpdir=/var/folders/45/mg69sv5j77930c4g6fztkg5w0000gn/T

[Mon Oct 30 17:33:07 2023]
Finished job 93.
18 of 43 steps (42%) done
Select jobs to execute...

[Mon Oct 30 17:33:07 2023]
rule create_json_files:
    input: create_json_files.py, ../../release/stripping_pages/temp/stripping21/charm/success.txt
    output: ../../release/stripping_pages/temp/json_success_stripping21_charm.txt
    log: ../../release/stripping_pages/temp/logs/json_stripping21_charm.log
    jobid: 57
    reason: Updated input files: create_json_files.py
    wildcards: version=stripping21, stream=charm
    resources: tmpdir=/var/folders/45/mg69sv5j77930c4g6fztkg5w0000gn/T

[Mon Oct 30 17:33:07 2023]
Finished job 69.
19 of 43 steps (44%) done
Select jobs to execute...

[Mon Oct 30 17:33:07 2023]
rule create_json_files:
    input: create_json_files.py, ../../release/stripping_pages/temp/stripping21r1p2/semileptonic/success.txt
    output: ../../release/stripping_pages/temp/json_success_stripping21r1p2_semileptonic.txt
    log: ../../release/stripping_pages/temp/logs/json_stripping21r1p2_semileptonic.log
    jobid: 95
    reason: Updated input files: create_json_files.py
    wildcards: version=stripping21r1p2, stream=semileptonic
    resources: tmpdir=/var/folders/45/mg69sv5j77930c4g6fztkg5w0000gn/T

[Mon Oct 30 17:33:07 2023]
Finished job 72.
20 of 43 steps (47%) done
[Mon Oct 30 17:33:07 2023]
Finished job 63.
21 of 43 steps (49%) done
Select jobs to execute...

[Mon Oct 30 17:33:07 2023]
rule create_json_files:
    input: create_json_files.py, ../../release/stripping_pages/temp/stripping21r1/dimuon/success.txt
    output: ../../release/stripping_pages/temp/json_success_stripping21r1_dimuon.txt
    log: ../../release/stripping_pages/temp/logs/json_stripping21r1_dimuon.log
    jobid: 80
    reason: Updated input files: create_json_files.py
    wildcards: version=stripping21r1, stream=dimuon
    resources: tmpdir=/var/folders/45/mg69sv5j77930c4g6fztkg5w0000gn/T


[Mon Oct 30 17:33:07 2023]
rule create_json_files:
    input: create_json_files.py, ../../release/stripping_pages/temp/stripping21r0p1/charmcompleteevent/success.txt
    output: ../../release/stripping_pages/temp/json_success_stripping21r0p1_charmcompleteevent.txt
    log: ../../release/stripping_pages/temp/logs/json_stripping21r0p1_charmcompleteevent.log
    jobid: 65
    reason: Updated input files: create_json_files.py
    wildcards: version=stripping21r0p1, stream=charmcompleteevent
    resources: tmpdir=/var/folders/45/mg69sv5j77930c4g6fztkg5w0000gn/T

Select jobs to execute...
[Mon Oct 30 17:33:07 2023]
Finished job 62.
22 of 43 steps (51%) done

[Mon Oct 30 17:33:07 2023]
rule create_json_files:
    input: create_json_files.py, ../../release/stripping_pages/temp/stripping21r1p1/charmcompleteevent/success.txt
    output: ../../release/stripping_pages/temp/json_success_stripping21r1p1_charmcompleteevent.txt
    log: ../../release/stripping_pages/temp/logs/json_stripping21r1p1_charmcompleteevent.log
    jobid: 86
    reason: Updated input files: create_json_files.py
    wildcards: version=stripping21r1p1, stream=charmcompleteevent
    resources: tmpdir=/var/folders/45/mg69sv5j77930c4g6fztkg5w0000gn/T

[Mon Oct 30 17:33:07 2023]
Finished job 78.
23 of 43 steps (53%) done
Select jobs to execute...

[Mon Oct 30 17:33:07 2023]
rule create_json_files:
    input: create_json_files.py, ../../release/stripping_pages/temp/stripping21r0p2/charm/success.txt
    output: ../../release/stripping_pages/temp/json_success_stripping21r0p2_charm.txt
    log: ../../release/stripping_pages/temp/logs/json_stripping21r0p2_charm.log
    jobid: 71
    reason: Updated input files: create_json_files.py
    wildcards: version=stripping21r0p2, stream=charm
    resources: tmpdir=/var/folders/45/mg69sv5j77930c4g6fztkg5w0000gn/T

[Mon Oct 30 17:33:07 2023]
Finished job 65.
24 of 43 steps (56%) done
Select jobs to execute...

[Mon Oct 30 17:33:07 2023]
rule create_json_files:
    input: create_json_files.py, ../../release/stripping_pages/temp/stripping21/bhadroncompleteevent/success.txt
    output: ../../release/stripping_pages/temp/json_success_stripping21_bhadroncompleteevent.txt
    log: ../../release/stripping_pages/temp/logs/json_stripping21_bhadroncompleteevent.log
    jobid: 56
    reason: Updated input files: create_json_files.py
    wildcards: version=stripping21, stream=bhadroncompleteevent
    resources: tmpdir=/var/folders/45/mg69sv5j77930c4g6fztkg5w0000gn/T

[Mon Oct 30 17:33:07 2023]
Finished job 80.
25 of 43 steps (58%) done
Select jobs to execute...

[Mon Oct 30 17:33:07 2023]
rule create_json_files:
    input: create_json_files.py, ../../release/stripping_pages/temp/stripping21r1p1/semileptonic/success.txt
    output: ../../release/stripping_pages/temp/json_success_stripping21r1p1_semileptonic.txt
    log: ../../release/stripping_pages/temp/logs/json_stripping21r1p1_semileptonic.log
    jobid: 88
    reason: Updated input files: create_json_files.py
    wildcards: version=stripping21r1p1, stream=semileptonic
    resources: tmpdir=/var/folders/45/mg69sv5j77930c4g6fztkg5w0000gn/T

[Mon Oct 30 17:33:08 2023]
Finished job 86.
26 of 43 steps (60%) done
Select jobs to execute...

[Mon Oct 30 17:33:08 2023]
rule create_json_files:
    input: create_json_files.py, ../../release/stripping_pages/temp/stripping21r0p2/dimuon/success.txt
    output: ../../release/stripping_pages/temp/json_success_stripping21r0p2_dimuon.txt
    log: ../../release/stripping_pages/temp/logs/json_stripping21r0p2_dimuon.log
    jobid: 73
    reason: Updated input files: create_json_files.py
    wildcards: version=stripping21r0p2, stream=dimuon
    resources: tmpdir=/var/folders/45/mg69sv5j77930c4g6fztkg5w0000gn/T

[Mon Oct 30 17:33:08 2023]
Finished job 57.
27 of 43 steps (63%) done
[Mon Oct 30 17:33:08 2023]
Finished job 95.
28 of 43 steps (65%) done
Select jobs to execute...

[Mon Oct 30 17:33:08 2023]
rule create_json_files:
    input: create_json_files.py, ../../release/stripping_pages/temp/stripping21r1p2/commonparticles/success.txt
    output: ../../release/stripping_pages/temp/json_success_stripping21r1p2_commonparticles.txt
    log: ../../release/stripping_pages/temp/logs/json_stripping21r1p2_commonparticles.log
    jobid: 96
    reason: Updated input files: create_json_files.py
    wildcards: version=stripping21r1p2, stream=commonparticles
    resources: tmpdir=/var/folders/45/mg69sv5j77930c4g6fztkg5w0000gn/T


[Mon Oct 30 17:33:08 2023]
rule create_json_files:
    input: create_json_files.py, ../../release/stripping_pages/temp/stripping21/charmcompleteevent/success.txt
    output: ../../release/stripping_pages/temp/json_success_stripping21_charmcompleteevent.txt
    log: ../../release/stripping_pages/temp/logs/json_stripping21_charmcompleteevent.log
    jobid: 58
    reason: Updated input files: create_json_files.py
    wildcards: version=stripping21, stream=charmcompleteevent
    resources: tmpdir=/var/folders/45/mg69sv5j77930c4g6fztkg5w0000gn/T

Select jobs to execute...
[Mon Oct 30 17:33:08 2023]
Finished job 71.
29 of 43 steps (67%) done

[Mon Oct 30 17:33:08 2023]
rule create_json_files:
    input: create_json_files.py, ../../release/stripping_pages/temp/stripping21r1p2/dimuon/success.txt
    output: ../../release/stripping_pages/temp/json_success_stripping21r1p2_dimuon.txt
    log: ../../release/stripping_pages/temp/logs/json_stripping21r1p2_dimuon.log
    jobid: 94
    reason: Updated input files: create_json_files.py
    wildcards: version=stripping21r1p2, stream=dimuon
    resources: tmpdir=/var/folders/45/mg69sv5j77930c4g6fztkg5w0000gn/T

[Mon Oct 30 17:33:08 2023]
Finished job 76.
30 of 43 steps (70%) done
Select jobs to execute...

[Mon Oct 30 17:33:08 2023]
rule create_json_files:
    input: create_json_files.py, ../../release/stripping_pages/temp/stripping21r1/charmcompleteevent/success.txt
    output: ../../release/stripping_pages/temp/json_success_stripping21r1_charmcompleteevent.txt
    log: ../../release/stripping_pages/temp/logs/json_stripping21r1_charmcompleteevent.log
    jobid: 79
    reason: Updated input files: create_json_files.py
    wildcards: version=stripping21r1, stream=charmcompleteevent
    resources: tmpdir=/var/folders/45/mg69sv5j77930c4g6fztkg5w0000gn/T

[Mon Oct 30 17:33:08 2023]
Finished job 56.
31 of 43 steps (72%) done
Select jobs to execute...

[Mon Oct 30 17:33:08 2023]
rule create_json_files:
    input: create_json_files.py, ../../release/stripping_pages/temp/stripping21r0p1/charm/success.txt
    output: ../../release/stripping_pages/temp/json_success_stripping21r0p1_charm.txt
    log: ../../release/stripping_pages/temp/logs/json_stripping21r0p1_charm.log
    jobid: 64
    reason: Updated input files: create_json_files.py
    wildcards: version=stripping21r0p1, stream=charm
    resources: tmpdir=/var/folders/45/mg69sv5j77930c4g6fztkg5w0000gn/T

[Mon Oct 30 17:33:08 2023]
Finished job 73.
32 of 43 steps (74%) done
Select jobs to execute...

[Mon Oct 30 17:33:08 2023]
rule create_json_files:
    input: create_json_files.py, ../../release/stripping_pages/temp/stripping21r1/semileptonic/success.txt
    output: ../../release/stripping_pages/temp/json_success_stripping21r1_semileptonic.txt
    log: ../../release/stripping_pages/temp/logs/json_stripping21r1_semileptonic.log
    jobid: 81
    reason: Updated input files: create_json_files.py
    wildcards: version=stripping21r1, stream=semileptonic
    resources: tmpdir=/var/folders/45/mg69sv5j77930c4g6fztkg5w0000gn/T

[Mon Oct 30 17:33:08 2023]
Finished job 88.
33 of 43 steps (77%) done
Select jobs to execute...

[Mon Oct 30 17:33:08 2023]
rule create_json_files:
    input: create_json_files.py, ../../release/stripping_pages/temp/stripping21r0p1/dimuon/success.txt
    output: ../../release/stripping_pages/temp/json_success_stripping21r0p1_dimuon.txt
    log: ../../release/stripping_pages/temp/logs/json_stripping21r0p1_dimuon.log
    jobid: 66
    reason: Updated input files: create_json_files.py
    wildcards: version=stripping21r0p1, stream=dimuon
    resources: tmpdir=/var/folders/45/mg69sv5j77930c4g6fztkg5w0000gn/T

[Mon Oct 30 17:33:08 2023]
Finished job 58.
34 of 43 steps (79%) done
Select jobs to execute...

[Mon Oct 30 17:33:08 2023]
rule create_json_files:
    input: create_json_files.py, ../../release/stripping_pages/temp/stripping21r1p1/dimuon/success.txt
    output: ../../release/stripping_pages/temp/json_success_stripping21r1p1_dimuon.txt
    log: ../../release/stripping_pages/temp/logs/json_stripping21r1p1_dimuon.log
    jobid: 87
    reason: Updated input files: create_json_files.py
    wildcards: version=stripping21r1p1, stream=dimuon
    resources: tmpdir=/var/folders/45/mg69sv5j77930c4g6fztkg5w0000gn/T

[Mon Oct 30 17:33:08 2023]
Finished job 94.
35 of 43 steps (81%) done
[Mon Oct 30 17:33:08 2023]
Finished job 79.
36 of 43 steps (84%) done
[Mon Oct 30 17:33:08 2023]
Finished job 96.
37 of 43 steps (86%) done
[Mon Oct 30 17:33:08 2023]
Finished job 66.
38 of 43 steps (88%) done
[Mon Oct 30 17:33:08 2023]
Finished job 81.
39 of 43 steps (91%) done
[Mon Oct 30 17:33:08 2023]
Finished job 87.
40 of 43 steps (93%) done
[Mon Oct 30 17:33:08 2023]
Finished job 64.
41 of 43 steps (95%) done
[Mon Oct 30 17:33:08 2023]
Finished job 55.
42 of 43 steps (98%) done
Select jobs to execute...

[Mon Oct 30 17:33:08 2023]
localrule prepare_stripping:
    input: ../../release/stripping_pages/temp/stripping21/clean_index.html, ../../release/stripping_pages/temp/stripping21r0p1/clean_index.html, ../../release/stripping_pages/temp/stripping21r0p2/clean_index.html, ../../release/stripping_pages/temp/stripping21r1/clean_index.html, ../../release/stripping_pages/temp/stripping21r1p1/clean_index.html, ../../release/stripping_pages/temp/stripping21r1p2/clean_index.html, ../../release/stripping_pages/processed/stripping21/stripping21-index.md, ../../release/stripping_pages/processed/stripping21r0p1/stripping21r0p1-index.md, ../../release/stripping_pages/processed/stripping21r0p2/stripping21r0p2-index.md, ../../release/stripping_pages/processed/stripping21r1/stripping21r1-index.md, ../../release/stripping_pages/processed/stripping21r1p1/stripping21r1p1-index.md, ../../release/stripping_pages/processed/stripping21r1p2/stripping21r1p2-index.md, ../../release/stripping_pages/temp/stripping21/bhadron/success.txt, ../../release/stripping_pages/temp/stripping21/bhadroncompleteevent/success.txt, ../../release/stripping_pages/temp/stripping21/charm/success.txt, ../../release/stripping_pages/temp/stripping21/charmcompleteevent/success.txt, ../../release/stripping_pages/temp/stripping21/dimuon/success.txt, ../../release/stripping_pages/temp/stripping21/semileptonic/success.txt, ../../release/stripping_pages/temp/stripping21/commonparticles/success.txt, ../../release/stripping_pages/temp/stripping21r0p1/bhadron/success.txt, ../../release/stripping_pages/temp/stripping21r0p1/bhadroncompleteevent/success.txt, ../../release/stripping_pages/temp/stripping21r0p1/charm/success.txt, ../../release/stripping_pages/temp/stripping21r0p1/charmcompleteevent/success.txt, ../../release/stripping_pages/temp/stripping21r0p1/dimuon/success.txt, ../../release/stripping_pages/temp/stripping21r0p1/semileptonic/success.txt, ../../release/stripping_pages/temp/stripping21r0p1/commonparticles/success.txt, ../../release/stripping_pages/temp/stripping21r0p2/bhadron/success.txt, ../../release/stripping_pages/temp/stripping21r0p2/bhadroncompleteevent/success.txt, ../../release/stripping_pages/temp/stripping21r0p2/charm/success.txt, ../../release/stripping_pages/temp/stripping21r0p2/charmcompleteevent/success.txt, ../../release/stripping_pages/temp/stripping21r0p2/dimuon/success.txt, ../../release/stripping_pages/temp/stripping21r0p2/semileptonic/success.txt, ../../release/stripping_pages/temp/stripping21r0p2/commonparticles/success.txt, ../../release/stripping_pages/temp/stripping21r1/bhadron/success.txt, ../../release/stripping_pages/temp/stripping21r1/bhadroncompleteevent/success.txt, ../../release/stripping_pages/temp/stripping21r1/charm/success.txt, ../../release/stripping_pages/temp/stripping21r1/charmcompleteevent/success.txt, ../../release/stripping_pages/temp/stripping21r1/dimuon/success.txt, ../../release/stripping_pages/temp/stripping21r1/semileptonic/success.txt, ../../release/stripping_pages/temp/stripping21r1/commonparticles/success.txt, ../../release/stripping_pages/temp/stripping21r1p1/bhadron/success.txt, ../../release/stripping_pages/temp/stripping21r1p1/bhadroncompleteevent/success.txt, ../../release/stripping_pages/temp/stripping21r1p1/charm/success.txt, ../../release/stripping_pages/temp/stripping21r1p1/charmcompleteevent/success.txt, ../../release/stripping_pages/temp/stripping21r1p1/dimuon/success.txt, ../../release/stripping_pages/temp/stripping21r1p1/semileptonic/success.txt, ../../release/stripping_pages/temp/stripping21r1p1/commonparticles/success.txt, ../../release/stripping_pages/temp/stripping21r1p2/bhadron/success.txt, ../../release/stripping_pages/temp/stripping21r1p2/bhadroncompleteevent/success.txt, ../../release/stripping_pages/temp/stripping21r1p2/charm/success.txt, ../../release/stripping_pages/temp/stripping21r1p2/charmcompleteevent/success.txt, ../../release/stripping_pages/temp/stripping21r1p2/dimuon/success.txt, ../../release/stripping_pages/temp/stripping21r1p2/semileptonic/success.txt, ../../release/stripping_pages/temp/stripping21r1p2/commonparticles/success.txt, ../../release/stripping_pages/temp/json_success_stripping21_bhadron.txt, ../../release/stripping_pages/temp/json_success_stripping21_bhadroncompleteevent.txt, ../../release/stripping_pages/temp/json_success_stripping21_charm.txt, ../../release/stripping_pages/temp/json_success_stripping21_charmcompleteevent.txt, ../../release/stripping_pages/temp/json_success_stripping21_dimuon.txt, ../../release/stripping_pages/temp/json_success_stripping21_semileptonic.txt, ../../release/stripping_pages/temp/json_success_stripping21_commonparticles.txt, ../../release/stripping_pages/temp/json_success_stripping21r0p1_bhadron.txt, ../../release/stripping_pages/temp/json_success_stripping21r0p1_bhadroncompleteevent.txt, ../../release/stripping_pages/temp/json_success_stripping21r0p1_charm.txt, ../../release/stripping_pages/temp/json_success_stripping21r0p1_charmcompleteevent.txt, ../../release/stripping_pages/temp/json_success_stripping21r0p1_dimuon.txt, ../../release/stripping_pages/temp/json_success_stripping21r0p1_semileptonic.txt, ../../release/stripping_pages/temp/json_success_stripping21r0p1_commonparticles.txt, ../../release/stripping_pages/temp/json_success_stripping21r0p2_bhadron.txt, ../../release/stripping_pages/temp/json_success_stripping21r0p2_bhadroncompleteevent.txt, ../../release/stripping_pages/temp/json_success_stripping21r0p2_charm.txt, ../../release/stripping_pages/temp/json_success_stripping21r0p2_charmcompleteevent.txt, ../../release/stripping_pages/temp/json_success_stripping21r0p2_dimuon.txt, ../../release/stripping_pages/temp/json_success_stripping21r0p2_semileptonic.txt, ../../release/stripping_pages/temp/json_success_stripping21r0p2_commonparticles.txt, ../../release/stripping_pages/temp/json_success_stripping21r1_bhadron.txt, ../../release/stripping_pages/temp/json_success_stripping21r1_bhadroncompleteevent.txt, ../../release/stripping_pages/temp/json_success_stripping21r1_charm.txt, ../../release/stripping_pages/temp/json_success_stripping21r1_charmcompleteevent.txt, ../../release/stripping_pages/temp/json_success_stripping21r1_dimuon.txt, ../../release/stripping_pages/temp/json_success_stripping21r1_semileptonic.txt, ../../release/stripping_pages/temp/json_success_stripping21r1_commonparticles.txt, ../../release/stripping_pages/temp/json_success_stripping21r1p1_bhadron.txt, ../../release/stripping_pages/temp/json_success_stripping21r1p1_bhadroncompleteevent.txt, ../../release/stripping_pages/temp/json_success_stripping21r1p1_charm.txt, ../../release/stripping_pages/temp/json_success_stripping21r1p1_charmcompleteevent.txt, ../../release/stripping_pages/temp/json_success_stripping21r1p1_dimuon.txt, ../../release/stripping_pages/temp/json_success_stripping21r1p1_semileptonic.txt, ../../release/stripping_pages/temp/json_success_stripping21r1p1_commonparticles.txt, ../../release/stripping_pages/temp/json_success_stripping21r1p2_bhadron.txt, ../../release/stripping_pages/temp/json_success_stripping21r1p2_bhadroncompleteevent.txt, ../../release/stripping_pages/temp/json_success_stripping21r1p2_charm.txt, ../../release/stripping_pages/temp/json_success_stripping21r1p2_charmcompleteevent.txt, ../../release/stripping_pages/temp/json_success_stripping21r1p2_dimuon.txt, ../../release/stripping_pages/temp/json_success_stripping21r1p2_semileptonic.txt, ../../release/stripping_pages/temp/json_success_stripping21r1p2_commonparticles.txt
    jobid: 0
    reason: Input files updated by another job: ../../release/stripping_pages/temp/json_success_stripping21r0p1_semileptonic.txt, ../../release/stripping_pages/temp/json_success_stripping21_bhadron.txt, ../../release/stripping_pages/temp/json_success_stripping21_charm.txt, ../../release/stripping_pages/temp/json_success_stripping21r1p2_bhadroncompleteevent.txt, ../../release/stripping_pages/temp/json_success_stripping21r1p2_charm.txt, ../../release/stripping_pages/temp/json_success_stripping21_bhadroncompleteevent.txt, ../../release/stripping_pages/temp/json_success_stripping21r0p2_bhadroncompleteevent.txt, ../../release/stripping_pages/temp/json_success_stripping21_commonparticles.txt, ../../release/stripping_pages/temp/json_success_stripping21r1_charm.txt, ../../release/stripping_pages/temp/json_success_stripping21r1p2_semileptonic.txt, ../../release/stripping_pages/temp/json_success_stripping21r0p2_commonparticles.txt, ../../release/stripping_pages/temp/json_success_stripping21r0p1_dimuon.txt, ../../release/stripping_pages/temp/json_success_stripping21r1_commonparticles.txt, ../../release/stripping_pages/temp/json_success_stripping21r0p1_charmcompleteevent.txt, ../../release/stripping_pages/temp/json_success_stripping21r1_semileptonic.txt, ../../release/stripping_pages/temp/json_success_stripping21_semileptonic.txt, ../../release/stripping_pages/temp/json_success_stripping21r0p2_dimuon.txt, ../../release/stripping_pages/temp/json_success_stripping21r0p2_bhadron.txt, ../../release/stripping_pages/temp/json_success_stripping21r0p2_charm.txt, ../../release/stripping_pages/temp/json_success_stripping21r1p2_commonparticles.txt, ../../release/stripping_pages/temp/json_success_stripping21r1_bhadron.txt, ../../release/stripping_pages/temp/json_success_stripping21r1p1_semileptonic.txt, ../../release/stripping_pages/temp/json_success_stripping21r1p1_commonparticles.txt, ../../release/stripping_pages/temp/json_success_stripping21r1p1_charmcompleteevent.txt, ../../release/stripping_pages/temp/json_success_stripping21r1p2_dimuon.txt, ../../release/stripping_pages/temp/json_success_stripping21r0p2_charmcompleteevent.txt, ../../release/stripping_pages/temp/json_success_stripping21r1p1_charm.txt, ../../release/stripping_pages/temp/json_success_stripping21r0p1_commonparticles.txt, ../../release/stripping_pages/temp/json_success_stripping21r1p1_bhadroncompleteevent.txt, ../../release/stripping_pages/temp/json_success_stripping21r0p2_semileptonic.txt, ../../release/stripping_pages/temp/json_success_stripping21r0p1_bhadroncompleteevent.txt, ../../release/stripping_pages/temp/json_success_stripping21r0p1_bhadron.txt, ../../release/stripping_pages/temp/json_success_stripping21r1_dimuon.txt, ../../release/stripping_pages/temp/json_success_stripping21_charmcompleteevent.txt, ../../release/stripping_pages/temp/json_success_stripping21r1_charmcompleteevent.txt, ../../release/stripping_pages/temp/json_success_stripping21r1p1_bhadron.txt, ../../release/stripping_pages/temp/json_success_stripping21_dimuon.txt, ../../release/stripping_pages/temp/json_success_stripping21r1_bhadroncompleteevent.txt, ../../release/stripping_pages/temp/json_success_stripping21r0p1_charm.txt, ../../release/stripping_pages/temp/json_success_stripping21r1p2_bhadron.txt, ../../release/stripping_pages/temp/json_success_stripping21r1p1_dimuon.txt, ../../release/stripping_pages/temp/json_success_stripping21r1p2_charmcompleteevent.txt
    resources: tmpdir=/var/folders/45/mg69sv5j77930c4g6fztkg5w0000gn/T

[Mon Oct 30 17:33:08 2023]
Finished job 0.
43 of 43 steps (100%) done
Complete log: .snakemake/log/2023-10-30T173305.867420.snakemake.log
