Building DAG of jobs...
Using shell: /bin/bash
Provided cores: 8
Rules claiming more threads will be scaled down.
Job stats:
job                      count
---------------------  -------
clean_stripping_pages        3
prepare_stripping            1
total                        4

Select jobs to execute...

[Fri Oct 20 15:06:58 2023]
rule clean_stripping_pages:
    input: /Users/mindaugassarpis/Work/StrippingPages/stripping21/radiative, single_clean_stripping_page.py
    output: ../../release/stripping_pages/processed/stripping21/radiative, ../../release/stripping_pages/temp/stripping21/radiative, ../../release/stripping_pages/temp/stripping21/radiative/success.txt
    jobid: 1
    reason: Missing output files: ../../release/stripping_pages/temp/stripping21/radiative/success.txt
    wildcards: version=stripping21, stream=radiative
    resources: tmpdir=/var/folders/45/mg69sv5j77930c4g6fztkg5w0000gn/T


[Fri Oct 20 15:06:58 2023]
rule clean_stripping_pages:
    input: /Users/mindaugassarpis/Work/StrippingPages/stripping21/commonparticles, single_clean_stripping_page.py
    output: ../../release/stripping_pages/processed/stripping21/commonparticles, ../../release/stripping_pages/temp/stripping21/commonparticles, ../../release/stripping_pages/temp/stripping21/commonparticles/success.txt
    jobid: 2
    reason: Missing output files: ../../release/stripping_pages/temp/stripping21/commonparticles/success.txt
    wildcards: version=stripping21, stream=commonparticles
    resources: tmpdir=/var/folders/45/mg69sv5j77930c4g6fztkg5w0000gn/T


[Fri Oct 20 15:06:58 2023]
rule clean_stripping_pages:
    input: /Users/mindaugassarpis/Work/StrippingPages/stripping21r0p1/commonparticles, single_clean_stripping_page.py
    output: ../../release/stripping_pages/processed/stripping21r0p1/commonparticles, ../../release/stripping_pages/temp/stripping21r0p1/commonparticles, ../../release/stripping_pages/temp/stripping21r0p1/commonparticles/success.txt
    jobid: 3
    reason: Missing output files: ../../release/stripping_pages/temp/stripping21r0p1/commonparticles/success.txt
    wildcards: version=stripping21r0p1, stream=commonparticles
    resources: tmpdir=/var/folders/45/mg69sv5j77930c4g6fztkg5w0000gn/T

[Fri Oct 20 15:06:58 2023]
Error in rule clean_stripping_pages:
    jobid: 1
    input: /Users/mindaugassarpis/Work/StrippingPages/stripping21/radiative, single_clean_stripping_page.py
    output: ../../release/stripping_pages/processed/stripping21/radiative, ../../release/stripping_pages/temp/stripping21/radiative, ../../release/stripping_pages/temp/stripping21/radiative/success.txt
    shell:
        
        python3 single_clean_stripping_page.py                     --input_path /Users/mindaugassarpis/Work/StrippingPages/stripping21/radiative            --output_path ../../release/stripping_pages/processed/stripping21/radiative         --temp_path ../../release/stripping_pages/temp/stripping21/radiative         --version stripping21              --stream radiative;               touch ../../release/stripping_pages/temp/stripping21/radiative/success.txt
        
        (one of the commands exited with non-zero exit code; note that snakemake uses bash strict mode!)

Removing output files of failed job clean_stripping_pages since they might be corrupted:
../../release/stripping_pages/temp/stripping21/radiative
[Fri Oct 20 15:06:58 2023]
Error in rule clean_stripping_pages:
    jobid: 2
    input: /Users/mindaugassarpis/Work/StrippingPages/stripping21/commonparticles, single_clean_stripping_page.py
    output: ../../release/stripping_pages/processed/stripping21/commonparticles, ../../release/stripping_pages/temp/stripping21/commonparticles, ../../release/stripping_pages/temp/stripping21/commonparticles/success.txt
    shell:
        
        python3 single_clean_stripping_page.py                     --input_path /Users/mindaugassarpis/Work/StrippingPages/stripping21/commonparticles            --output_path ../../release/stripping_pages/processed/stripping21/commonparticles         --temp_path ../../release/stripping_pages/temp/stripping21/commonparticles         --version stripping21              --stream commonparticles;               touch ../../release/stripping_pages/temp/stripping21/commonparticles/success.txt
        
        (one of the commands exited with non-zero exit code; note that snakemake uses bash strict mode!)

Removing output files of failed job clean_stripping_pages since they might be corrupted:
../../release/stripping_pages/temp/stripping21/commonparticles
[Fri Oct 20 15:06:58 2023]
Error in rule clean_stripping_pages:
    jobid: 3
    input: /Users/mindaugassarpis/Work/StrippingPages/stripping21r0p1/commonparticles, single_clean_stripping_page.py
    output: ../../release/stripping_pages/processed/stripping21r0p1/commonparticles, ../../release/stripping_pages/temp/stripping21r0p1/commonparticles, ../../release/stripping_pages/temp/stripping21r0p1/commonparticles/success.txt
    shell:
        
        python3 single_clean_stripping_page.py                     --input_path /Users/mindaugassarpis/Work/StrippingPages/stripping21r0p1/commonparticles            --output_path ../../release/stripping_pages/processed/stripping21r0p1/commonparticles         --temp_path ../../release/stripping_pages/temp/stripping21r0p1/commonparticles         --version stripping21r0p1              --stream commonparticles;               touch ../../release/stripping_pages/temp/stripping21r0p1/commonparticles/success.txt
        
        (one of the commands exited with non-zero exit code; note that snakemake uses bash strict mode!)

Removing output files of failed job clean_stripping_pages since they might be corrupted:
../../release/stripping_pages/temp/stripping21r0p1/commonparticles
Shutting down, this might take some time.
Exiting because a job execution failed. Look above for error message
Complete log: .snakemake/log/2023-10-20T150658.324428.snakemake.log
