Building DAG of jobs...
Using shell: /bin/bash
Provided cores: 8
Rules claiming more threads will be scaled down.
Job stats:
job                       count
----------------------  -------
download_raw_stripping        6
list_raw_stripping           50
prepare_stripping             1
total                        57

Select jobs to execute...

[Thu Oct  5 19:58:09 2023]
rule download_raw_stripping:
    input: raw_stripping_downloader.py
    output: /Users/mindaugassarpis/Work/OpenData/release/stripping_pages/raw/stripping21r1/commonparticles
    jobid: 84
    reason: Updated input files: raw_stripping_downloader.py
    wildcards: version=stripping21r1, stream=commonparticles
    resources: tmpdir=/var/folders/45/mg69sv5j77930c4g6fztkg5w0000gn/T

[Errno 66] Directory not empty: '/Users/mindaugassarpis/Work/OpenData/release/stripping_pages/raw/stripping21r1/commonparticles'

[Thu Oct  5 19:58:09 2023]
rule list_raw_stripping:
    output: /Users/mindaugassarpis/Work/OpenData/release/stripping_pages/temp/lists/line_list_stripping21r1p1_semileptonic.txt
    jobid: 41
    reason: Missing output files: /Users/mindaugassarpis/Work/OpenData/release/stripping_pages/temp/lists/line_list_stripping21r1p1_semileptonic.txt
    wildcards: version=stripping21r1p1, stream=semileptonic
    resources: tmpdir=/var/folders/45/mg69sv5j77930c4g6fztkg5w0000gn/T


[Thu Oct  5 19:58:09 2023]
rule list_raw_stripping:
    output: /Users/mindaugassarpis/Work/OpenData/release/stripping_pages/temp/lists/line_list_stripping21r1_leptonic.txt
    jobid: 26
    reason: Missing output files: /Users/mindaugassarpis/Work/OpenData/release/stripping_pages/temp/lists/line_list_stripping21r1_leptonic.txt
    wildcards: version=stripping21r1, stream=leptonic
    resources: tmpdir=/var/folders/45/mg69sv5j77930c4g6fztkg5w0000gn/T


[Thu Oct  5 19:58:09 2023]
rule download_raw_stripping:
    input: raw_stripping_downloader.py
    output: /Users/mindaugassarpis/Work/OpenData/release/stripping_pages/raw/stripping21r0p2/commonparticles
    jobid: 75
    reason: Updated input files: raw_stripping_downloader.py
    wildcards: version=stripping21r0p2, stream=commonparticles
    resources: tmpdir=/var/folders/45/mg69sv5j77930c4g6fztkg5w0000gn/T

[Errno 66] Directory not empty: '/Users/mindaugassarpis/Work/OpenData/release/stripping_pages/raw/stripping21r0p2/commonparticles'

[Thu Oct  5 19:58:09 2023]
rule download_raw_stripping:
    input: raw_stripping_downloader.py
    output: /Users/mindaugassarpis/Work/OpenData/release/stripping_pages/raw/stripping21r1/radiative
    jobid: 77
    reason: Updated input files: raw_stripping_downloader.py
    wildcards: version=stripping21r1, stream=radiative
    resources: tmpdir=/var/folders/45/mg69sv5j77930c4g6fztkg5w0000gn/T

[Errno 66] Directory not empty: '/Users/mindaugassarpis/Work/OpenData/release/stripping_pages/raw/stripping21r1/radiative'

[Thu Oct  5 19:58:09 2023]
rule download_raw_stripping:
    input: raw_stripping_downloader.py
    output: /Users/mindaugassarpis/Work/OpenData/release/stripping_pages/raw/stripping21/commonparticles
    jobid: 59
    reason: Updated input files: raw_stripping_downloader.py
    wildcards: version=stripping21, stream=commonparticles
    resources: tmpdir=/var/folders/45/mg69sv5j77930c4g6fztkg5w0000gn/T

[Errno 66] Directory not empty: '/Users/mindaugassarpis/Work/OpenData/release/stripping_pages/raw/stripping21/commonparticles'

[Thu Oct  5 19:58:09 2023]
rule download_raw_stripping:
    input: raw_stripping_downloader.py
    output: /Users/mindaugassarpis/Work/OpenData/release/stripping_pages/raw/stripping21/radiative
    jobid: 52
    reason: Updated input files: raw_stripping_downloader.py
    wildcards: version=stripping21, stream=radiative
    resources: tmpdir=/var/folders/45/mg69sv5j77930c4g6fztkg5w0000gn/T

[Errno 66] Directory not empty: '/Users/mindaugassarpis/Work/OpenData/release/stripping_pages/raw/stripping21/radiative'

[Thu Oct  5 19:58:09 2023]
rule download_raw_stripping:
    input: raw_stripping_downloader.py
    output: /Users/mindaugassarpis/Work/OpenData/release/stripping_pages/raw/stripping21r0p1/commonparticles
    jobid: 67
    reason: Updated input files: raw_stripping_downloader.py
    wildcards: version=stripping21r0p1, stream=commonparticles
    resources: tmpdir=/var/folders/45/mg69sv5j77930c4g6fztkg5w0000gn/T

[Errno 66] Directory not empty: '/Users/mindaugassarpis/Work/OpenData/release/stripping_pages/raw/stripping21r0p1/commonparticles'
[Thu Oct  5 19:58:09 2023]
Error in rule download_raw_stripping:
    jobid: 84
    input: raw_stripping_downloader.py
    output: /Users/mindaugassarpis/Work/OpenData/release/stripping_pages/raw/stripping21r1/commonparticles
    shell:
        
        python3 raw_stripping_downloader.py
        
        (one of the commands exited with non-zero exit code; note that snakemake uses bash strict mode!)

Removing output files of failed job download_raw_stripping since they might be corrupted:
/Users/mindaugassarpis/Work/OpenData/release/stripping_pages/raw/stripping21r1/commonparticles
[Errno 66] Directory not empty: '/Users/mindaugassarpis/Work/OpenData/release/stripping_pages/raw/stripping21r1/commonparticles'
[Thu Oct  5 19:58:09 2023]
Error in rule download_raw_stripping:
    jobid: 75
    input: raw_stripping_downloader.py
    output: /Users/mindaugassarpis/Work/OpenData/release/stripping_pages/raw/stripping21r0p2/commonparticles
    shell:
        
        python3 raw_stripping_downloader.py
        
        (one of the commands exited with non-zero exit code; note that snakemake uses bash strict mode!)

Removing output files of failed job download_raw_stripping since they might be corrupted:
/Users/mindaugassarpis/Work/OpenData/release/stripping_pages/raw/stripping21r0p2/commonparticles
[Errno 66] Directory not empty: '/Users/mindaugassarpis/Work/OpenData/release/stripping_pages/raw/stripping21r0p2/commonparticles'
[Thu Oct  5 19:58:09 2023]
Error in rule download_raw_stripping:
    jobid: 77
    input: raw_stripping_downloader.py
    output: /Users/mindaugassarpis/Work/OpenData/release/stripping_pages/raw/stripping21r1/radiative
    shell:
        
        python3 raw_stripping_downloader.py
        
        (one of the commands exited with non-zero exit code; note that snakemake uses bash strict mode!)

Removing output files of failed job download_raw_stripping since they might be corrupted:
/Users/mindaugassarpis/Work/OpenData/release/stripping_pages/raw/stripping21r1/radiative
[Errno 66] Directory not empty: '/Users/mindaugassarpis/Work/OpenData/release/stripping_pages/raw/stripping21r1/radiative'
[Thu Oct  5 19:58:09 2023]
Error in rule download_raw_stripping:
    jobid: 59
    input: raw_stripping_downloader.py
    output: /Users/mindaugassarpis/Work/OpenData/release/stripping_pages/raw/stripping21/commonparticles
    shell:
        
        python3 raw_stripping_downloader.py
        
        (one of the commands exited with non-zero exit code; note that snakemake uses bash strict mode!)

Removing output files of failed job download_raw_stripping since they might be corrupted:
/Users/mindaugassarpis/Work/OpenData/release/stripping_pages/raw/stripping21/commonparticles
[Errno 66] Directory not empty: '/Users/mindaugassarpis/Work/OpenData/release/stripping_pages/raw/stripping21/commonparticles'
[Thu Oct  5 19:58:09 2023]
Error in rule download_raw_stripping:
    jobid: 52
    input: raw_stripping_downloader.py
    output: /Users/mindaugassarpis/Work/OpenData/release/stripping_pages/raw/stripping21/radiative
    shell:
        
        python3 raw_stripping_downloader.py
        
        (one of the commands exited with non-zero exit code; note that snakemake uses bash strict mode!)

Removing output files of failed job download_raw_stripping since they might be corrupted:
/Users/mindaugassarpis/Work/OpenData/release/stripping_pages/raw/stripping21/radiative
[Errno 66] Directory not empty: '/Users/mindaugassarpis/Work/OpenData/release/stripping_pages/raw/stripping21/radiative'
[Thu Oct  5 19:58:09 2023]
Error in rule download_raw_stripping:
    jobid: 67
    input: raw_stripping_downloader.py
    output: /Users/mindaugassarpis/Work/OpenData/release/stripping_pages/raw/stripping21r0p1/commonparticles
    shell:
        
        python3 raw_stripping_downloader.py
        
        (one of the commands exited with non-zero exit code; note that snakemake uses bash strict mode!)

Removing output files of failed job download_raw_stripping since they might be corrupted:
/Users/mindaugassarpis/Work/OpenData/release/stripping_pages/raw/stripping21r0p1/commonparticles
[Errno 66] Directory not empty: '/Users/mindaugassarpis/Work/OpenData/release/stripping_pages/raw/stripping21r0p1/commonparticles'
[Thu Oct  5 19:58:11 2023]
Finished job 41.
1 of 57 steps (2%) done
[Thu Oct  5 19:58:11 2023]
Finished job 26.
2 of 57 steps (4%) done
Shutting down, this might take some time.
Exiting because a job execution failed. Look above for error message
Complete log: .snakemake/log/2023-10-05T195809.032093.snakemake.log
