Building DAG of jobs...
Using shell: /bin/bash
Provided cores: 8
Rules claiming more threads will be scaled down.
Job stats:
job                      count
---------------------  -------
clean_index                  2
clean_stripping_pages        4
convert_index                2
prepare_stripping            1
total                        9

Select jobs to execute...

[Fri Oct 20 21:39:18 2023]
rule clean_stripping_pages:
    input: /Users/mindaugassarpis/Work/StrippingPages/stripping21/ew, single_clean_stripping_page.py
    output: ../../release/stripping_pages/processed/stripping21/ew, ../../release/stripping_pages/temp/stripping21/ew, ../../release/stripping_pages/temp/stripping21/ew/success.txt
    jobid: 5
    reason: Missing output files: ../../release/stripping_pages/temp/stripping21/ew/success.txt
    wildcards: version=stripping21, stream=ew
    resources: tmpdir=/var/folders/45/mg69sv5j77930c4g6fztkg5w0000gn/T


[Fri Oct 20 21:39:18 2023]
rule clean_stripping_pages:
    input: /Users/mindaugassarpis/Work/StrippingPages/stripping21/commonparticles, single_clean_stripping_page.py
    output: ../../release/stripping_pages/processed/stripping21/commonparticles, ../../release/stripping_pages/temp/stripping21/commonparticles, ../../release/stripping_pages/temp/stripping21/commonparticles/success.txt
    jobid: 7
    reason: Updated input files: single_clean_stripping_page.py
    wildcards: version=stripping21, stream=commonparticles
    resources: tmpdir=/var/folders/45/mg69sv5j77930c4g6fztkg5w0000gn/T


[Fri Oct 20 21:39:18 2023]
rule clean_index:
    input: ../../config.yaml, clean_index.py, /Users/mindaugassarpis/Work/StrippingPages/stripping21/index.html
    output: ../../release/stripping_pages/temp/stripping21/clean_index.html
    jobid: 1
    reason: Updated input files: clean_index.py, ../../config.yaml
    wildcards: version=stripping21
    resources: tmpdir=/var/folders/45/mg69sv5j77930c4g6fztkg5w0000gn/T


[Fri Oct 20 21:39:18 2023]
rule clean_stripping_pages:
    input: /Users/mindaugassarpis/Work/StrippingPages/stripping21/radiative, single_clean_stripping_page.py
    output: ../../release/stripping_pages/processed/stripping21/radiative, ../../release/stripping_pages/temp/stripping21/radiative, ../../release/stripping_pages/temp/stripping21/radiative/success.txt
    jobid: 6
    reason: Missing output files: ../../release/stripping_pages/temp/stripping21/radiative/success.txt
    wildcards: version=stripping21, stream=radiative
    resources: tmpdir=/var/folders/45/mg69sv5j77930c4g6fztkg5w0000gn/T


[Fri Oct 20 21:39:18 2023]
rule clean_stripping_pages:
    input: /Users/mindaugassarpis/Work/StrippingPages/stripping21r0p1/ew, single_clean_stripping_page.py
    output: ../../release/stripping_pages/processed/stripping21r0p1/ew, ../../release/stripping_pages/temp/stripping21r0p1/ew, ../../release/stripping_pages/temp/stripping21r0p1/ew/success.txt
    jobid: 8
    reason: Missing output files: ../../release/stripping_pages/temp/stripping21r0p1/ew/success.txt; Code has changed since last execution
    wildcards: version=stripping21r0p1, stream=ew
    resources: tmpdir=/var/folders/45/mg69sv5j77930c4g6fztkg5w0000gn/T


[Fri Oct 20 21:39:18 2023]
rule clean_index:
    input: ../../config.yaml, clean_index.py, /Users/mindaugassarpis/Work/StrippingPages/stripping21r0p1/index.html
    output: ../../release/stripping_pages/temp/stripping21r0p1/clean_index.html
    jobid: 2
    reason: Updated input files: ../../config.yaml
    wildcards: version=stripping21r0p1
    resources: tmpdir=/var/folders/45/mg69sv5j77930c4g6fztkg5w0000gn/T

[Fri Oct 20 21:39:18 2023]
Finished job 2.
1 of 9 steps (11%) done
Select jobs to execute...

[Fri Oct 20 21:39:18 2023]
rule convert_index:
    input: ../../release/stripping_pages/temp/stripping21r0p1/clean_index.html
    output: ../../release/stripping_pages/processed/stripping21r0p1/stripping21r0p1-index.md
    jobid: 4
    reason: Input files updated by another job: ../../release/stripping_pages/temp/stripping21r0p1/clean_index.html
    wildcards: version=stripping21r0p1
    resources: tmpdir=/var/folders/45/mg69sv5j77930c4g6fztkg5w0000gn/T

[Fri Oct 20 21:39:18 2023]
Finished job 4.
2 of 9 steps (22%) done
[Fri Oct 20 21:39:19 2023]
Finished job 1.
3 of 9 steps (33%) done
Select jobs to execute...

[Fri Oct 20 21:39:19 2023]
rule convert_index:
    input: ../../release/stripping_pages/temp/stripping21/clean_index.html
    output: ../../release/stripping_pages/processed/stripping21/stripping21-index.md
    jobid: 3
    reason: Missing output files: ../../release/stripping_pages/processed/stripping21/stripping21-index.md; Input files updated by another job: ../../release/stripping_pages/temp/stripping21/clean_index.html
    wildcards: version=stripping21
    resources: tmpdir=/var/folders/45/mg69sv5j77930c4g6fztkg5w0000gn/T

[Fri Oct 20 21:39:19 2023]
Finished job 3.
4 of 9 steps (44%) done
[Fri Oct 20 21:39:20 2023]
Finished job 6.
5 of 9 steps (56%) done
[Fri Oct 20 21:39:33 2023]
Finished job 7.
6 of 9 steps (67%) done
[Fri Oct 20 21:39:45 2023]
Finished job 8.
7 of 9 steps (78%) done
[Fri Oct 20 21:39:48 2023]
Finished job 5.
8 of 9 steps (89%) done
Select jobs to execute...

[Fri Oct 20 21:39:48 2023]
localrule prepare_stripping:
    input: ../../release/stripping_pages/temp/stripping21/clean_index.html, ../../release/stripping_pages/temp/stripping21r0p1/clean_index.html, ../../release/stripping_pages/processed/stripping21/stripping21-index.md, ../../release/stripping_pages/processed/stripping21r0p1/stripping21r0p1-index.md, ../../release/stripping_pages/temp/stripping21/ew/success.txt, ../../release/stripping_pages/temp/stripping21/radiative/success.txt, ../../release/stripping_pages/temp/stripping21/commonparticles/success.txt, ../../release/stripping_pages/temp/stripping21r0p1/ew/success.txt, ../../release/stripping_pages/temp/stripping21r0p1/commonparticles/success.txt
    jobid: 0
    reason: Input files updated by another job: ../../release/stripping_pages/temp/stripping21/ew/success.txt, ../../release/stripping_pages/temp/stripping21r0p1/clean_index.html, ../../release/stripping_pages/temp/stripping21r0p1/ew/success.txt, ../../release/stripping_pages/temp/stripping21/commonparticles/success.txt, ../../release/stripping_pages/processed/stripping21/stripping21-index.md, ../../release/stripping_pages/temp/stripping21/radiative/success.txt, ../../release/stripping_pages/temp/stripping21/clean_index.html, ../../release/stripping_pages/processed/stripping21r0p1/stripping21r0p1-index.md
    resources: tmpdir=/var/folders/45/mg69sv5j77930c4g6fztkg5w0000gn/T

[Fri Oct 20 21:39:48 2023]
Finished job 0.
9 of 9 steps (100%) done
Complete log: .snakemake/log/2023-10-20T213918.111045.snakemake.log
