Building DAG of jobs...
Using shell: /bin/bash
Provided cores: 8
Rules claiming more threads will be scaled down.
Job stats:
job                      count
---------------------  -------
clean_stripping_pages       42
create_json_files           42
prepare_stripping            1
total                       85

Select jobs to execute...

[Mon Oct 30 16:31:25 2023]
rule clean_stripping_pages:
    input: /Users/mindaugassarpis/Work/StrippingPages/stripping21r0p2/bhadron, single_clean_stripping_page.py
    output: ../../release/stripping_pages/processed/stripping21r0p2/bhadron, ../../release/stripping_pages/temp/stripping21r0p2/bhadron, ../../release/stripping_pages/temp/stripping21r0p2/bhadron/success.txt
    jobid: 30
    reason: Missing output files: ../../release/stripping_pages/temp/stripping21r0p2/bhadron/success.txt
    wildcards: version=stripping21r0p2, stream=bhadron
    resources: tmpdir=/var/folders/45/mg69sv5j77930c4g6fztkg5w0000gn/T


[Mon Oct 30 16:31:25 2023]
rule clean_stripping_pages:
    input: /Users/mindaugassarpis/Work/StrippingPages/stripping21r1p1/bhadron, single_clean_stripping_page.py
    output: ../../release/stripping_pages/processed/stripping21r1p1/bhadron, ../../release/stripping_pages/temp/stripping21r1p1/bhadron, ../../release/stripping_pages/temp/stripping21r1p1/bhadron/success.txt
    jobid: 58
    reason: Missing output files: ../../release/stripping_pages/temp/stripping21r1p1/bhadron/success.txt
    wildcards: version=stripping21r1p1, stream=bhadron
    resources: tmpdir=/var/folders/45/mg69sv5j77930c4g6fztkg5w0000gn/T


[Mon Oct 30 16:31:25 2023]
rule clean_stripping_pages:
    input: /Users/mindaugassarpis/Work/StrippingPages/stripping21/bhadron, single_clean_stripping_page.py
    output: ../../release/stripping_pages/processed/stripping21/bhadron, ../../release/stripping_pages/temp/stripping21/bhadron, ../../release/stripping_pages/temp/stripping21/bhadron/success.txt
    jobid: 2
    reason: Missing output files: ../../release/stripping_pages/temp/stripping21/bhadron/success.txt
    wildcards: version=stripping21, stream=bhadron
    resources: tmpdir=/var/folders/45/mg69sv5j77930c4g6fztkg5w0000gn/T


[Mon Oct 30 16:31:26 2023]
rule clean_stripping_pages:
    input: /Users/mindaugassarpis/Work/StrippingPages/stripping21/charm, single_clean_stripping_page.py
    output: ../../release/stripping_pages/processed/stripping21/charm, ../../release/stripping_pages/temp/stripping21/charm, ../../release/stripping_pages/temp/stripping21/charm/success.txt
    jobid: 6
    reason: Missing output files: ../../release/stripping_pages/temp/stripping21/charm/success.txt
    wildcards: version=stripping21, stream=charm
    resources: tmpdir=/var/folders/45/mg69sv5j77930c4g6fztkg5w0000gn/T


[Mon Oct 30 16:31:26 2023]
rule clean_stripping_pages:
    input: /Users/mindaugassarpis/Work/StrippingPages/stripping21r1p2/bhadron, single_clean_stripping_page.py
    output: ../../release/stripping_pages/processed/stripping21r1p2/bhadron, ../../release/stripping_pages/temp/stripping21r1p2/bhadron, ../../release/stripping_pages/temp/stripping21r1p2/bhadron/success.txt
    jobid: 72
    reason: Missing output files: ../../release/stripping_pages/temp/stripping21r1p2/bhadron/success.txt
    wildcards: version=stripping21r1p2, stream=bhadron
    resources: tmpdir=/var/folders/45/mg69sv5j77930c4g6fztkg5w0000gn/T


[Mon Oct 30 16:31:26 2023]
rule clean_stripping_pages:
    input: /Users/mindaugassarpis/Work/StrippingPages/stripping21r1/bhadron, single_clean_stripping_page.py
    output: ../../release/stripping_pages/processed/stripping21r1/bhadron, ../../release/stripping_pages/temp/stripping21r1/bhadron, ../../release/stripping_pages/temp/stripping21r1/bhadron/success.txt
    jobid: 44
    reason: Missing output files: ../../release/stripping_pages/temp/stripping21r1/bhadron/success.txt
    wildcards: version=stripping21r1, stream=bhadron
    resources: tmpdir=/var/folders/45/mg69sv5j77930c4g6fztkg5w0000gn/T


[Mon Oct 30 16:31:27 2023]
rule clean_stripping_pages:
    input: /Users/mindaugassarpis/Work/StrippingPages/stripping21r1/charm, single_clean_stripping_page.py
    output: ../../release/stripping_pages/processed/stripping21r1/charm, ../../release/stripping_pages/temp/stripping21r1/charm, ../../release/stripping_pages/temp/stripping21r1/charm/success.txt
    jobid: 48
    reason: Missing output files: ../../release/stripping_pages/temp/stripping21r1/charm/success.txt
    wildcards: version=stripping21r1, stream=charm
    resources: tmpdir=/var/folders/45/mg69sv5j77930c4g6fztkg5w0000gn/T


[Mon Oct 30 16:31:27 2023]
rule clean_stripping_pages:
    input: /Users/mindaugassarpis/Work/StrippingPages/stripping21r0p1/bhadron, single_clean_stripping_page.py
    output: ../../release/stripping_pages/processed/stripping21r0p1/bhadron, ../../release/stripping_pages/temp/stripping21r0p1/bhadron, ../../release/stripping_pages/temp/stripping21r0p1/bhadron/success.txt
    jobid: 16
    reason: Missing output files: ../../release/stripping_pages/temp/stripping21r0p1/bhadron/success.txt
    wildcards: version=stripping21r0p1, stream=bhadron
    resources: tmpdir=/var/folders/45/mg69sv5j77930c4g6fztkg5w0000gn/T

[Mon Oct 30 16:33:29 2023]
Finished job 6.
1 of 85 steps (1%) done
Select jobs to execute...

[Mon Oct 30 16:33:29 2023]
rule clean_stripping_pages:
    input: /Users/mindaugassarpis/Work/StrippingPages/stripping21r0p2/commonparticles, single_clean_stripping_page.py
    output: ../../release/stripping_pages/processed/stripping21r0p2/commonparticles, ../../release/stripping_pages/temp/stripping21r0p2/commonparticles, ../../release/stripping_pages/temp/stripping21r0p2/commonparticles/success.txt
    jobid: 42
    reason: Missing output files: ../../release/stripping_pages/temp/stripping21r0p2/commonparticles/success.txt
    wildcards: version=stripping21r0p2, stream=commonparticles
    resources: tmpdir=/var/folders/45/mg69sv5j77930c4g6fztkg5w0000gn/T

[Mon Oct 30 16:33:29 2023]
Finished job 48.
2 of 85 steps (2%) done
Select jobs to execute...

[Mon Oct 30 16:33:29 2023]
rule clean_stripping_pages:
    input: /Users/mindaugassarpis/Work/StrippingPages/stripping21r1p2/commonparticles, single_clean_stripping_page.py
    output: ../../release/stripping_pages/processed/stripping21r1p2/commonparticles, ../../release/stripping_pages/temp/stripping21r1p2/commonparticles, ../../release/stripping_pages/temp/stripping21r1p2/commonparticles/success.txt
    jobid: 84
    reason: Missing output files: ../../release/stripping_pages/temp/stripping21r1p2/commonparticles/success.txt
    wildcards: version=stripping21r1p2, stream=commonparticles
    resources: tmpdir=/var/folders/45/mg69sv5j77930c4g6fztkg5w0000gn/T

[Mon Oct 30 16:33:49 2023]
Finished job 42.
3 of 85 steps (4%) done
Select jobs to execute...

[Mon Oct 30 16:33:49 2023]
rule clean_stripping_pages:
    input: /Users/mindaugassarpis/Work/StrippingPages/stripping21r0p1/commonparticles, single_clean_stripping_page.py
    output: ../../release/stripping_pages/processed/stripping21r0p1/commonparticles, ../../release/stripping_pages/temp/stripping21r0p1/commonparticles, ../../release/stripping_pages/temp/stripping21r0p1/commonparticles/success.txt
    jobid: 28
    reason: Missing output files: ../../release/stripping_pages/temp/stripping21r0p1/commonparticles/success.txt
    wildcards: version=stripping21r0p1, stream=commonparticles
    resources: tmpdir=/var/folders/45/mg69sv5j77930c4g6fztkg5w0000gn/T

[Mon Oct 30 16:33:49 2023]
Finished job 84.
4 of 85 steps (5%) done
Select jobs to execute...

[Mon Oct 30 16:33:49 2023]
rule clean_stripping_pages:
    input: /Users/mindaugassarpis/Work/StrippingPages/stripping21r1p1/commonparticles, single_clean_stripping_page.py
    output: ../../release/stripping_pages/processed/stripping21r1p1/commonparticles, ../../release/stripping_pages/temp/stripping21r1p1/commonparticles, ../../release/stripping_pages/temp/stripping21r1p1/commonparticles/success.txt
    jobid: 70
    reason: Missing output files: ../../release/stripping_pages/temp/stripping21r1p1/commonparticles/success.txt
    wildcards: version=stripping21r1p1, stream=commonparticles
    resources: tmpdir=/var/folders/45/mg69sv5j77930c4g6fztkg5w0000gn/T

[Mon Oct 30 16:34:08 2023]
Finished job 28.
5 of 85 steps (6%) done
Select jobs to execute...

[Mon Oct 30 16:34:08 2023]
rule clean_stripping_pages:
    input: /Users/mindaugassarpis/Work/StrippingPages/stripping21r1/commonparticles, single_clean_stripping_page.py
    output: ../../release/stripping_pages/processed/stripping21r1/commonparticles, ../../release/stripping_pages/temp/stripping21r1/commonparticles, ../../release/stripping_pages/temp/stripping21r1/commonparticles/success.txt
    jobid: 56
    reason: Missing output files: ../../release/stripping_pages/temp/stripping21r1/commonparticles/success.txt
    wildcards: version=stripping21r1, stream=commonparticles
    resources: tmpdir=/var/folders/45/mg69sv5j77930c4g6fztkg5w0000gn/T

[Mon Oct 30 16:34:08 2023]
Finished job 70.
6 of 85 steps (7%) done
Select jobs to execute...

[Mon Oct 30 16:34:08 2023]
rule clean_stripping_pages:
    input: /Users/mindaugassarpis/Work/StrippingPages/stripping21/commonparticles, single_clean_stripping_page.py
    output: ../../release/stripping_pages/processed/stripping21/commonparticles, ../../release/stripping_pages/temp/stripping21/commonparticles, ../../release/stripping_pages/temp/stripping21/commonparticles/success.txt
    jobid: 14
    reason: Missing output files: ../../release/stripping_pages/temp/stripping21/commonparticles/success.txt
    wildcards: version=stripping21, stream=commonparticles
    resources: tmpdir=/var/folders/45/mg69sv5j77930c4g6fztkg5w0000gn/T

[Mon Oct 30 16:34:27 2023]
Finished job 56.
7 of 85 steps (8%) done
Select jobs to execute...

[Mon Oct 30 16:34:27 2023]
rule clean_stripping_pages:
    input: /Users/mindaugassarpis/Work/StrippingPages/stripping21r1p2/semileptonic, single_clean_stripping_page.py
    output: ../../release/stripping_pages/processed/stripping21r1p2/semileptonic, ../../release/stripping_pages/temp/stripping21r1p2/semileptonic, ../../release/stripping_pages/temp/stripping21r1p2/semileptonic/success.txt
    jobid: 82
    reason: Missing output files: ../../release/stripping_pages/temp/stripping21r1p2/semileptonic/success.txt
    wildcards: version=stripping21r1p2, stream=semileptonic
    resources: tmpdir=/var/folders/45/mg69sv5j77930c4g6fztkg5w0000gn/T

[Mon Oct 30 16:34:27 2023]
Finished job 14.
8 of 85 steps (9%) done
Select jobs to execute...

[Mon Oct 30 16:34:27 2023]
rule clean_stripping_pages:
    input: /Users/mindaugassarpis/Work/StrippingPages/stripping21r0p2/semileptonic, single_clean_stripping_page.py
    output: ../../release/stripping_pages/processed/stripping21r0p2/semileptonic, ../../release/stripping_pages/temp/stripping21r0p2/semileptonic, ../../release/stripping_pages/temp/stripping21r0p2/semileptonic/success.txt
    jobid: 40
    reason: Missing output files: ../../release/stripping_pages/temp/stripping21r0p2/semileptonic/success.txt
    wildcards: version=stripping21r0p2, stream=semileptonic
    resources: tmpdir=/var/folders/45/mg69sv5j77930c4g6fztkg5w0000gn/T

[Mon Oct 30 16:35:26 2023]
Finished job 82.
9 of 85 steps (11%) done
Select jobs to execute...

[Mon Oct 30 16:35:26 2023]
rule clean_stripping_pages:
    input: /Users/mindaugassarpis/Work/StrippingPages/stripping21r0p1/charm, single_clean_stripping_page.py
    output: ../../release/stripping_pages/processed/stripping21r0p1/charm, ../../release/stripping_pages/temp/stripping21r0p1/charm, ../../release/stripping_pages/temp/stripping21r0p1/charm/success.txt
    jobid: 20
    reason: Missing output files: ../../release/stripping_pages/temp/stripping21r0p1/charm/success.txt
    wildcards: version=stripping21r0p1, stream=charm
    resources: tmpdir=/var/folders/45/mg69sv5j77930c4g6fztkg5w0000gn/T

[Mon Oct 30 16:35:27 2023]
Finished job 40.
10 of 85 steps (12%) done
Select jobs to execute...

[Mon Oct 30 16:35:27 2023]
rule clean_stripping_pages:
    input: /Users/mindaugassarpis/Work/StrippingPages/stripping21r1p1/charm, single_clean_stripping_page.py
    output: ../../release/stripping_pages/processed/stripping21r1p1/charm, ../../release/stripping_pages/temp/stripping21r1p1/charm, ../../release/stripping_pages/temp/stripping21r1p1/charm/success.txt
    jobid: 62
    reason: Missing output files: ../../release/stripping_pages/temp/stripping21r1p1/charm/success.txt
    wildcards: version=stripping21r1p1, stream=charm
    resources: tmpdir=/var/folders/45/mg69sv5j77930c4g6fztkg5w0000gn/T

[Mon Oct 30 16:36:25 2023]
Finished job 62.
11 of 85 steps (13%) done
Select jobs to execute...

[Mon Oct 30 16:36:25 2023]
rule clean_stripping_pages:
    input: /Users/mindaugassarpis/Work/StrippingPages/stripping21r1p2/bhadroncompleteevent, single_clean_stripping_page.py
    output: ../../release/stripping_pages/processed/stripping21r1p2/bhadroncompleteevent, ../../release/stripping_pages/temp/stripping21r1p2/bhadroncompleteevent, ../../release/stripping_pages/temp/stripping21r1p2/bhadroncompleteevent/success.txt
    jobid: 74
    reason: Missing output files: ../../release/stripping_pages/temp/stripping21r1p2/bhadroncompleteevent/success.txt
    wildcards: version=stripping21r1p2, stream=bhadroncompleteevent
    resources: tmpdir=/var/folders/45/mg69sv5j77930c4g6fztkg5w0000gn/T

[Mon Oct 30 16:36:26 2023]
Finished job 20.
12 of 85 steps (14%) done
Select jobs to execute...

[Mon Oct 30 16:36:26 2023]
rule clean_stripping_pages:
    input: /Users/mindaugassarpis/Work/StrippingPages/stripping21r0p2/bhadroncompleteevent, single_clean_stripping_page.py
    output: ../../release/stripping_pages/processed/stripping21r0p2/bhadroncompleteevent, ../../release/stripping_pages/temp/stripping21r0p2/bhadroncompleteevent, ../../release/stripping_pages/temp/stripping21r0p2/bhadroncompleteevent/success.txt
    jobid: 32
    reason: Missing output files: ../../release/stripping_pages/temp/stripping21r0p2/bhadroncompleteevent/success.txt
    wildcards: version=stripping21r0p2, stream=bhadroncompleteevent
    resources: tmpdir=/var/folders/45/mg69sv5j77930c4g6fztkg5w0000gn/T

[Mon Oct 30 16:37:37 2023]
Finished job 74.
13 of 85 steps (15%) done
Select jobs to execute...

[Mon Oct 30 16:37:37 2023]
rule clean_stripping_pages:
    input: /Users/mindaugassarpis/Work/StrippingPages/stripping21/bhadroncompleteevent, single_clean_stripping_page.py
    output: ../../release/stripping_pages/processed/stripping21/bhadroncompleteevent, ../../release/stripping_pages/temp/stripping21/bhadroncompleteevent, ../../release/stripping_pages/temp/stripping21/bhadroncompleteevent/success.txt
    jobid: 4
    reason: Missing output files: ../../release/stripping_pages/temp/stripping21/bhadroncompleteevent/success.txt
    wildcards: version=stripping21, stream=bhadroncompleteevent
    resources: tmpdir=/var/folders/45/mg69sv5j77930c4g6fztkg5w0000gn/T

[Mon Oct 30 16:37:39 2023]
Finished job 32.
14 of 85 steps (16%) done
Select jobs to execute...

[Mon Oct 30 16:37:39 2023]
rule clean_stripping_pages:
    input: /Users/mindaugassarpis/Work/StrippingPages/stripping21r1/bhadroncompleteevent, single_clean_stripping_page.py
    output: ../../release/stripping_pages/processed/stripping21r1/bhadroncompleteevent, ../../release/stripping_pages/temp/stripping21r1/bhadroncompleteevent, ../../release/stripping_pages/temp/stripping21r1/bhadroncompleteevent/success.txt
    jobid: 46
    reason: Missing output files: ../../release/stripping_pages/temp/stripping21r1/bhadroncompleteevent/success.txt
    wildcards: version=stripping21r1, stream=bhadroncompleteevent
    resources: tmpdir=/var/folders/45/mg69sv5j77930c4g6fztkg5w0000gn/T

[Mon Oct 30 16:38:20 2023]
Finished job 4.
15 of 85 steps (18%) done
Select jobs to execute...

[Mon Oct 30 16:38:20 2023]
rule clean_stripping_pages:
    input: /Users/mindaugassarpis/Work/StrippingPages/stripping21r0p2/charm, single_clean_stripping_page.py
    output: ../../release/stripping_pages/processed/stripping21r0p2/charm, ../../release/stripping_pages/temp/stripping21r0p2/charm, ../../release/stripping_pages/temp/stripping21r0p2/charm/success.txt
    jobid: 34
    reason: Missing output files: ../../release/stripping_pages/temp/stripping21r0p2/charm/success.txt
    wildcards: version=stripping21r0p2, stream=charm
    resources: tmpdir=/var/folders/45/mg69sv5j77930c4g6fztkg5w0000gn/T

[Mon Oct 30 16:38:22 2023]
Finished job 46.
16 of 85 steps (19%) done
Select jobs to execute...

[Mon Oct 30 16:38:22 2023]
rule clean_stripping_pages:
    input: /Users/mindaugassarpis/Work/StrippingPages/stripping21r1p2/charm, single_clean_stripping_page.py
    output: ../../release/stripping_pages/processed/stripping21r1p2/charm, ../../release/stripping_pages/temp/stripping21r1p2/charm, ../../release/stripping_pages/temp/stripping21r1p2/charm/success.txt
    jobid: 76
    reason: Missing output files: ../../release/stripping_pages/temp/stripping21r1p2/charm/success.txt
    wildcards: version=stripping21r1p2, stream=charm
    resources: tmpdir=/var/folders/45/mg69sv5j77930c4g6fztkg5w0000gn/T

[Mon Oct 30 16:39:01 2023]
Finished job 34.
17 of 85 steps (20%) done
Select jobs to execute...

[Mon Oct 30 16:39:01 2023]
rule clean_stripping_pages:
    input: /Users/mindaugassarpis/Work/StrippingPages/stripping21r0p1/semileptonic, single_clean_stripping_page.py
    output: ../../release/stripping_pages/processed/stripping21r0p1/semileptonic, ../../release/stripping_pages/temp/stripping21r0p1/semileptonic, ../../release/stripping_pages/temp/stripping21r0p1/semileptonic/success.txt
    jobid: 26
    reason: Missing output files: ../../release/stripping_pages/temp/stripping21r0p1/semileptonic/success.txt
    wildcards: version=stripping21r0p1, stream=semileptonic
    resources: tmpdir=/var/folders/45/mg69sv5j77930c4g6fztkg5w0000gn/T

[Mon Oct 30 16:39:03 2023]
Finished job 76.
18 of 85 steps (21%) done
Select jobs to execute...

[Mon Oct 30 16:39:03 2023]
rule clean_stripping_pages:
    input: /Users/mindaugassarpis/Work/StrippingPages/stripping21r1p1/semileptonic, single_clean_stripping_page.py
    output: ../../release/stripping_pages/processed/stripping21r1p1/semileptonic, ../../release/stripping_pages/temp/stripping21r1p1/semileptonic, ../../release/stripping_pages/temp/stripping21r1p1/semileptonic/success.txt
    jobid: 68
    reason: Missing output files: ../../release/stripping_pages/temp/stripping21r1p1/semileptonic/success.txt
    wildcards: version=stripping21r1p1, stream=semileptonic
    resources: tmpdir=/var/folders/45/mg69sv5j77930c4g6fztkg5w0000gn/T

[Mon Oct 30 16:39:24 2023]
Finished job 26.
19 of 85 steps (22%) done
Select jobs to execute...

[Mon Oct 30 16:39:24 2023]
rule clean_stripping_pages:
    input: /Users/mindaugassarpis/Work/StrippingPages/stripping21/semileptonic, single_clean_stripping_page.py
    output: ../../release/stripping_pages/processed/stripping21/semileptonic, ../../release/stripping_pages/temp/stripping21/semileptonic, ../../release/stripping_pages/temp/stripping21/semileptonic/success.txt
    jobid: 12
    reason: Missing output files: ../../release/stripping_pages/temp/stripping21/semileptonic/success.txt
    wildcards: version=stripping21, stream=semileptonic
    resources: tmpdir=/var/folders/45/mg69sv5j77930c4g6fztkg5w0000gn/T

[Mon Oct 30 16:39:26 2023]
Finished job 68.
20 of 85 steps (24%) done
Select jobs to execute...

[Mon Oct 30 16:39:26 2023]
rule clean_stripping_pages:
    input: /Users/mindaugassarpis/Work/StrippingPages/stripping21r1/dimuon, single_clean_stripping_page.py
    output: ../../release/stripping_pages/processed/stripping21r1/dimuon, ../../release/stripping_pages/temp/stripping21r1/dimuon, ../../release/stripping_pages/temp/stripping21r1/dimuon/success.txt
    jobid: 52
    reason: Missing output files: ../../release/stripping_pages/temp/stripping21r1/dimuon/success.txt
    wildcards: version=stripping21r1, stream=dimuon
    resources: tmpdir=/var/folders/45/mg69sv5j77930c4g6fztkg5w0000gn/T

[Mon Oct 30 16:39:39 2023]
Finished job 52.
21 of 85 steps (25%) done
Select jobs to execute...

[Mon Oct 30 16:39:39 2023]
rule clean_stripping_pages:
    input: /Users/mindaugassarpis/Work/StrippingPages/stripping21r1/semileptonic, single_clean_stripping_page.py
    output: ../../release/stripping_pages/processed/stripping21r1/semileptonic, ../../release/stripping_pages/temp/stripping21r1/semileptonic, ../../release/stripping_pages/temp/stripping21r1/semileptonic/success.txt
    jobid: 54
    reason: Missing output files: ../../release/stripping_pages/temp/stripping21r1/semileptonic/success.txt
    wildcards: version=stripping21r1, stream=semileptonic
    resources: tmpdir=/var/folders/45/mg69sv5j77930c4g6fztkg5w0000gn/T

[Mon Oct 30 16:39:41 2023]
Finished job 12.
22 of 85 steps (26%) done
Select jobs to execute...

[Mon Oct 30 16:39:41 2023]
rule clean_stripping_pages:
    input: /Users/mindaugassarpis/Work/StrippingPages/stripping21/dimuon, single_clean_stripping_page.py
    output: ../../release/stripping_pages/processed/stripping21/dimuon, ../../release/stripping_pages/temp/stripping21/dimuon, ../../release/stripping_pages/temp/stripping21/dimuon/success.txt
    jobid: 10
    reason: Missing output files: ../../release/stripping_pages/temp/stripping21/dimuon/success.txt
    wildcards: version=stripping21, stream=dimuon
    resources: tmpdir=/var/folders/45/mg69sv5j77930c4g6fztkg5w0000gn/T

[Mon Oct 30 16:39:56 2023]
Finished job 10.
23 of 85 steps (27%) done
Select jobs to execute...

[Mon Oct 30 16:39:56 2023]
rule clean_stripping_pages:
    input: /Users/mindaugassarpis/Work/StrippingPages/stripping21/charmcompleteevent, single_clean_stripping_page.py
    output: ../../release/stripping_pages/processed/stripping21/charmcompleteevent, ../../release/stripping_pages/temp/stripping21/charmcompleteevent, ../../release/stripping_pages/temp/stripping21/charmcompleteevent/success.txt
    jobid: 8
    reason: Missing output files: ../../release/stripping_pages/temp/stripping21/charmcompleteevent/success.txt
    wildcards: version=stripping21, stream=charmcompleteevent
    resources: tmpdir=/var/folders/45/mg69sv5j77930c4g6fztkg5w0000gn/T

[Mon Oct 30 16:39:58 2023]
Finished job 54.
24 of 85 steps (28%) done
Select jobs to execute...

[Mon Oct 30 16:39:58 2023]
rule clean_stripping_pages:
    input: /Users/mindaugassarpis/Work/StrippingPages/stripping21r1/charmcompleteevent, single_clean_stripping_page.py
    output: ../../release/stripping_pages/processed/stripping21r1/charmcompleteevent, ../../release/stripping_pages/temp/stripping21r1/charmcompleteevent, ../../release/stripping_pages/temp/stripping21r1/charmcompleteevent/success.txt
    jobid: 50
    reason: Missing output files: ../../release/stripping_pages/temp/stripping21r1/charmcompleteevent/success.txt
    wildcards: version=stripping21r1, stream=charmcompleteevent
    resources: tmpdir=/var/folders/45/mg69sv5j77930c4g6fztkg5w0000gn/T

[Mon Oct 30 16:40:21 2023]
Finished job 8.
25 of 85 steps (29%) done
Select jobs to execute...

[Mon Oct 30 16:40:21 2023]
rule clean_stripping_pages:
    input: /Users/mindaugassarpis/Work/StrippingPages/stripping21r1p2/dimuon, single_clean_stripping_page.py
    output: ../../release/stripping_pages/processed/stripping21r1p2/dimuon, ../../release/stripping_pages/temp/stripping21r1p2/dimuon, ../../release/stripping_pages/temp/stripping21r1p2/dimuon/success.txt
    jobid: 80
    reason: Missing output files: ../../release/stripping_pages/temp/stripping21r1p2/dimuon/success.txt
    wildcards: version=stripping21r1p2, stream=dimuon
    resources: tmpdir=/var/folders/45/mg69sv5j77930c4g6fztkg5w0000gn/T

[Mon Oct 30 16:40:22 2023]
Finished job 50.
26 of 85 steps (31%) done
Select jobs to execute...

[Mon Oct 30 16:40:22 2023]
rule clean_stripping_pages:
    input: /Users/mindaugassarpis/Work/StrippingPages/stripping21r0p2/dimuon, single_clean_stripping_page.py
    output: ../../release/stripping_pages/processed/stripping21r0p2/dimuon, ../../release/stripping_pages/temp/stripping21r0p2/dimuon, ../../release/stripping_pages/temp/stripping21r0p2/dimuon/success.txt
    jobid: 38
    reason: Missing output files: ../../release/stripping_pages/temp/stripping21r0p2/dimuon/success.txt
    wildcards: version=stripping21r0p2, stream=dimuon
    resources: tmpdir=/var/folders/45/mg69sv5j77930c4g6fztkg5w0000gn/T

[Mon Oct 30 16:40:36 2023]
Finished job 80.
27 of 85 steps (32%) done
Select jobs to execute...

[Mon Oct 30 16:40:36 2023]
rule clean_stripping_pages:
    input: /Users/mindaugassarpis/Work/StrippingPages/stripping21r0p2/charmcompleteevent, single_clean_stripping_page.py
    output: ../../release/stripping_pages/processed/stripping21r0p2/charmcompleteevent, ../../release/stripping_pages/temp/stripping21r0p2/charmcompleteevent, ../../release/stripping_pages/temp/stripping21r0p2/charmcompleteevent/success.txt
    jobid: 36
    reason: Missing output files: ../../release/stripping_pages/temp/stripping21r0p2/charmcompleteevent/success.txt
    wildcards: version=stripping21r0p2, stream=charmcompleteevent
    resources: tmpdir=/var/folders/45/mg69sv5j77930c4g6fztkg5w0000gn/T

[Mon Oct 30 16:40:38 2023]
Finished job 38.
28 of 85 steps (33%) done
Select jobs to execute...

[Mon Oct 30 16:40:38 2023]
rule clean_stripping_pages:
    input: /Users/mindaugassarpis/Work/StrippingPages/stripping21r1p1/bhadroncompleteevent, single_clean_stripping_page.py
    output: ../../release/stripping_pages/processed/stripping21r1p1/bhadroncompleteevent, ../../release/stripping_pages/temp/stripping21r1p1/bhadroncompleteevent, ../../release/stripping_pages/temp/stripping21r1p1/bhadroncompleteevent/success.txt
    jobid: 60
    reason: Missing output files: ../../release/stripping_pages/temp/stripping21r1p1/bhadroncompleteevent/success.txt
    wildcards: version=stripping21r1p1, stream=bhadroncompleteevent
    resources: tmpdir=/var/folders/45/mg69sv5j77930c4g6fztkg5w0000gn/T

[Mon Oct 30 16:40:52 2023]
Finished job 36.
29 of 85 steps (34%) done
Select jobs to execute...

[Mon Oct 30 16:40:52 2023]
rule clean_stripping_pages:
    input: /Users/mindaugassarpis/Work/StrippingPages/stripping21r0p1/bhadroncompleteevent, single_clean_stripping_page.py
    output: ../../release/stripping_pages/processed/stripping21r0p1/bhadroncompleteevent, ../../release/stripping_pages/temp/stripping21r0p1/bhadroncompleteevent, ../../release/stripping_pages/temp/stripping21r0p1/bhadroncompleteevent/success.txt
    jobid: 18
    reason: Missing output files: ../../release/stripping_pages/temp/stripping21r0p1/bhadroncompleteevent/success.txt
    wildcards: version=stripping21r0p1, stream=bhadroncompleteevent
    resources: tmpdir=/var/folders/45/mg69sv5j77930c4g6fztkg5w0000gn/T

[Mon Oct 30 16:40:52 2023]
Finished job 60.
30 of 85 steps (35%) done
Select jobs to execute...

[Mon Oct 30 16:40:52 2023]
rule clean_stripping_pages:
    input: /Users/mindaugassarpis/Work/StrippingPages/stripping21r1p1/dimuon, single_clean_stripping_page.py
    output: ../../release/stripping_pages/processed/stripping21r1p1/dimuon, ../../release/stripping_pages/temp/stripping21r1p1/dimuon, ../../release/stripping_pages/temp/stripping21r1p1/dimuon/success.txt
    jobid: 66
    reason: Missing output files: ../../release/stripping_pages/temp/stripping21r1p1/dimuon/success.txt
    wildcards: version=stripping21r1p1, stream=dimuon
    resources: tmpdir=/var/folders/45/mg69sv5j77930c4g6fztkg5w0000gn/T

[Mon Oct 30 16:40:59 2023]
Finished job 66.
31 of 85 steps (36%) done
Select jobs to execute...

[Mon Oct 30 16:40:59 2023]
rule clean_stripping_pages:
    input: /Users/mindaugassarpis/Work/StrippingPages/stripping21r0p1/dimuon, single_clean_stripping_page.py
    output: ../../release/stripping_pages/processed/stripping21r0p1/dimuon, ../../release/stripping_pages/temp/stripping21r0p1/dimuon, ../../release/stripping_pages/temp/stripping21r0p1/dimuon/success.txt
    jobid: 24
    reason: Missing output files: ../../release/stripping_pages/temp/stripping21r0p1/dimuon/success.txt
    wildcards: version=stripping21r0p1, stream=dimuon
    resources: tmpdir=/var/folders/45/mg69sv5j77930c4g6fztkg5w0000gn/T

[Mon Oct 30 16:41:01 2023]
Finished job 18.
32 of 85 steps (38%) done
Select jobs to execute...

[Mon Oct 30 16:41:01 2023]
rule clean_stripping_pages:
    input: /Users/mindaugassarpis/Work/StrippingPages/stripping21r1p1/charmcompleteevent, single_clean_stripping_page.py
    output: ../../release/stripping_pages/processed/stripping21r1p1/charmcompleteevent, ../../release/stripping_pages/temp/stripping21r1p1/charmcompleteevent, ../../release/stripping_pages/temp/stripping21r1p1/charmcompleteevent/success.txt
    jobid: 64
    reason: Missing output files: ../../release/stripping_pages/temp/stripping21r1p1/charmcompleteevent/success.txt
    wildcards: version=stripping21r1p1, stream=charmcompleteevent
    resources: tmpdir=/var/folders/45/mg69sv5j77930c4g6fztkg5w0000gn/T

[Mon Oct 30 16:41:06 2023]
Finished job 64.
33 of 85 steps (39%) done
Select jobs to execute...

[Mon Oct 30 16:41:06 2023]
rule clean_stripping_pages:
    input: /Users/mindaugassarpis/Work/StrippingPages/stripping21r0p1/charmcompleteevent, single_clean_stripping_page.py
    output: ../../release/stripping_pages/processed/stripping21r0p1/charmcompleteevent, ../../release/stripping_pages/temp/stripping21r0p1/charmcompleteevent, ../../release/stripping_pages/temp/stripping21r0p1/charmcompleteevent/success.txt
    jobid: 22
    reason: Missing output files: ../../release/stripping_pages/temp/stripping21r0p1/charmcompleteevent/success.txt
    wildcards: version=stripping21r0p1, stream=charmcompleteevent
    resources: tmpdir=/var/folders/45/mg69sv5j77930c4g6fztkg5w0000gn/T

[Mon Oct 30 16:41:07 2023]
Finished job 24.
34 of 85 steps (40%) done
Select jobs to execute...

[Mon Oct 30 16:41:07 2023]
rule clean_stripping_pages:
    input: /Users/mindaugassarpis/Work/StrippingPages/stripping21r1p2/charmcompleteevent, single_clean_stripping_page.py
    output: ../../release/stripping_pages/processed/stripping21r1p2/charmcompleteevent, ../../release/stripping_pages/temp/stripping21r1p2/charmcompleteevent, ../../release/stripping_pages/temp/stripping21r1p2/charmcompleteevent/success.txt
    jobid: 78
    reason: Missing output files: ../../release/stripping_pages/temp/stripping21r1p2/charmcompleteevent/success.txt
    wildcards: version=stripping21r1p2, stream=charmcompleteevent
    resources: tmpdir=/var/folders/45/mg69sv5j77930c4g6fztkg5w0000gn/T

[Mon Oct 30 16:41:11 2023]
Finished job 22.
35 of 85 steps (41%) done
Select jobs to execute...

[Mon Oct 30 16:41:11 2023]
rule create_json_files:
    input: create_json_files.py, ../../release/stripping_pages/temp/stripping21r0p2/commonparticles/success.txt
    output: ../../release/stripping_pages/temp/json_success_stripping21r0p2_commonparticles.txt
    log: ../../release/stripping_pages/temp/logs/json_stripping21r0p2_commonparticles.log
    jobid: 41
    reason: Missing output files: ../../release/stripping_pages/temp/json_success_stripping21r0p2_commonparticles.txt; Input files updated by another job: ../../release/stripping_pages/temp/stripping21r0p2/commonparticles/success.txt
    wildcards: version=stripping21r0p2, stream=commonparticles
    resources: tmpdir=/var/folders/45/mg69sv5j77930c4g6fztkg5w0000gn/T

[Mon Oct 30 16:41:11 2023]
Error in rule create_json_files:
    jobid: 41
    input: create_json_files.py, ../../release/stripping_pages/temp/stripping21r0p2/commonparticles/success.txt
    output: ../../release/stripping_pages/temp/json_success_stripping21r0p2_commonparticles.txt
    log: ../../release/stripping_pages/temp/logs/json_stripping21r0p2_commonparticles.log (check log file(s) for error details)
    shell:
        
        python3 create_json_files.py                     --input_path ../../release/stripping_pages/processed/            --version stripping21r0p2              --stream commonparticles &> ../../release/stripping_pages/temp/logs/json_stripping21r0p2_commonparticles.log         && touch ../../release/stripping_pages/temp/json_success_stripping21r0p2_commonparticles.txt
        
        (one of the commands exited with non-zero exit code; note that snakemake uses bash strict mode!)

[Mon Oct 30 16:41:11 2023]
Finished job 78.
36 of 85 steps (42%) done
[Mon Oct 30 16:45:03 2023]
Finished job 44.
37 of 85 steps (44%) done
[Mon Oct 30 16:45:04 2023]
Finished job 2.
38 of 85 steps (45%) done
[Mon Oct 30 16:48:48 2023]
Finished job 58.
39 of 85 steps (46%) done
[Mon Oct 30 16:48:51 2023]
Finished job 16.
40 of 85 steps (47%) done
[Mon Oct 30 16:50:23 2023]
Finished job 72.
41 of 85 steps (48%) done
[Mon Oct 30 16:50:30 2023]
Finished job 30.
42 of 85 steps (49%) done
Shutting down, this might take some time.
Exiting because a job execution failed. Look above for error message
Complete log: .snakemake/log/2023-10-30T163124.421445.snakemake.log
