Building DAG of jobs...
Using shell: /bin/bash
Provided cores: 8
Rules claiming more threads will be scaled down.
Job stats:
job                   count
------------------  -------
list_raw_stripping        6
prepare_stripping         1
total                     7

Select jobs to execute...

[Wed Oct  4 22:03:39 2023]
rule list_raw_stripping:
    output: /Users/mindaugassarpis/Work/OpenData/release/stripping_pages/raw/lists/lines_list_stripping21_semileptonic.txt
    jobid: 1
    reason: Code has changed since last execution
    wildcards: version=stripping21, stream=semileptonic
    resources: tmpdir=/var/folders/45/mg69sv5j77930c4g6fztkg5w0000gn/T


[Wed Oct  4 22:03:39 2023]
rule list_raw_stripping:
    output: /Users/mindaugassarpis/Work/OpenData/release/stripping_pages/raw/lists/lines_list_stripping21r0p1_commonparticles.txt
    jobid: 4
    reason: Code has changed since last execution
    wildcards: version=stripping21r0p1, stream=commonparticles
    resources: tmpdir=/var/folders/45/mg69sv5j77930c4g6fztkg5w0000gn/T


[Wed Oct  4 22:03:39 2023]
rule list_raw_stripping:
    output: /Users/mindaugassarpis/Work/OpenData/release/stripping_pages/raw/lists/lines_list_stripping21r0p2_commonparticles.txt
    jobid: 6
    reason: Code has changed since last execution
    wildcards: version=stripping21r0p2, stream=commonparticles
    resources: tmpdir=/var/folders/45/mg69sv5j77930c4g6fztkg5w0000gn/T


[Wed Oct  4 22:03:39 2023]
rule list_raw_stripping:
    output: /Users/mindaugassarpis/Work/OpenData/release/stripping_pages/raw/lists/lines_list_stripping21_commonparticles.txt
    jobid: 2
    reason: Code has changed since last execution
    wildcards: version=stripping21, stream=commonparticles
    resources: tmpdir=/var/folders/45/mg69sv5j77930c4g6fztkg5w0000gn/T


[Wed Oct  4 22:03:39 2023]
rule list_raw_stripping:
    output: /Users/mindaugassarpis/Work/OpenData/release/stripping_pages/raw/lists/lines_list_stripping21r0p1_semileptonic.txt
    jobid: 3
    reason: Code has changed since last execution
    wildcards: version=stripping21r0p1, stream=semileptonic
    resources: tmpdir=/var/folders/45/mg69sv5j77930c4g6fztkg5w0000gn/T


[Wed Oct  4 22:03:39 2023]
rule list_raw_stripping:
    output: /Users/mindaugassarpis/Work/OpenData/release/stripping_pages/raw/lists/lines_list_stripping21r0p2_semileptonic.txt
    jobid: 5
    reason: Code has changed since last execution
    wildcards: version=stripping21r0p2, stream=semileptonic
    resources: tmpdir=/var/folders/45/mg69sv5j77930c4g6fztkg5w0000gn/T

[Wed Oct  4 22:03:40 2023]
Finished job 1.
1 of 7 steps (14%) done
[Wed Oct  4 22:03:40 2023]
Finished job 6.
2 of 7 steps (29%) done
[Wed Oct  4 22:03:40 2023]
Finished job 3.
3 of 7 steps (43%) done
[Wed Oct  4 22:03:40 2023]
Finished job 5.
4 of 7 steps (57%) done
[Wed Oct  4 22:03:40 2023]
Finished job 4.
5 of 7 steps (71%) done
[Wed Oct  4 22:03:40 2023]
Finished job 2.
6 of 7 steps (86%) done
Select jobs to execute...

[Wed Oct  4 22:03:40 2023]
localrule prepare_stripping:
    input: /Users/mindaugassarpis/Work/OpenData/release/stripping_pages/raw/lists/lines_list_stripping21_semileptonic.txt, /Users/mindaugassarpis/Work/OpenData/release/stripping_pages/raw/lists/lines_list_stripping21_commonparticles.txt, /Users/mindaugassarpis/Work/OpenData/release/stripping_pages/raw/lists/lines_list_stripping21r0p1_semileptonic.txt, /Users/mindaugassarpis/Work/OpenData/release/stripping_pages/raw/lists/lines_list_stripping21r0p1_commonparticles.txt, /Users/mindaugassarpis/Work/OpenData/release/stripping_pages/raw/lists/lines_list_stripping21r0p2_semileptonic.txt, /Users/mindaugassarpis/Work/OpenData/release/stripping_pages/raw/lists/lines_list_stripping21r0p2_commonparticles.txt
    jobid: 0
    reason: Input files updated by another job: /Users/mindaugassarpis/Work/OpenData/release/stripping_pages/raw/lists/lines_list_stripping21r0p1_commonparticles.txt, /Users/mindaugassarpis/Work/OpenData/release/stripping_pages/raw/lists/lines_list_stripping21_semileptonic.txt, /Users/mindaugassarpis/Work/OpenData/release/stripping_pages/raw/lists/lines_list_stripping21r0p1_semileptonic.txt, /Users/mindaugassarpis/Work/OpenData/release/stripping_pages/raw/lists/lines_list_stripping21r0p2_semileptonic.txt, /Users/mindaugassarpis/Work/OpenData/release/stripping_pages/raw/lists/lines_list_stripping21r0p2_commonparticles.txt, /Users/mindaugassarpis/Work/OpenData/release/stripping_pages/raw/lists/lines_list_stripping21_commonparticles.txt
    resources: tmpdir=/var/folders/45/mg69sv5j77930c4g6fztkg5w0000gn/T

[Wed Oct  4 22:03:40 2023]
Finished job 0.
7 of 7 steps (100%) done
Complete log: .snakemake/log/2023-10-04T220339.082977.snakemake.log
