Building DAG of jobs...
Using shell: /bin/bash
Provided cores: 8
Rules claiming more threads will be scaled down.
Job stats:
job                       count
----------------------  -------
create_temp_line_files        3
prepare_stripping             1
total                         4

Select jobs to execute...

[Fri Oct 13 15:23:41 2023]
rule create_temp_line_files:
    input: create_temp_line_files.py, /Users/mindaugassarpis/Work/OpenData/release/stripping_pages/temp/lists/line_list_stripping21_leptonic.txt
    output: /Users/mindaugassarpis/Work/OpenData/release/stripping_pages/temp/listed/stripping21/leptonic
    jobid: 4
    reason: Missing output files: /Users/mindaugassarpis/Work/OpenData/release/stripping_pages/temp/listed/stripping21/leptonic
    wildcards: version=stripping21, stream=leptonic
    resources: tmpdir=/var/folders/45/mg69sv5j77930c4g6fztkg5w0000gn/T


[Fri Oct 13 15:23:41 2023]
rule create_temp_line_files:
    input: create_temp_line_files.py, /Users/mindaugassarpis/Work/OpenData/release/stripping_pages/temp/lists/line_list_stripping21_radiative.txt
    output: /Users/mindaugassarpis/Work/OpenData/release/stripping_pages/temp/listed/stripping21/radiative
    jobid: 5
    reason: Missing output files: /Users/mindaugassarpis/Work/OpenData/release/stripping_pages/temp/listed/stripping21/radiative
    wildcards: version=stripping21, stream=radiative
    resources: tmpdir=/var/folders/45/mg69sv5j77930c4g6fztkg5w0000gn/T


[Fri Oct 13 15:23:41 2023]
rule create_temp_line_files:
    input: create_temp_line_files.py, /Users/mindaugassarpis/Work/OpenData/release/stripping_pages/temp/lists/line_list_stripping21_commonparticles.txt
    output: /Users/mindaugassarpis/Work/OpenData/release/stripping_pages/temp/listed/stripping21/commonparticles
    jobid: 6
    reason: Missing output files: /Users/mindaugassarpis/Work/OpenData/release/stripping_pages/temp/listed/stripping21/commonparticles
    wildcards: version=stripping21, stream=commonparticles
    resources: tmpdir=/var/folders/45/mg69sv5j77930c4g6fztkg5w0000gn/T

Waiting at most 5 seconds for missing files.
MissingOutputException in rule create_temp_line_files in file /Users/mindaugassarpis/Work/OpenData/scripts/stripping_pages/Snakefile, line 56:
Job 5  completed successfully, but some output files are missing. Missing files after 5 seconds. This might be due to filesystem latency. If that is the case, consider to increase the wait time with --latency-wait:
/Users/mindaugassarpis/Work/OpenData/release/stripping_pages/temp/listed/stripping21/radiative
Waiting at most 5 seconds for missing files.
MissingOutputException in rule create_temp_line_files in file /Users/mindaugassarpis/Work/OpenData/scripts/stripping_pages/Snakefile, line 56:
Job 6  completed successfully, but some output files are missing. Missing files after 5 seconds. This might be due to filesystem latency. If that is the case, consider to increase the wait time with --latency-wait:
/Users/mindaugassarpis/Work/OpenData/release/stripping_pages/temp/listed/stripping21/commonparticles
Waiting at most 5 seconds for missing files.
MissingOutputException in rule create_temp_line_files in file /Users/mindaugassarpis/Work/OpenData/scripts/stripping_pages/Snakefile, line 56:
Job 4  completed successfully, but some output files are missing. Missing files after 5 seconds. This might be due to filesystem latency. If that is the case, consider to increase the wait time with --latency-wait:
/Users/mindaugassarpis/Work/OpenData/release/stripping_pages/temp/listed/stripping21/leptonic
Shutting down, this might take some time.
Exiting because a job execution failed. Look above for error message
Complete log: .snakemake/log/2023-10-13T152340.946047.snakemake.log
