Building DAG of jobs...
Using shell: /bin/bash
Provided cores: 8
Rules claiming more threads will be scaled down.
Job stats:
job                  count
-----------------  -------
clean_index              1
prepare_stripping        1
total                    2

Select jobs to execute...

[Mon Oct 16 17:23:28 2023]
rule clean_index:
    input: clean_index_pages.py, ../release/stripping_pages/temp/stripping21/stripped_index.html
    output: ../release/stripping_pages/temp/stripping21/clean_index.html
    jobid: 2
    reason: Missing output files: ../release/stripping_pages/temp/stripping21/clean_index.html
    wildcards: version=stripping21
    resources: tmpdir=/var/folders/45/mg69sv5j77930c4g6fztkg5w0000gn/T

[Mon Oct 16 17:23:29 2023]
Finished job 2.
1 of 2 steps (50%) done
Select jobs to execute...

[Mon Oct 16 17:23:29 2023]
localrule prepare_stripping:
    input: ../release/stripping_pages/temp/stripping21/stripped_index.html, ../release/stripping_pages/temp/stripping21/clean_index.html
    jobid: 0
    reason: Input files updated by another job: ../release/stripping_pages/temp/stripping21/clean_index.html
    resources: tmpdir=/var/folders/45/mg69sv5j77930c4g6fztkg5w0000gn/T

[Mon Oct 16 17:23:29 2023]
Finished job 0.
2 of 2 steps (100%) done
Complete log: .snakemake/log/2023-10-16T172328.404976.snakemake.log
