Building DAG of jobs...
Using shell: /bin/bash
Provided cores: 8
Rules claiming more threads will be scaled down.
Job stats:
job                   count
------------------  -------
list_raw_stripping        9
prepare_stripping         1
total                    10

Select jobs to execute...

[Wed Oct  4 21:41:08 2023]
rule list_raw_stripping:
    output: /Users/mindaugassarpis/Work/OpenData/release/stripping_pages/raw/lists/lines_list_stripping21r0p2_commonparticles.txt
    jobid: 9
    reason: Missing output files: /Users/mindaugassarpis/Work/OpenData/release/stripping_pages/raw/lists/lines_list_stripping21r0p2_commonparticles.txt
    wildcards: version=stripping21r0p2, stream=commonparticles
    resources: tmpdir=/var/folders/45/mg69sv5j77930c4g6fztkg5w0000gn/T


[Wed Oct  4 21:41:08 2023]
rule list_raw_stripping:
    output: /Users/mindaugassarpis/Work/OpenData/release/stripping_pages/raw/lists/lines_list_stripping21_radiative.txt
    jobid: 1
    reason: Missing output files: /Users/mindaugassarpis/Work/OpenData/release/stripping_pages/raw/lists/lines_list_stripping21_radiative.txt
    wildcards: version=stripping21, stream=radiative
    resources: tmpdir=/var/folders/45/mg69sv5j77930c4g6fztkg5w0000gn/T


[Wed Oct  4 21:41:08 2023]
rule list_raw_stripping:
    output: /Users/mindaugassarpis/Work/OpenData/release/stripping_pages/raw/lists/lines_list_stripping21r0p1_radiative.txt
    jobid: 4
    reason: Missing output files: /Users/mindaugassarpis/Work/OpenData/release/stripping_pages/raw/lists/lines_list_stripping21r0p1_radiative.txt
    wildcards: version=stripping21r0p1, stream=radiative
    resources: tmpdir=/var/folders/45/mg69sv5j77930c4g6fztkg5w0000gn/T


[Wed Oct  4 21:41:08 2023]
rule list_raw_stripping:
    output: /Users/mindaugassarpis/Work/OpenData/release/stripping_pages/raw/lists/lines_list_stripping21r0p1_commonparticles.txt
    jobid: 6
    reason: Missing output files: /Users/mindaugassarpis/Work/OpenData/release/stripping_pages/raw/lists/lines_list_stripping21r0p1_commonparticles.txt
    wildcards: version=stripping21r0p1, stream=commonparticles
    resources: tmpdir=/var/folders/45/mg69sv5j77930c4g6fztkg5w0000gn/T


[Wed Oct  4 21:41:08 2023]
rule list_raw_stripping:
    output: /Users/mindaugassarpis/Work/OpenData/release/stripping_pages/raw/lists/lines_list_stripping21r0p2_semileptonic.txt
    jobid: 8
    reason: Missing output files: /Users/mindaugassarpis/Work/OpenData/release/stripping_pages/raw/lists/lines_list_stripping21r0p2_semileptonic.txt
    wildcards: version=stripping21r0p2, stream=semileptonic
    resources: tmpdir=/var/folders/45/mg69sv5j77930c4g6fztkg5w0000gn/T


[Wed Oct  4 21:41:08 2023]
rule list_raw_stripping:
    output: /Users/mindaugassarpis/Work/OpenData/release/stripping_pages/raw/lists/lines_list_stripping21_semileptonic.txt
    jobid: 2
    reason: Missing output files: /Users/mindaugassarpis/Work/OpenData/release/stripping_pages/raw/lists/lines_list_stripping21_semileptonic.txt
    wildcards: version=stripping21, stream=semileptonic
    resources: tmpdir=/var/folders/45/mg69sv5j77930c4g6fztkg5w0000gn/T

[Wed Oct  4 21:41:08 2023]
Error in rule list_raw_stripping:
    jobid: 4
    output: /Users/mindaugassarpis/Work/OpenData/release/stripping_pages/raw/lists/lines_list_stripping21r0p1_radiative.txt
    shell:
        
        if [[ "stripping21r0p1" == "stripping21r0p1" || "stripping21r0p1" == "stripping21r0p2" ]] && [[ "radiative" == "radiative" ]]; then
            echo "Version stripping21r0p1 does not support stream radiative" >&2
            exit 1
        fi
        xrdfs root://eosuser.cern.ch ls /eos/project/l/lhcbwebsites/www/projects/stripping/config/stripping21r0p1/radiative | grep -v '\.sys\.v#' > /Users/mindaugassarpis/Work/OpenData/release/stripping_pages/raw/lists/lines_list_stripping21r0p1_radiative.txt
        
        (one of the commands exited with non-zero exit code; note that snakemake uses bash strict mode!)


[Wed Oct  4 21:41:08 2023]
rule list_raw_stripping:
    output: /Users/mindaugassarpis/Work/OpenData/release/stripping_pages/raw/lists/lines_list_stripping21_commonparticles.txt
    jobid: 3
    reason: Missing output files: /Users/mindaugassarpis/Work/OpenData/release/stripping_pages/raw/lists/lines_list_stripping21_commonparticles.txt
    wildcards: version=stripping21, stream=commonparticles
    resources: tmpdir=/var/folders/45/mg69sv5j77930c4g6fztkg5w0000gn/T


[Wed Oct  4 21:41:08 2023]
rule list_raw_stripping:
    output: /Users/mindaugassarpis/Work/OpenData/release/stripping_pages/raw/lists/lines_list_stripping21r0p1_semileptonic.txt
    jobid: 5
    reason: Missing output files: /Users/mindaugassarpis/Work/OpenData/release/stripping_pages/raw/lists/lines_list_stripping21r0p1_semileptonic.txt
    wildcards: version=stripping21r0p1, stream=semileptonic
    resources: tmpdir=/var/folders/45/mg69sv5j77930c4g6fztkg5w0000gn/T

[Wed Oct  4 21:41:09 2023]
Finished job 1.
1 of 10 steps (10%) done
[Wed Oct  4 21:41:09 2023]
Finished job 8.
2 of 10 steps (20%) done
[Wed Oct  4 21:41:09 2023]
Finished job 2.
3 of 10 steps (30%) done
[Wed Oct  4 21:41:09 2023]
Finished job 9.
4 of 10 steps (40%) done
[Wed Oct  4 21:41:09 2023]
Finished job 5.
5 of 10 steps (50%) done
[Wed Oct  4 21:41:09 2023]
Finished job 6.
6 of 10 steps (60%) done
[Wed Oct  4 21:41:09 2023]
Finished job 3.
7 of 10 steps (70%) done
Shutting down, this might take some time.
Exiting because a job execution failed. Look above for error message
Complete log: .snakemake/log/2023-10-04T214108.147640.snakemake.log
