Building DAG of jobs...
Using shell: /bin/bash
Provided cores: 8
Rules claiming more threads will be scaled down.
Job stats:
job                       count
----------------------  -------
clean_index                   1
convert_index                 1
download_raw_stripping        1
prepare_stripping             1
strip_index                   1
total                         5

Select jobs to execute...

[Fri Sep 29 12:30:42 2023]
rule download_raw_stripping:
    input: raw_stripping_downloader.py
    output: /Users/mindaugassarpis/Work/OpenData/release/stripping_pages/raw/stripping21r0p1/index.html
    jobid: 2
    reason: Missing output files: /Users/mindaugassarpis/Work/OpenData/release/stripping_pages/raw/stripping21r0p1/index.html
    wildcards: version=stripping21r0p1
    resources: tmpdir=/var/folders/45/mg69sv5j77930c4g6fztkg5w0000gn/T

[Fri Sep 29 12:34:55 2023]
Finished job 2.
1 of 5 steps (20%) done
Select jobs to execute...

[Fri Sep 29 12:34:55 2023]
rule strip_index:
    input: strip_index_pages.py, /Users/mindaugassarpis/Work/OpenData/release/stripping_pages/raw/stripping21r0p1/index.html
    output: /Users/mindaugassarpis/Work/OpenData/release/stripping_pages/temp/stripping21r0p1/index.html
    jobid: 5
    reason: Missing output files: /Users/mindaugassarpis/Work/OpenData/release/stripping_pages/temp/stripping21r0p1/index.html; Input files updated by another job: /Users/mindaugassarpis/Work/OpenData/release/stripping_pages/raw/stripping21r0p1/index.html
    wildcards: version=stripping21r0p1
    resources: tmpdir=/var/folders/45/mg69sv5j77930c4g6fztkg5w0000gn/T

[Fri Sep 29 12:34:55 2023]
Finished job 5.
2 of 5 steps (40%) done
Select jobs to execute...

[Fri Sep 29 12:34:55 2023]
rule clean_index:
    input: clean_index_pages.py, /Users/mindaugassarpis/Work/OpenData/release/stripping_pages/temp/stripping21r0p1/index.html
    output: /Users/mindaugassarpis/Work/OpenData/release/stripping_pages/temp/stripping21r0p1/index_clean.html
    jobid: 8
    reason: Missing output files: /Users/mindaugassarpis/Work/OpenData/release/stripping_pages/temp/stripping21r0p1/index_clean.html; Input files updated by another job: /Users/mindaugassarpis/Work/OpenData/release/stripping_pages/temp/stripping21r0p1/index.html
    wildcards: version=stripping21r0p1
    resources: tmpdir=/var/folders/45/mg69sv5j77930c4g6fztkg5w0000gn/T

[Fri Sep 29 12:34:56 2023]
Finished job 8.
3 of 5 steps (60%) done
Select jobs to execute...

[Fri Sep 29 12:34:56 2023]
rule convert_index:
    input: /Users/mindaugassarpis/Work/OpenData/release/stripping_pages/temp/stripping21r0p1/index_clean.html
    output: /Users/mindaugassarpis/Work/OpenData/release/stripping_pages/processed/stripping21r0p1/stripping21r0p1-index.md
    jobid: 11
    reason: Missing output files: /Users/mindaugassarpis/Work/OpenData/release/stripping_pages/processed/stripping21r0p1/stripping21r0p1-index.md; Input files updated by another job: /Users/mindaugassarpis/Work/OpenData/release/stripping_pages/temp/stripping21r0p1/index_clean.html
    wildcards: version=stripping21r0p1
    resources: tmpdir=/var/folders/45/mg69sv5j77930c4g6fztkg5w0000gn/T

[Fri Sep 29 12:34:56 2023]
Finished job 11.
4 of 5 steps (80%) done
Select jobs to execute...

[Fri Sep 29 12:34:56 2023]
localrule prepare_stripping:
    input: /Users/mindaugassarpis/Work/OpenData/release/stripping_pages/raw/stripping21/index.html, /Users/mindaugassarpis/Work/OpenData/release/stripping_pages/raw/stripping21r0p1/index.html, /Users/mindaugassarpis/Work/OpenData/release/stripping_pages/raw/stripping21r1/index.html, /Users/mindaugassarpis/Work/OpenData/release/stripping_pages/temp/stripping21/index.html, /Users/mindaugassarpis/Work/OpenData/release/stripping_pages/temp/stripping21r0p1/index.html, /Users/mindaugassarpis/Work/OpenData/release/stripping_pages/temp/stripping21r1/index.html, /Users/mindaugassarpis/Work/OpenData/release/stripping_pages/temp/stripping21/index_clean.html, /Users/mindaugassarpis/Work/OpenData/release/stripping_pages/temp/stripping21r0p1/index_clean.html, /Users/mindaugassarpis/Work/OpenData/release/stripping_pages/temp/stripping21r1/index_clean.html, /Users/mindaugassarpis/Work/OpenData/release/stripping_pages/processed/stripping21/stripping21-index.md, /Users/mindaugassarpis/Work/OpenData/release/stripping_pages/processed/stripping21r0p1/stripping21r0p1-index.md, /Users/mindaugassarpis/Work/OpenData/release/stripping_pages/processed/stripping21r1/stripping21r1-index.md
    jobid: 0
    reason: Input files updated by another job: /Users/mindaugassarpis/Work/OpenData/release/stripping_pages/processed/stripping21r0p1/stripping21r0p1-index.md, /Users/mindaugassarpis/Work/OpenData/release/stripping_pages/temp/stripping21r0p1/index_clean.html, /Users/mindaugassarpis/Work/OpenData/release/stripping_pages/raw/stripping21r0p1/index.html, /Users/mindaugassarpis/Work/OpenData/release/stripping_pages/temp/stripping21r0p1/index.html
    resources: tmpdir=/var/folders/45/mg69sv5j77930c4g6fztkg5w0000gn/T

[Fri Sep 29 12:34:56 2023]
Finished job 0.
5 of 5 steps (100%) done
Complete log: .snakemake/log/2023-09-29T123042.332606.snakemake.log
