Building DAG of jobs...
Using shell: /bin/bash
Provided cores: 8
Rules claiming more threads will be scaled down.
Job stats:
job                   count
------------------  -------
list_raw_stripping       33
prepare_stripping         1
total                    34

Select jobs to execute...

[Wed Oct  4 22:06:44 2023]
rule list_raw_stripping:
    output: /Users/mindaugassarpis/Work/OpenData/release/stripping_pages/raw/lists/lines_list_stripping21r1p1_radiative.txt
    jobid: 43
    reason: Missing output files: /Users/mindaugassarpis/Work/OpenData/release/stripping_pages/raw/lists/lines_list_stripping21r1p1_radiative.txt
    wildcards: version=stripping21r1p1, stream=radiative
    resources: tmpdir=/var/folders/45/mg69sv5j77930c4g6fztkg5w0000gn/T


[Wed Oct  4 22:06:44 2023]
rule list_raw_stripping:
    output: /Users/mindaugassarpis/Work/OpenData/release/stripping_pages/raw/lists/lines_list_stripping21r0p1_radiative.txt
    jobid: 13
    reason: Missing output files: /Users/mindaugassarpis/Work/OpenData/release/stripping_pages/raw/lists/lines_list_stripping21r0p1_radiative.txt
    wildcards: version=stripping21r0p1, stream=radiative
    resources: tmpdir=/var/folders/45/mg69sv5j77930c4g6fztkg5w0000gn/T


[Wed Oct  4 22:06:44 2023]
rule list_raw_stripping:
    output: /Users/mindaugassarpis/Work/OpenData/release/stripping_pages/raw/lists/lines_list_stripping21r0p1_bhadron.txt
    jobid: 14
    reason: Missing output files: /Users/mindaugassarpis/Work/OpenData/release/stripping_pages/raw/lists/lines_list_stripping21r0p1_bhadron.txt
    wildcards: version=stripping21r0p1, stream=bhadron
    resources: tmpdir=/var/folders/45/mg69sv5j77930c4g6fztkg5w0000gn/T


[Wed Oct  4 22:06:44 2023]
rule list_raw_stripping:
    output: /Users/mindaugassarpis/Work/OpenData/release/stripping_pages/raw/lists/lines_list_stripping21r1p2_semileptonic.txt
    jobid: 59
    reason: Missing output files: /Users/mindaugassarpis/Work/OpenData/release/stripping_pages/raw/lists/lines_list_stripping21r1p2_semileptonic.txt
    wildcards: version=stripping21r1p2, stream=semileptonic
    resources: tmpdir=/var/folders/45/mg69sv5j77930c4g6fztkg5w0000gn/T


[Wed Oct  4 22:06:44 2023]
rule list_raw_stripping:
    output: /Users/mindaugassarpis/Work/OpenData/release/stripping_pages/raw/lists/lines_list_stripping21r1p2_leptonic.txt
    jobid: 52
    reason: Missing output files: /Users/mindaugassarpis/Work/OpenData/release/stripping_pages/raw/lists/lines_list_stripping21r1p2_leptonic.txt
    wildcards: version=stripping21r1p2, stream=leptonic
    resources: tmpdir=/var/folders/45/mg69sv5j77930c4g6fztkg5w0000gn/T


[Wed Oct  4 22:06:44 2023]
rule list_raw_stripping:
    output: /Users/mindaugassarpis/Work/OpenData/release/stripping_pages/raw/lists/lines_list_stripping21r1_charmcompleteevent.txt
    jobid: 37
    reason: Missing output files: /Users/mindaugassarpis/Work/OpenData/release/stripping_pages/raw/lists/lines_list_stripping21r1_charmcompleteevent.txt
    wildcards: version=stripping21r1, stream=charmcompleteevent
    resources: tmpdir=/var/folders/45/mg69sv5j77930c4g6fztkg5w0000gn/T


[Wed Oct  4 22:06:44 2023]
rule list_raw_stripping:
    output: /Users/mindaugassarpis/Work/OpenData/release/stripping_pages/raw/lists/lines_list_stripping21r0p2_leptonic.txt
    jobid: 22
    reason: Missing output files: /Users/mindaugassarpis/Work/OpenData/release/stripping_pages/raw/lists/lines_list_stripping21r0p2_leptonic.txt
    wildcards: version=stripping21r0p2, stream=leptonic
    resources: tmpdir=/var/folders/45/mg69sv5j77930c4g6fztkg5w0000gn/T


[Wed Oct  4 22:06:44 2023]
rule list_raw_stripping:
    output: /Users/mindaugassarpis/Work/OpenData/release/stripping_pages/raw/lists/lines_list_stripping21_charmcompleteevent.txt
    jobid: 7
    reason: Missing output files: /Users/mindaugassarpis/Work/OpenData/release/stripping_pages/raw/lists/lines_list_stripping21_charmcompleteevent.txt
    wildcards: version=stripping21, stream=charmcompleteevent
    resources: tmpdir=/var/folders/45/mg69sv5j77930c4g6fztkg5w0000gn/T

[Wed Oct  4 22:06:45 2023]
Error in rule list_raw_stripping:
    jobid: 43
    output: /Users/mindaugassarpis/Work/OpenData/release/stripping_pages/raw/lists/lines_list_stripping21r1p1_radiative.txt
    shell:
        
        xrdfs root://eosuser.cern.ch ls /eos/project/l/lhcbwebsites/www/projects/stripping/config/stripping21r1p1/radiative | grep -v '\.sys\.v#' > /Users/mindaugassarpis/Work/OpenData/release/stripping_pages/raw/lists/lines_list_stripping21r1p1_radiative.txt
        
        (one of the commands exited with non-zero exit code; note that snakemake uses bash strict mode!)

Removing output files of failed job list_raw_stripping since they might be corrupted:
/Users/mindaugassarpis/Work/OpenData/release/stripping_pages/raw/lists/lines_list_stripping21r1p1_radiative.txt
[Wed Oct  4 22:06:45 2023]
Error in rule list_raw_stripping:
    jobid: 13
    output: /Users/mindaugassarpis/Work/OpenData/release/stripping_pages/raw/lists/lines_list_stripping21r0p1_radiative.txt
    shell:
        
        xrdfs root://eosuser.cern.ch ls /eos/project/l/lhcbwebsites/www/projects/stripping/config/stripping21r0p1/radiative | grep -v '\.sys\.v#' > /Users/mindaugassarpis/Work/OpenData/release/stripping_pages/raw/lists/lines_list_stripping21r0p1_radiative.txt
        
        (one of the commands exited with non-zero exit code; note that snakemake uses bash strict mode!)

Removing output files of failed job list_raw_stripping since they might be corrupted:
/Users/mindaugassarpis/Work/OpenData/release/stripping_pages/raw/lists/lines_list_stripping21r0p1_radiative.txt
[Wed Oct  4 22:06:46 2023]
Finished job 37.
1 of 34 steps (3%) done
[Wed Oct  4 22:06:46 2023]
Finished job 7.
2 of 34 steps (6%) done
[Wed Oct  4 22:06:46 2023]
Finished job 59.
3 of 34 steps (9%) done
[Wed Oct  4 22:06:46 2023]
Finished job 22.
4 of 34 steps (12%) done
[Wed Oct  4 22:06:46 2023]
Finished job 52.
5 of 34 steps (15%) done
[Wed Oct  4 22:06:46 2023]
Finished job 14.
6 of 34 steps (18%) done
Shutting down, this might take some time.
Exiting because a job execution failed. Look above for error message
Complete log: .snakemake/log/2023-10-04T220644.642524.snakemake.log
